{"/Users/mveldridge/trend-backend/src/app.controller.ts": {"path":"/Users/mveldridge/trend-backend/src/app.controller.ts","statementMap":{"0":{"start":{"line":1,"column":0},"end":{"line":1,"column":61}},"1":{"start":{"line":2,"column":0},"end":{"line":2,"column":43}},"2":{"start":{"line":3,"column":0},"end":{"line":3,"column":50}},"3":{"start":{"line":9,"column":7},"end":{"line":53,"column":null}},"4":{"start":{"line":11,"column":21},"end":{"line":11,"column":33}},"5":{"start":{"line":12,"column":21},"end":{"line":12,"column":34}},"6":{"start":{"line":17,"column":4},"end":{"line":17,"column":38}},"7":{"start":{"line":22,"column":4},"end":{"line":26,"column":6}},"8":{"start":{"line":31,"column":37},"end":{"line":39,"column":6}},"9":{"start":{"line":41,"column":4},"end":{"line":41,"column":56}},"10":{"start":{"line":46,"column":31},"end":{"line":49,"column":6}},"11":{"start":{"line":51,"column":4},"end":{"line":51,"column":50}},"12":{"start":{"line":9,"column":13},"end":{"line":9,"column":26}},"13":{"start":{"line":16,"column":2},"end":{"line":18,"column":null}},"14":{"start":{"line":21,"column":2},"end":{"line":27,"column":null}},"15":{"start":{"line":30,"column":8},"end":{"line":42,"column":null}},"16":{"start":{"line":45,"column":8},"end":{"line":52,"column":null}},"17":{"start":{"line":9,"column":13},"end":{"line":53,"column":null}}},"fnMap":{"0":{"name":"(anonymous_4)","decl":{"start":{"line":10,"column":2},"end":{"line":10,"column":null}},"loc":{"start":{"line":12,"column":45},"end":{"line":13,"column":6}}},"1":{"name":"(anonymous_5)","decl":{"start":{"line":16,"column":2},"end":{"line":16,"column":10}},"loc":{"start":{"line":16,"column":10},"end":{"line":18,"column":3}}},"2":{"name":"(anonymous_6)","decl":{"start":{"line":21,"column":2},"end":{"line":21,"column":11}},"loc":{"start":{"line":21,"column":11},"end":{"line":27,"column":3}}},"3":{"name":"(anonymous_7)","decl":{"start":{"line":30,"column":2},"end":{"line":30,"column":7}},"loc":{"start":{"line":30,"column":38},"end":{"line":42,"column":3}}},"4":{"name":"(anonymous_8)","decl":{"start":{"line":45,"column":2},"end":{"line":45,"column":7}},"loc":{"start":{"line":45,"column":35},"end":{"line":52,"column":3}}}},"branchMap":{"0":{"loc":{"start":{"line":37,"column":16},"end":{"line":37,"column":38}},"type":"binary-expr","locations":[{"start":{"line":37,"column":16},"end":{"line":37,"column":29}},{"start":{"line":37,"column":33},"end":{"line":37,"column":38}}]},"1":{"loc":{"start":{"line":38,"column":16},"end":{"line":38,"column":38}},"type":"binary-expr","locations":[{"start":{"line":38,"column":16},"end":{"line":38,"column":29}},{"start":{"line":38,"column":33},"end":{"line":38,"column":38}}]}},"s":{"0":0,"1":0,"2":0,"3":0,"4":0,"5":0,"6":0,"7":0,"8":0,"9":0,"10":0,"11":0,"12":0,"13":0,"14":0,"15":0,"16":0,"17":0},"f":{"0":0,"1":0,"2":0,"3":0,"4":0},"b":{"0":[0,0],"1":[0,0]}}
,"/Users/mveldridge/trend-backend/src/app.service.ts": {"path":"/Users/mveldridge/trend-backend/src/app.service.ts","statementMap":{"0":{"start":{"line":1,"column":0},"end":{"line":1,"column":44}},"1":{"start":{"line":4,"column":7},"end":{"line":8,"column":null}},"2":{"start":{"line":6,"column":4},"end":{"line":6,"column":38}},"3":{"start":{"line":4,"column":13},"end":{"line":4,"column":23}},"4":{"start":{"line":4,"column":13},"end":{"line":8,"column":null}}},"fnMap":{"0":{"name":"(anonymous_1)","decl":{"start":{"line":5,"column":2},"end":{"line":5,"column":10}},"loc":{"start":{"line":5,"column":10},"end":{"line":7,"column":3}}}},"branchMap":{},"s":{"0":0,"1":0,"2":0,"3":0,"4":0},"f":{"0":0},"b":{}}
,"/Users/mveldridge/trend-backend/src/auth/auth.controller.ts": {"path":"/Users/mveldridge/trend-backend/src/auth/auth.controller.ts","statementMap":{"0":{"start":{"line":1,"column":0},"end":{"line":1,"column":null}},"1":{"start":{"line":10,"column":0},"end":{"line":10,"column":45}},"2":{"start":{"line":11,"column":0},"end":{"line":11,"column":55}},"3":{"start":{"line":12,"column":0},"end":{"line":12,"column":76}},"4":{"start":{"line":13,"column":0},"end":{"line":13,"column":62}},"5":{"start":{"line":16,"column":7},"end":{"line":53,"column":null}},"6":{"start":{"line":17,"column":31},"end":{"line":17,"column":44}},"7":{"start":{"line":21,"column":4},"end":{"line":21,"column":50}},"8":{"start":{"line":26,"column":4},"end":{"line":26,"column":44}},"9":{"start":{"line":33,"column":4},"end":{"line":33,"column":56}},"10":{"start":{"line":42,"column":4},"end":{"line":42,"column":77}},"11":{"start":{"line":51,"column":4},"end":{"line":51,"column":75}},"12":{"start":{"line":16,"column":13},"end":{"line":16,"column":27}},"13":{"start":{"line":20,"column":8},"end":{"line":22,"column":null}},"14":{"start":{"line":25,"column":8},"end":{"line":27,"column":null}},"15":{"start":{"line":32,"column":8},"end":{"line":34,"column":null}},"16":{"start":{"line":38,"column":8},"end":{"line":43,"column":null}},"17":{"start":{"line":47,"column":8},"end":{"line":52,"column":null}},"18":{"start":{"line":16,"column":13},"end":{"line":53,"column":null}}},"fnMap":{"0":{"name":"(anonymous_4)","decl":{"start":{"line":17,"column":2},"end":{"line":17,"column":31}},"loc":{"start":{"line":17,"column":55},"end":{"line":17,"column":59}}},"1":{"name":"(anonymous_5)","decl":{"start":{"line":20,"column":2},"end":{"line":20,"column":7}},"loc":{"start":{"line":20,"column":41},"end":{"line":22,"column":3}}},"2":{"name":"(anonymous_6)","decl":{"start":{"line":25,"column":2},"end":{"line":25,"column":7}},"loc":{"start":{"line":25,"column":35},"end":{"line":27,"column":3}}},"3":{"name":"(anonymous_7)","decl":{"start":{"line":32,"column":2},"end":{"line":32,"column":7}},"loc":{"start":{"line":32,"column":33},"end":{"line":34,"column":3}}},"4":{"name":"(anonymous_8)","decl":{"start":{"line":38,"column":2},"end":{"line":38,"column":7}},"loc":{"start":{"line":40,"column":50},"end":{"line":43,"column":3}}},"5":{"name":"(anonymous_9)","decl":{"start":{"line":47,"column":2},"end":{"line":47,"column":7}},"loc":{"start":{"line":49,"column":48},"end":{"line":52,"column":3}}}},"branchMap":{},"s":{"0":1,"1":1,"2":1,"3":1,"4":1,"5":1,"6":5,"7":1,"8":1,"9":1,"10":1,"11":1,"12":1,"13":1,"14":1,"15":1,"16":1,"17":1,"18":1},"f":{"0":5,"1":1,"2":1,"3":1,"4":1,"5":1},"b":{}}
,"/Users/mveldridge/trend-backend/src/auth/auth.service.ts": {"path":"/Users/mveldridge/trend-backend/src/auth/auth.service.ts","statementMap":{"0":{"start":{"line":1,"column":0},"end":{"line":1,"column":null}},"1":{"start":{"line":7,"column":0},"end":{"line":7,"column":41}},"2":{"start":{"line":8,"column":0},"end":{"line":8,"column":35}},"3":{"start":{"line":9,"column":0},"end":{"line":9,"column":73}},"4":{"start":{"line":18,"column":7},"end":{"line":310,"column":null}},"5":{"start":{"line":20,"column":21},"end":{"line":20,"column":38}},"6":{"start":{"line":21,"column":21},"end":{"line":21,"column":33}},"7":{"start":{"line":26,"column":25},"end":{"line":27,"column":null}},"8":{"start":{"line":29,"column":4},"end":{"line":31,"column":5}},"9":{"start":{"line":30,"column":6},"end":{"line":30,"column":73}},"10":{"start":{"line":34,"column":4},"end":{"line":41,"column":5}},"11":{"start":{"line":35,"column":31},"end":{"line":36,"column":null}},"12":{"start":{"line":38,"column":6},"end":{"line":40,"column":7}},"13":{"start":{"line":39,"column":8},"end":{"line":39,"column":62}},"14":{"start":{"line":44,"column":23},"end":{"line":44,"column":25}},"15":{"start":{"line":45,"column":25},"end":{"line":45,"column":76}},"16":{"start":{"line":48,"column":17},"end":{"line":51,"column":6}},"17":{"start":{"line":54,"column":20},"end":{"line":58,"column":6}},"18":{"start":{"line":59,"column":25},"end":{"line":59,"column":54}},"19":{"start":{"line":61,"column":4},"end":{"line":81,"column":6}},"20":{"start":{"line":86,"column":17},"end":{"line":86,"column":71}},"21":{"start":{"line":88,"column":4},"end":{"line":90,"column":5}},"22":{"start":{"line":89,"column":6},"end":{"line":89,"column":61}},"23":{"start":{"line":94,"column":28},"end":{"line":96,"column":null}},"24":{"start":{"line":99,"column":4},"end":{"line":101,"column":5}},"25":{"start":{"line":100,"column":6},"end":{"line":100,"column":61}},"26":{"start":{"line":104,"column":4},"end":{"line":104,"column":56}},"27":{"start":{"line":107,"column":20},"end":{"line":111,"column":6}},"28":{"start":{"line":112,"column":25},"end":{"line":112,"column":54}},"29":{"start":{"line":114,"column":4},"end":{"line":134,"column":6}},"30":{"start":{"line":138,"column":17},"end":{"line":138,"column":56}},"31":{"start":{"line":139,"column":4},"end":{"line":141,"column":5}},"32":{"start":{"line":140,"column":6},"end":{"line":140,"column":18}},"33":{"start":{"line":143,"column":40},"end":{"line":143,"column":44}},"34":{"start":{"line":144,"column":4},"end":{"line":144,"column":18}},"35":{"start":{"line":168,"column":17},"end":{"line":168,"column":56}},"36":{"start":{"line":170,"column":4},"end":{"line":172,"column":5}},"37":{"start":{"line":171,"column":6},"end":{"line":171,"column":56}},"38":{"start":{"line":174,"column":4},"end":{"line":196,"column":6}},"39":{"start":{"line":223,"column":17},"end":{"line":223,"column":56}},"40":{"start":{"line":225,"column":4},"end":{"line":227,"column":5}},"41":{"start":{"line":226,"column":6},"end":{"line":226,"column":56}},"42":{"start":{"line":229,"column":24},"end":{"line":231,"column":null}},"43":{"start":{"line":234,"column":19},"end":{"line":257,"column":6}},"44":{"start":{"line":259,"column":4},"end":{"line":259,"column":18}},"45":{"start":{"line":267,"column":17},"end":{"line":267,"column":60}},"46":{"start":{"line":269,"column":4},"end":{"line":271,"column":5}},"47":{"start":{"line":270,"column":6},"end":{"line":270,"column":56}},"48":{"start":{"line":274,"column":28},"end":{"line":276,"column":null}},"49":{"start":{"line":279,"column":4},"end":{"line":281,"column":5}},"50":{"start":{"line":280,"column":6},"end":{"line":280,"column":71}},"51":{"start":{"line":284,"column":27},"end":{"line":286,"column":null}},"52":{"start":{"line":289,"column":4},"end":{"line":293,"column":5}},"53":{"start":{"line":290,"column":6},"end":{"line":292,"column":8}},"54":{"start":{"line":296,"column":23},"end":{"line":296,"column":25}},"55":{"start":{"line":297,"column":28},"end":{"line":299,"column":null}},"56":{"start":{"line":303,"column":4},"end":{"line":303,"column":71}},"57":{"start":{"line":305,"column":4},"end":{"line":308,"column":6}},"58":{"start":{"line":18,"column":13},"end":{"line":18,"column":24}},"59":{"start":{"line":18,"column":13},"end":{"line":310,"column":null}}},"fnMap":{"0":{"name":"(anonymous_2)","decl":{"start":{"line":19,"column":2},"end":{"line":19,"column":null}},"loc":{"start":{"line":21,"column":43},"end":{"line":22,"column":6}}},"1":{"name":"(anonymous_3)","decl":{"start":{"line":24,"column":2},"end":{"line":24,"column":7}},"loc":{"start":{"line":24,"column":41},"end":{"line":82,"column":3}}},"2":{"name":"(anonymous_4)","decl":{"start":{"line":84,"column":2},"end":{"line":84,"column":7}},"loc":{"start":{"line":84,"column":32},"end":{"line":135,"column":3}}},"3":{"name":"(anonymous_5)","decl":{"start":{"line":137,"column":2},"end":{"line":137,"column":7}},"loc":{"start":{"line":137,"column":31},"end":{"line":145,"column":3}}},"4":{"name":"(anonymous_6)","decl":{"start":{"line":147,"column":2},"end":{"line":147,"column":7}},"loc":{"start":{"line":147,"column":33},"end":{"line":197,"column":3}}},"5":{"name":"(anonymous_7)","decl":{"start":{"line":199,"column":2},"end":{"line":199,"column":7}},"loc":{"start":{"line":201,"column":37},"end":{"line":260,"column":3}}},"6":{"name":"(anonymous_8)","decl":{"start":{"line":262,"column":2},"end":{"line":262,"column":7}},"loc":{"start":{"line":264,"column":40},"end":{"line":309,"column":3}}}},"branchMap":{"0":{"loc":{"start":{"line":29,"column":4},"end":{"line":31,"column":5}},"type":"if","locations":[{"start":{"line":29,"column":4},"end":{"line":31,"column":5}}]},"1":{"loc":{"start":{"line":34,"column":4},"end":{"line":41,"column":5}},"type":"if","locations":[{"start":{"line":34,"column":4},"end":{"line":41,"column":5}}]},"2":{"loc":{"start":{"line":38,"column":6},"end":{"line":40,"column":7}},"type":"if","locations":[{"start":{"line":38,"column":6},"end":{"line":40,"column":7}}]},"3":{"loc":{"start":{"line":72,"column":16},"end":{"line":72,"column":56}},"type":"cond-expr","locations":[{"start":{"line":72,"column":30},"end":{"line":72,"column":49}},{"start":{"line":72,"column":52},"end":{"line":72,"column":56}}]},"4":{"loc":{"start":{"line":73,"column":25},"end":{"line":73,"column":53}},"type":"binary-expr","locations":[{"start":{"line":73,"column":25},"end":{"line":73,"column":45}},{"start":{"line":73,"column":49},"end":{"line":73,"column":53}}]},"5":{"loc":{"start":{"line":74,"column":21},"end":{"line":74,"column":45}},"type":"binary-expr","locations":[{"start":{"line":74,"column":21},"end":{"line":74,"column":37}},{"start":{"line":74,"column":41},"end":{"line":74,"column":45}}]},"6":{"loc":{"start":{"line":75,"column":23},"end":{"line":75,"column":77}},"type":"cond-expr","locations":[{"start":{"line":75,"column":44},"end":{"line":75,"column":70}},{"start":{"line":75,"column":73},"end":{"line":75,"column":77}}]},"7":{"loc":{"start":{"line":76,"column":23},"end":{"line":76,"column":50}},"type":"binary-expr","locations":[{"start":{"line":76,"column":23},"end":{"line":76,"column":41}},{"start":{"line":76,"column":45},"end":{"line":76,"column":50}}]},"8":{"loc":{"start":{"line":77,"column":32},"end":{"line":77,"column":68}},"type":"binary-expr","locations":[{"start":{"line":77,"column":32},"end":{"line":77,"column":59}},{"start":{"line":77,"column":63},"end":{"line":77,"column":68}}]},"9":{"loc":{"start":{"line":78,"column":35},"end":{"line":78,"column":74}},"type":"binary-expr","locations":[{"start":{"line":78,"column":35},"end":{"line":78,"column":65}},{"start":{"line":78,"column":69},"end":{"line":78,"column":74}}]},"10":{"loc":{"start":{"line":79,"column":37},"end":{"line":79,"column":78}},"type":"binary-expr","locations":[{"start":{"line":79,"column":37},"end":{"line":79,"column":69}},{"start":{"line":79,"column":73},"end":{"line":79,"column":78}}]},"11":{"loc":{"start":{"line":88,"column":4},"end":{"line":90,"column":5}},"type":"if","locations":[{"start":{"line":88,"column":4},"end":{"line":90,"column":5}}]},"12":{"loc":{"start":{"line":88,"column":8},"end":{"line":88,"column":31}},"type":"binary-expr","locations":[{"start":{"line":88,"column":8},"end":{"line":88,"column":13}},{"start":{"line":88,"column":17},"end":{"line":88,"column":31}}]},"13":{"loc":{"start":{"line":96,"column":6},"end":{"line":96,"column":29}},"type":"binary-expr","locations":[{"start":{"line":96,"column":6},"end":{"line":96,"column":23}},{"start":{"line":96,"column":27},"end":{"line":96,"column":29}}]},"14":{"loc":{"start":{"line":99,"column":4},"end":{"line":101,"column":5}},"type":"if","locations":[{"start":{"line":99,"column":4},"end":{"line":101,"column":5}}]},"15":{"loc":{"start":{"line":125,"column":16},"end":{"line":125,"column":56}},"type":"cond-expr","locations":[{"start":{"line":125,"column":30},"end":{"line":125,"column":49}},{"start":{"line":125,"column":52},"end":{"line":125,"column":56}}]},"16":{"loc":{"start":{"line":126,"column":26},"end":{"line":126,"column":74}},"type":"binary-expr","locations":[{"start":{"line":126,"column":26},"end":{"line":126,"column":66}},{"start":{"line":126,"column":70},"end":{"line":126,"column":74}}]},"17":{"loc":{"start":{"line":127,"column":21},"end":{"line":127,"column":45}},"type":"binary-expr","locations":[{"start":{"line":127,"column":21},"end":{"line":127,"column":37}},{"start":{"line":127,"column":41},"end":{"line":127,"column":45}}]},"18":{"loc":{"start":{"line":128,"column":23},"end":{"line":128,"column":77}},"type":"cond-expr","locations":[{"start":{"line":128,"column":44},"end":{"line":128,"column":70}},{"start":{"line":128,"column":73},"end":{"line":128,"column":77}}]},"19":{"loc":{"start":{"line":129,"column":23},"end":{"line":129,"column":50}},"type":"binary-expr","locations":[{"start":{"line":129,"column":23},"end":{"line":129,"column":41}},{"start":{"line":129,"column":45},"end":{"line":129,"column":50}}]},"20":{"loc":{"start":{"line":130,"column":32},"end":{"line":130,"column":68}},"type":"binary-expr","locations":[{"start":{"line":130,"column":32},"end":{"line":130,"column":59}},{"start":{"line":130,"column":63},"end":{"line":130,"column":68}}]},"21":{"loc":{"start":{"line":131,"column":35},"end":{"line":131,"column":74}},"type":"binary-expr","locations":[{"start":{"line":131,"column":35},"end":{"line":131,"column":65}},{"start":{"line":131,"column":69},"end":{"line":131,"column":74}}]},"22":{"loc":{"start":{"line":132,"column":37},"end":{"line":132,"column":78}},"type":"binary-expr","locations":[{"start":{"line":132,"column":37},"end":{"line":132,"column":69}},{"start":{"line":132,"column":73},"end":{"line":132,"column":78}}]},"23":{"loc":{"start":{"line":139,"column":4},"end":{"line":141,"column":5}},"type":"if","locations":[{"start":{"line":139,"column":4},"end":{"line":141,"column":5}}]},"24":{"loc":{"start":{"line":139,"column":8},"end":{"line":139,"column":31}},"type":"binary-expr","locations":[{"start":{"line":139,"column":8},"end":{"line":139,"column":13}},{"start":{"line":139,"column":17},"end":{"line":139,"column":31}}]},"25":{"loc":{"start":{"line":170,"column":4},"end":{"line":172,"column":5}},"type":"if","locations":[{"start":{"line":170,"column":4},"end":{"line":172,"column":5}}]},"26":{"loc":{"start":{"line":170,"column":8},"end":{"line":170,"column":31}},"type":"binary-expr","locations":[{"start":{"line":170,"column":8},"end":{"line":170,"column":13}},{"start":{"line":170,"column":17},"end":{"line":170,"column":31}}]},"27":{"loc":{"start":{"line":185,"column":14},"end":{"line":185,"column":59}},"type":"cond-expr","locations":[{"start":{"line":185,"column":28},"end":{"line":185,"column":47}},{"start":{"line":185,"column":50},"end":{"line":185,"column":59}}]},"28":{"loc":{"start":{"line":186,"column":23},"end":{"line":186,"column":56}},"type":"binary-expr","locations":[{"start":{"line":186,"column":23},"end":{"line":186,"column":43}},{"start":{"line":186,"column":47},"end":{"line":186,"column":56}}]},"29":{"loc":{"start":{"line":187,"column":19},"end":{"line":187,"column":48}},"type":"binary-expr","locations":[{"start":{"line":187,"column":19},"end":{"line":187,"column":35}},{"start":{"line":187,"column":39},"end":{"line":187,"column":48}}]},"30":{"loc":{"start":{"line":188,"column":21},"end":{"line":190,"column":19}},"type":"cond-expr","locations":[{"start":{"line":189,"column":10},"end":{"line":189,"column":36}},{"start":{"line":190,"column":10},"end":{"line":190,"column":19}}]},"31":{"loc":{"start":{"line":191,"column":21},"end":{"line":191,"column":48}},"type":"binary-expr","locations":[{"start":{"line":191,"column":21},"end":{"line":191,"column":39}},{"start":{"line":191,"column":43},"end":{"line":191,"column":48}}]},"32":{"loc":{"start":{"line":192,"column":22},"end":{"line":192,"column":50}},"type":"binary-expr","locations":[{"start":{"line":192,"column":22},"end":{"line":192,"column":41}},{"start":{"line":192,"column":45},"end":{"line":192,"column":50}}]},"33":{"loc":{"start":{"line":193,"column":30},"end":{"line":193,"column":66}},"type":"binary-expr","locations":[{"start":{"line":193,"column":30},"end":{"line":193,"column":57}},{"start":{"line":193,"column":61},"end":{"line":193,"column":66}}]},"34":{"loc":{"start":{"line":194,"column":33},"end":{"line":194,"column":72}},"type":"binary-expr","locations":[{"start":{"line":194,"column":33},"end":{"line":194,"column":63}},{"start":{"line":194,"column":67},"end":{"line":194,"column":72}}]},"35":{"loc":{"start":{"line":195,"column":35},"end":{"line":195,"column":76}},"type":"binary-expr","locations":[{"start":{"line":195,"column":35},"end":{"line":195,"column":67}},{"start":{"line":195,"column":71},"end":{"line":195,"column":76}}]},"36":{"loc":{"start":{"line":225,"column":4},"end":{"line":227,"column":5}},"type":"if","locations":[{"start":{"line":225,"column":4},"end":{"line":227,"column":5}}]},"37":{"loc":{"start":{"line":225,"column":8},"end":{"line":225,"column":31}},"type":"binary-expr","locations":[{"start":{"line":225,"column":8},"end":{"line":225,"column":13}},{"start":{"line":225,"column":17},"end":{"line":225,"column":31}}]},"38":{"loc":{"start":{"line":245,"column":14},"end":{"line":245,"column":73}},"type":"cond-expr","locations":[{"start":{"line":245,"column":35},"end":{"line":245,"column":61}},{"start":{"line":245,"column":64},"end":{"line":245,"column":73}}]},"39":{"loc":{"start":{"line":246,"column":23},"end":{"line":246,"column":63}},"type":"binary-expr","locations":[{"start":{"line":246,"column":23},"end":{"line":246,"column":50}},{"start":{"line":246,"column":54},"end":{"line":246,"column":63}}]},"40":{"loc":{"start":{"line":247,"column":19},"end":{"line":247,"column":55}},"type":"binary-expr","locations":[{"start":{"line":247,"column":19},"end":{"line":247,"column":42}},{"start":{"line":247,"column":46},"end":{"line":247,"column":55}}]},"41":{"loc":{"start":{"line":248,"column":21},"end":{"line":250,"column":19}},"type":"cond-expr","locations":[{"start":{"line":249,"column":10},"end":{"line":249,"column":43}},{"start":{"line":250,"column":10},"end":{"line":250,"column":19}}]},"42":{"loc":{"start":{"line":251,"column":21},"end":{"line":251,"column":55}},"type":"binary-expr","locations":[{"start":{"line":251,"column":21},"end":{"line":251,"column":46}},{"start":{"line":251,"column":50},"end":{"line":251,"column":55}}]},"43":{"loc":{"start":{"line":252,"column":22},"end":{"line":252,"column":57}},"type":"binary-expr","locations":[{"start":{"line":252,"column":22},"end":{"line":252,"column":48}},{"start":{"line":252,"column":52},"end":{"line":252,"column":57}}]},"44":{"loc":{"start":{"line":253,"column":30},"end":{"line":253,"column":73}},"type":"binary-expr","locations":[{"start":{"line":253,"column":30},"end":{"line":253,"column":64}},{"start":{"line":253,"column":68},"end":{"line":253,"column":73}}]},"45":{"loc":{"start":{"line":254,"column":33},"end":{"line":254,"column":79}},"type":"binary-expr","locations":[{"start":{"line":254,"column":33},"end":{"line":254,"column":70}},{"start":{"line":254,"column":74},"end":{"line":254,"column":79}}]},"46":{"loc":{"start":{"line":256,"column":8},"end":{"line":256,"column":56}},"type":"binary-expr","locations":[{"start":{"line":256,"column":8},"end":{"line":256,"column":47}},{"start":{"line":256,"column":51},"end":{"line":256,"column":56}}]},"47":{"loc":{"start":{"line":269,"column":4},"end":{"line":271,"column":5}},"type":"if","locations":[{"start":{"line":269,"column":4},"end":{"line":271,"column":5}}]},"48":{"loc":{"start":{"line":269,"column":8},"end":{"line":269,"column":31}},"type":"binary-expr","locations":[{"start":{"line":269,"column":8},"end":{"line":269,"column":13}},{"start":{"line":269,"column":17},"end":{"line":269,"column":31}}]},"49":{"loc":{"start":{"line":276,"column":6},"end":{"line":276,"column":29}},"type":"binary-expr","locations":[{"start":{"line":276,"column":6},"end":{"line":276,"column":23}},{"start":{"line":276,"column":27},"end":{"line":276,"column":29}}]},"50":{"loc":{"start":{"line":279,"column":4},"end":{"line":281,"column":5}},"type":"if","locations":[{"start":{"line":279,"column":4},"end":{"line":281,"column":5}}]},"51":{"loc":{"start":{"line":286,"column":6},"end":{"line":286,"column":29}},"type":"binary-expr","locations":[{"start":{"line":286,"column":6},"end":{"line":286,"column":23}},{"start":{"line":286,"column":27},"end":{"line":286,"column":29}}]},"52":{"loc":{"start":{"line":289,"column":4},"end":{"line":293,"column":5}},"type":"if","locations":[{"start":{"line":289,"column":4},"end":{"line":293,"column":5}}]}},"s":{"0":2,"1":2,"2":2,"3":2,"4":2,"5":20,"6":20,"7":6,"8":6,"9":2,"10":4,"11":3,"12":3,"13":2,"14":2,"15":2,"16":2,"17":2,"18":2,"19":2,"20":6,"21":6,"22":3,"23":3,"24":3,"25":2,"26":1,"27":1,"28":1,"29":1,"30":3,"31":3,"32":2,"33":1,"34":1,"35":3,"36":3,"37":2,"38":1,"39":2,"40":2,"41":1,"42":1,"43":1,"44":1,"45":5,"46":5,"47":1,"48":4,"49":4,"50":2,"51":2,"52":2,"53":1,"54":1,"55":1,"56":1,"57":1,"58":2,"59":2},"f":{"0":20,"1":6,"2":6,"3":3,"4":3,"5":2,"6":5},"b":{"0":[2],"1":[3],"2":[2],"3":[0,2],"4":[2,2],"5":[2,2],"6":[0,2],"7":[2,0],"8":[2,0],"9":[2,0],"10":[2,0],"11":[3],"12":[6,4],"13":[3,0],"14":[2],"15":[0,1],"16":[1,1],"17":[1,1],"18":[0,1],"19":[1,0],"20":[1,0],"21":[1,0],"22":[1,0],"23":[2],"24":[3,2],"25":[2],"26":[3,2],"27":[0,1],"28":[1,1],"29":[1,1],"30":[0,1],"31":[1,0],"32":[1,0],"33":[1,0],"34":[1,0],"35":[1,0],"36":[1],"37":[2,1],"38":[0,1],"39":[1,1],"40":[1,1],"41":[0,1],"42":[1,0],"43":[1,0],"44":[1,0],"45":[1,0],"46":[1,0],"47":[1],"48":[5,4],"49":[4,0],"50":[2],"51":[2,0],"52":[1]}}
,"/Users/mveldridge/trend-backend/src/auth/dto/auth-response.dto.ts": {"path":"/Users/mveldridge/trend-backend/src/auth/dto/auth-response.dto.ts","statementMap":{"0":{"start":{"line":3,"column":0},"end":{"line":3,"column":13}}},"fnMap":{},"branchMap":{},"s":{"0":0},"f":{},"b":{}}
,"/Users/mveldridge/trend-backend/src/auth/dto/change-password.dto.ts": {"path":"/Users/mveldridge/trend-backend/src/auth/dto/change-password.dto.ts","statementMap":{"0":{"start":{"line":1,"column":0},"end":{"line":1,"column":54}},"1":{"start":{"line":3,"column":0},"end":{"line":3,"column":13}},"2":{"start":{"line":6,"column":2},"end":{"line":6,"column":null}},"3":{"start":{"line":10,"column":2},"end":{"line":10,"column":null}}},"fnMap":{},"branchMap":{},"s":{"0":1,"1":1,"2":1,"3":1},"f":{},"b":{}}
,"/Users/mveldridge/trend-backend/src/auth/dto/login.dto.ts": {"path":"/Users/mveldridge/trend-backend/src/auth/dto/login.dto.ts","statementMap":{"0":{"start":{"line":2,"column":0},"end":{"line":2,"column":13}}},"fnMap":{},"branchMap":{},"s":{"0":0},"f":{},"b":{}}
,"/Users/mveldridge/trend-backend/src/auth/dto/register.dto.ts": {"path":"/Users/mveldridge/trend-backend/src/auth/dto/register.dto.ts","statementMap":{"0":{"start":{"line":2,"column":0},"end":{"line":2,"column":13}}},"fnMap":{},"branchMap":{},"s":{"0":0},"f":{},"b":{}}
,"/Users/mveldridge/trend-backend/src/auth/guards/jwt-auth.guard.ts": {"path":"/Users/mveldridge/trend-backend/src/auth/guards/jwt-auth.guard.ts","statementMap":{"0":{"start":{"line":1,"column":0},"end":{"line":1,"column":null}},"1":{"start":{"line":6,"column":0},"end":{"line":6,"column":45}},"2":{"start":{"line":9,"column":7},"end":{"line":20,"column":null}},"3":{"start":{"line":11,"column":4},"end":{"line":11,"column":38}},"4":{"start":{"line":15,"column":4},"end":{"line":17,"column":5}},"5":{"start":{"line":16,"column":6},"end":{"line":16,"column":62}},"6":{"start":{"line":18,"column":4},"end":{"line":18,"column":16}},"7":{"start":{"line":9,"column":13},"end":{"line":9,"column":25}},"8":{"start":{"line":9,"column":13},"end":{"line":20,"column":null}}},"fnMap":{"0":{"name":"(anonymous_1)","decl":{"start":{"line":10,"column":2},"end":{"line":10,"column":13}},"loc":{"start":{"line":10,"column":39},"end":{"line":12,"column":3}}},"1":{"name":"(anonymous_2)","decl":{"start":{"line":14,"column":2},"end":{"line":14,"column":15}},"loc":{"start":{"line":14,"column":46},"end":{"line":19,"column":3}}}},"branchMap":{"0":{"loc":{"start":{"line":15,"column":4},"end":{"line":17,"column":5}},"type":"if","locations":[{"start":{"line":15,"column":4},"end":{"line":17,"column":5}}]},"1":{"loc":{"start":{"line":15,"column":8},"end":{"line":15,"column":20}},"type":"binary-expr","locations":[{"start":{"line":15,"column":8},"end":{"line":15,"column":11}},{"start":{"line":15,"column":15},"end":{"line":15,"column":20}}]},"2":{"loc":{"start":{"line":16,"column":12},"end":{"line":16,"column":61}},"type":"binary-expr","locations":[{"start":{"line":16,"column":12},"end":{"line":16,"column":15}},{"start":{"line":16,"column":19},"end":{"line":16,"column":61}}]}},"s":{"0":7,"1":7,"2":7,"3":0,"4":0,"5":0,"6":0,"7":7,"8":7},"f":{"0":0,"1":0},"b":{"0":[0],"1":[0,0],"2":[0,0]}}
,"/Users/mveldridge/trend-backend/src/auth/strategies/jwt.strategy.ts": {"path":"/Users/mveldridge/trend-backend/src/auth/strategies/jwt.strategy.ts","statementMap":{"0":{"start":{"line":1,"column":0},"end":{"line":1,"column":67}},"1":{"start":{"line":2,"column":0},"end":{"line":2,"column":52}},"2":{"start":{"line":3,"column":0},"end":{"line":3,"column":52}},"3":{"start":{"line":4,"column":0},"end":{"line":4,"column":57}},"4":{"start":{"line":16,"column":7},"end":{"line":49,"column":null}},"5":{"start":{"line":18,"column":4},"end":{"line":22,"column":7}},"6":{"start":{"line":17,"column":22},"end":{"line":17,"column":36}},"7":{"start":{"line":27,"column":28},"end":{"line":27,"column":57}},"8":{"start":{"line":29,"column":4},"end":{"line":31,"column":5}},"9":{"start":{"line":30,"column":6},"end":{"line":30,"column":67}},"10":{"start":{"line":33,"column":17},"end":{"line":33,"column":66}},"11":{"start":{"line":35,"column":4},"end":{"line":37,"column":5}},"12":{"start":{"line":36,"column":6},"end":{"line":36,"column":68}},"13":{"start":{"line":40,"column":4},"end":{"line":47,"column":6}},"14":{"start":{"line":16,"column":13},"end":{"line":16,"column":24}},"15":{"start":{"line":16,"column":13},"end":{"line":49,"column":null}}},"fnMap":{"0":{"name":"(anonymous_2)","decl":{"start":{"line":17,"column":2},"end":{"line":17,"column":22}},"loc":{"start":{"line":17,"column":48},"end":{"line":23,"column":3}}},"1":{"name":"(anonymous_3)","decl":{"start":{"line":25,"column":2},"end":{"line":25,"column":7}},"loc":{"start":{"line":25,"column":36},"end":{"line":48,"column":3}}}},"branchMap":{"0":{"loc":{"start":{"line":21,"column":19},"end":{"line":21,"column":62}},"type":"binary-expr","locations":[{"start":{"line":21,"column":19},"end":{"line":21,"column":41}},{"start":{"line":21,"column":45},"end":{"line":21,"column":62}}]},"1":{"loc":{"start":{"line":27,"column":28},"end":{"line":27,"column":57}},"type":"binary-expr","locations":[{"start":{"line":27,"column":28},"end":{"line":27,"column":42}},{"start":{"line":27,"column":46},"end":{"line":27,"column":57}}]},"2":{"loc":{"start":{"line":29,"column":4},"end":{"line":31,"column":5}},"type":"if","locations":[{"start":{"line":29,"column":4},"end":{"line":31,"column":5}}]},"3":{"loc":{"start":{"line":35,"column":4},"end":{"line":37,"column":5}},"type":"if","locations":[{"start":{"line":35,"column":4},"end":{"line":37,"column":5}}]},"4":{"loc":{"start":{"line":35,"column":8},"end":{"line":35,"column":31}},"type":"binary-expr","locations":[{"start":{"line":35,"column":8},"end":{"line":35,"column":13}},{"start":{"line":35,"column":17},"end":{"line":35,"column":31}}]}},"s":{"0":0,"1":0,"2":0,"3":0,"4":0,"5":0,"6":0,"7":0,"8":0,"9":0,"10":0,"11":0,"12":0,"13":0,"14":0,"15":0},"f":{"0":0,"1":0},"b":{"0":[0,0],"1":[0,0],"2":[0],"3":[0],"4":[0,0]}}
,"/Users/mveldridge/trend-backend/src/budgets/budgets.controller.ts": {"path":"/Users/mveldridge/trend-backend/src/budgets/budgets.controller.ts","statementMap":{"0":{"start":{"line":1,"column":0},"end":{"line":1,"column":null}},"1":{"start":{"line":17,"column":0},"end":{"line":17,"column":61}},"2":{"start":{"line":18,"column":0},"end":{"line":18,"column":51}},"3":{"start":{"line":19,"column":0},"end":{"line":19,"column":58}},"4":{"start":{"line":20,"column":0},"end":{"line":20,"column":58}},"5":{"start":{"line":26,"column":7},"end":{"line":85,"column":null}},"6":{"start":{"line":27,"column":31},"end":{"line":27,"column":47}},"7":{"start":{"line":35,"column":4},"end":{"line":35,"column":74}},"8":{"start":{"line":45,"column":22},"end":{"line":45,"column":39}},"9":{"start":{"line":46,"column":23},"end":{"line":46,"column":56}},"10":{"start":{"line":48,"column":4},"end":{"line":52,"column":6}},"11":{"start":{"line":60,"column":4},"end":{"line":60,"column":62}},"12":{"start":{"line":69,"column":4},"end":{"line":69,"column":78}},"13":{"start":{"line":75,"column":4},"end":{"line":75,"column":61}},"14":{"start":{"line":83,"column":4},"end":{"line":83,"column":67}},"15":{"start":{"line":26,"column":13},"end":{"line":26,"column":30}},"16":{"start":{"line":31,"column":8},"end":{"line":36,"column":null}},"17":{"start":{"line":39,"column":8},"end":{"line":53,"column":null}},"18":{"start":{"line":56,"column":8},"end":{"line":61,"column":null}},"19":{"start":{"line":64,"column":8},"end":{"line":70,"column":null}},"20":{"start":{"line":74,"column":8},"end":{"line":76,"column":null}},"21":{"start":{"line":79,"column":8},"end":{"line":84,"column":null}},"22":{"start":{"line":26,"column":13},"end":{"line":85,"column":null}}},"fnMap":{"0":{"name":"(anonymous_4)","decl":{"start":{"line":27,"column":2},"end":{"line":27,"column":31}},"loc":{"start":{"line":27,"column":61},"end":{"line":27,"column":65}}},"1":{"name":"(anonymous_5)","decl":{"start":{"line":31,"column":2},"end":{"line":31,"column":7}},"loc":{"start":{"line":33,"column":44},"end":{"line":36,"column":3}}},"2":{"name":"(anonymous_6)","decl":{"start":{"line":39,"column":2},"end":{"line":39,"column":7}},"loc":{"start":{"line":42,"column":73},"end":{"line":53,"column":3}}},"3":{"name":"(anonymous_7)","decl":{"start":{"line":56,"column":2},"end":{"line":56,"column":7}},"loc":{"start":{"line":58,"column":27},"end":{"line":61,"column":3}}},"4":{"name":"(anonymous_8)","decl":{"start":{"line":64,"column":2},"end":{"line":64,"column":7}},"loc":{"start":{"line":67,"column":44},"end":{"line":70,"column":3}}},"5":{"name":"(anonymous_9)","decl":{"start":{"line":74,"column":2},"end":{"line":74,"column":7}},"loc":{"start":{"line":74,"column":60},"end":{"line":76,"column":3}}},"6":{"name":"(anonymous_10)","decl":{"start":{"line":79,"column":2},"end":{"line":79,"column":7}},"loc":{"start":{"line":81,"column":27},"end":{"line":84,"column":3}}}},"branchMap":{},"s":{"0":1,"1":1,"2":1,"3":1,"4":1,"5":1,"6":6,"7":1,"8":1,"9":1,"10":1,"11":1,"12":1,"13":1,"14":1,"15":1,"16":1,"17":1,"18":1,"19":1,"20":1,"21":1,"22":1},"f":{"0":6,"1":1,"2":1,"3":1,"4":1,"5":1,"6":1},"b":{}}
,"/Users/mveldridge/trend-backend/src/budgets/budgets.service.ts": {"path":"/Users/mveldridge/trend-backend/src/budgets/budgets.service.ts","statementMap":{"0":{"start":{"line":1,"column":0},"end":{"line":1,"column":null}},"1":{"start":{"line":7,"column":0},"end":{"line":7,"column":52}},"2":{"start":{"line":8,"column":0},"end":{"line":8,"column":70}},"3":{"start":{"line":12,"column":0},"end":{"line":12,"column":64}},"4":{"start":{"line":15,"column":7},"end":{"line":225,"column":null}},"5":{"start":{"line":16,"column":31},"end":{"line":16,"column":50}},"6":{"start":{"line":23,"column":22},"end":{"line":23,"column":57}},"7":{"start":{"line":24,"column":20},"end":{"line":26,"column":12}},"8":{"start":{"line":28,"column":4},"end":{"line":30,"column":5}},"9":{"start":{"line":29,"column":6},"end":{"line":29,"column":73}},"10":{"start":{"line":32,"column":19},"end":{"line":32,"column":79}},"11":{"start":{"line":33,"column":4},"end":{"line":33,"column":50}},"12":{"start":{"line":37,"column":19},"end":{"line":40,"column":null}},"13":{"start":{"line":43,"column":28},"end":{"line":44,"column":null}},"14":{"start":{"line":44,"column":34},"end":{"line":44,"column":72}},"15":{"start":{"line":47,"column":4},"end":{"line":50,"column":6}},"16":{"start":{"line":54,"column":19},"end":{"line":54,"column":77}},"17":{"start":{"line":56,"column":4},"end":{"line":58,"column":5}},"18":{"start":{"line":57,"column":6},"end":{"line":57,"column":54}},"19":{"start":{"line":60,"column":4},"end":{"line":60,"column":50}},"20":{"start":{"line":69,"column":27},"end":{"line":71,"column":null}},"21":{"start":{"line":73,"column":4},"end":{"line":75,"column":5}},"22":{"start":{"line":74,"column":6},"end":{"line":74,"column":54}},"23":{"start":{"line":78,"column":4},"end":{"line":89,"column":5}},"24":{"start":{"line":79,"column":24},"end":{"line":81,"column":34}},"25":{"start":{"line":82,"column":22},"end":{"line":84,"column":32}},"26":{"start":{"line":86,"column":6},"end":{"line":88,"column":7}},"27":{"start":{"line":87,"column":8},"end":{"line":87,"column":75}},"28":{"start":{"line":91,"column":26},"end":{"line":94,"column":null}},"29":{"start":{"line":96,"column":4},"end":{"line":96,"column":57}},"30":{"start":{"line":100,"column":19},"end":{"line":100,"column":77}},"31":{"start":{"line":102,"column":4},"end":{"line":104,"column":5}},"32":{"start":{"line":103,"column":6},"end":{"line":103,"column":54}},"33":{"start":{"line":107,"column":4},"end":{"line":111,"column":5}},"34":{"start":{"line":108,"column":6},"end":{"line":110,"column":8}},"35":{"start":{"line":113,"column":4},"end":{"line":113,"column":52}},"36":{"start":{"line":120,"column":26},"end":{"line":122,"column":null}},"37":{"start":{"line":125,"column":4},"end":{"line":127,"column":5}},"38":{"start":{"line":126,"column":6},"end":{"line":126,"column":54}},"39":{"start":{"line":130,"column":6},"end":{"line":130,"column":19}},"40":{"start":{"line":133,"column":24},"end":{"line":133,"column":65}},"41":{"start":{"line":134,"column":28},"end":{"line":134,"column":53}},"42":{"start":{"line":136,"column":6},"end":{"line":136,"column":61}},"43":{"start":{"line":139,"column":16},"end":{"line":139,"column":26}},"44":{"start":{"line":140,"column":22},"end":{"line":140,"column":38}},"45":{"start":{"line":141,"column":20},"end":{"line":141,"column":41}},"46":{"start":{"line":143,"column":22},"end":{"line":144,"column":null}},"47":{"start":{"line":146,"column":24},"end":{"line":147,"column":null}},"48":{"start":{"line":149,"column":26},"end":{"line":151,"column":null}},"49":{"start":{"line":154,"column":24},"end":{"line":154,"column":67}},"50":{"start":{"line":156,"column":6},"end":{"line":156,"column":53}},"51":{"start":{"line":157,"column":35},"end":{"line":157,"column":67}},"52":{"start":{"line":159,"column":25},"end":{"line":159,"column":50}},"53":{"start":{"line":160,"column":22},"end":{"line":160,"column":59}},"54":{"start":{"line":162,"column":22},"end":{"line":180,"column":6}},"55":{"start":{"line":182,"column":4},"end":{"line":184,"column":7}},"56":{"start":{"line":189,"column":6},"end":{"line":189,"column":68}},"57":{"start":{"line":189,"column":41},"end":{"line":189,"column":61}},"58":{"start":{"line":190,"column":24},"end":{"line":192,"column":null}},"59":{"start":{"line":191,"column":18},"end":{"line":191,"column":55}},"60":{"start":{"line":195,"column":24},"end":{"line":195,"column":65}},"61":{"start":{"line":196,"column":28},"end":{"line":196,"column":53}},"62":{"start":{"line":198,"column":6},"end":{"line":198,"column":61}},"63":{"start":{"line":201,"column":16},"end":{"line":201,"column":26}},"64":{"start":{"line":202,"column":20},"end":{"line":202,"column":34}},"65":{"start":{"line":203,"column":26},"end":{"line":210,"column":12}},"66":{"start":{"line":212,"column":27},"end":{"line":220,"column":6}},"67":{"start":{"line":223,"column":4},"end":{"line":223,"column":39}},"68":{"start":{"line":15,"column":13},"end":{"line":15,"column":27}},"69":{"start":{"line":15,"column":13},"end":{"line":225,"column":null}}},"fnMap":{"0":{"name":"(anonymous_2)","decl":{"start":{"line":16,"column":2},"end":{"line":16,"column":31}},"loc":{"start":{"line":16,"column":67},"end":{"line":16,"column":71}}},"1":{"name":"(anonymous_3)","decl":{"start":{"line":18,"column":2},"end":{"line":18,"column":7}},"loc":{"start":{"line":20,"column":36},"end":{"line":34,"column":3}}},"2":{"name":"(anonymous_4)","decl":{"start":{"line":36,"column":2},"end":{"line":36,"column":7}},"loc":{"start":{"line":36,"column":75},"end":{"line":51,"column":3}}},"3":{"name":"(anonymous_5)","decl":{"start":{"line":44,"column":22},"end":{"line":44,"column":23}},"loc":{"start":{"line":44,"column":34},"end":{"line":44,"column":72}}},"4":{"name":"(anonymous_6)","decl":{"start":{"line":53,"column":2},"end":{"line":53,"column":7}},"loc":{"start":{"line":53,"column":48},"end":{"line":61,"column":3}}},"5":{"name":"(anonymous_7)","decl":{"start":{"line":63,"column":2},"end":{"line":63,"column":7}},"loc":{"start":{"line":66,"column":36},"end":{"line":97,"column":3}}},"6":{"name":"(anonymous_8)","decl":{"start":{"line":99,"column":2},"end":{"line":99,"column":7}},"loc":{"start":{"line":99,"column":47},"end":{"line":114,"column":3}}},"7":{"name":"(anonymous_9)","decl":{"start":{"line":116,"column":2},"end":{"line":116,"column":7}},"loc":{"start":{"line":118,"column":18},"end":{"line":185,"column":3}}},"8":{"name":"(anonymous_10)","decl":{"start":{"line":187,"column":10},"end":{"line":187,"column":15}},"loc":{"start":{"line":187,"column":53},"end":{"line":224,"column":3}}},"9":{"name":"(anonymous_11)","decl":{"start":{"line":189,"column":34},"end":{"line":189,"column":35}},"loc":{"start":{"line":189,"column":41},"end":{"line":189,"column":61}}},"10":{"name":"(anonymous_12)","decl":{"start":{"line":191,"column":6},"end":{"line":191,"column":7}},"loc":{"start":{"line":191,"column":18},"end":{"line":191,"column":55}}}},"branchMap":{"0":{"loc":{"start":{"line":24,"column":20},"end":{"line":26,"column":12}},"type":"cond-expr","locations":[{"start":{"line":25,"column":8},"end":{"line":25,"column":41}},{"start":{"line":26,"column":8},"end":{"line":26,"column":12}}]},"1":{"loc":{"start":{"line":28,"column":4},"end":{"line":30,"column":5}},"type":"if","locations":[{"start":{"line":28,"column":4},"end":{"line":30,"column":5}}]},"2":{"loc":{"start":{"line":28,"column":8},"end":{"line":28,"column":39}},"type":"binary-expr","locations":[{"start":{"line":28,"column":8},"end":{"line":28,"column":15}},{"start":{"line":28,"column":19},"end":{"line":28,"column":39}}]},"3":{"loc":{"start":{"line":36,"column":39},"end":{"line":36,"column":55}},"type":"default-arg","locations":[{"start":{"line":36,"column":54},"end":{"line":36,"column":55}}]},"4":{"loc":{"start":{"line":36,"column":57},"end":{"line":36,"column":75}},"type":"default-arg","locations":[{"start":{"line":36,"column":73},"end":{"line":36,"column":75}}]},"5":{"loc":{"start":{"line":56,"column":4},"end":{"line":58,"column":5}},"type":"if","locations":[{"start":{"line":56,"column":4},"end":{"line":58,"column":5}}]},"6":{"loc":{"start":{"line":73,"column":4},"end":{"line":75,"column":5}},"type":"if","locations":[{"start":{"line":73,"column":4},"end":{"line":75,"column":5}}]},"7":{"loc":{"start":{"line":78,"column":4},"end":{"line":89,"column":5}},"type":"if","locations":[{"start":{"line":78,"column":4},"end":{"line":89,"column":5}}]},"8":{"loc":{"start":{"line":78,"column":8},"end":{"line":78,"column":60}},"type":"binary-expr","locations":[{"start":{"line":78,"column":8},"end":{"line":78,"column":33}},{"start":{"line":78,"column":37},"end":{"line":78,"column":60}}]},"9":{"loc":{"start":{"line":79,"column":24},"end":{"line":81,"column":34}},"type":"cond-expr","locations":[{"start":{"line":80,"column":10},"end":{"line":80,"column":45}},{"start":{"line":81,"column":10},"end":{"line":81,"column":34}}]},"10":{"loc":{"start":{"line":82,"column":22},"end":{"line":84,"column":32}},"type":"cond-expr","locations":[{"start":{"line":83,"column":10},"end":{"line":83,"column":43}},{"start":{"line":84,"column":10},"end":{"line":84,"column":32}}]},"11":{"loc":{"start":{"line":86,"column":6},"end":{"line":88,"column":7}},"type":"if","locations":[{"start":{"line":86,"column":6},"end":{"line":88,"column":7}}]},"12":{"loc":{"start":{"line":86,"column":10},"end":{"line":86,"column":41}},"type":"binary-expr","locations":[{"start":{"line":86,"column":10},"end":{"line":86,"column":17}},{"start":{"line":86,"column":21},"end":{"line":86,"column":41}}]},"13":{"loc":{"start":{"line":102,"column":4},"end":{"line":104,"column":5}},"type":"if","locations":[{"start":{"line":102,"column":4},"end":{"line":104,"column":5}}]},"14":{"loc":{"start":{"line":107,"column":4},"end":{"line":111,"column":5}},"type":"if","locations":[{"start":{"line":107,"column":4},"end":{"line":111,"column":5}}]},"15":{"loc":{"start":{"line":125,"column":4},"end":{"line":127,"column":5}},"type":"if","locations":[{"start":{"line":125,"column":4},"end":{"line":127,"column":5}}]},"16":{"loc":{"start":{"line":136,"column":6},"end":{"line":136,"column":61}},"type":"cond-expr","locations":[{"start":{"line":136,"column":24},"end":{"line":136,"column":57}},{"start":{"line":136,"column":60},"end":{"line":136,"column":61}}]},"17":{"loc":{"start":{"line":141,"column":20},"end":{"line":141,"column":41}},"type":"binary-expr","locations":[{"start":{"line":141,"column":20},"end":{"line":141,"column":34}},{"start":{"line":141,"column":38},"end":{"line":141,"column":41}}]},"18":{"loc":{"start":{"line":154,"column":24},"end":{"line":154,"column":67}},"type":"cond-expr","locations":[{"start":{"line":154,"column":40},"end":{"line":154,"column":63}},{"start":{"line":154,"column":66},"end":{"line":154,"column":67}}]},"19":{"loc":{"start":{"line":156,"column":6},"end":{"line":156,"column":53}},"type":"cond-expr","locations":[{"start":{"line":156,"column":24},"end":{"line":156,"column":49}},{"start":{"line":156,"column":52},"end":{"line":156,"column":53}}]},"20":{"loc":{"start":{"line":189,"column":6},"end":{"line":189,"column":68}},"type":"binary-expr","locations":[{"start":{"line":189,"column":6},"end":{"line":189,"column":62}},{"start":{"line":189,"column":66},"end":{"line":189,"column":68}}]},"21":{"loc":{"start":{"line":198,"column":6},"end":{"line":198,"column":61}},"type":"cond-expr","locations":[{"start":{"line":198,"column":24},"end":{"line":198,"column":57}},{"start":{"line":198,"column":60},"end":{"line":198,"column":61}}]},"22":{"loc":{"start":{"line":203,"column":26},"end":{"line":210,"column":12}},"type":"cond-expr","locations":[{"start":{"line":204,"column":8},"end":{"line":208,"column":null}},{"start":{"line":210,"column":8},"end":{"line":210,"column":12}}]},"23":{"loc":{"start":{"line":217,"column":24},"end":{"line":217,"column":56}},"type":"binary-expr","locations":[{"start":{"line":217,"column":24},"end":{"line":217,"column":51}},{"start":{"line":217,"column":55},"end":{"line":217,"column":56}}]}},"s":{"0":1,"1":1,"2":1,"3":1,"4":1,"5":0,"6":0,"7":0,"8":0,"9":0,"10":0,"11":0,"12":0,"13":0,"14":0,"15":0,"16":0,"17":0,"18":0,"19":0,"20":0,"21":0,"22":0,"23":0,"24":0,"25":0,"26":0,"27":0,"28":0,"29":0,"30":0,"31":0,"32":0,"33":0,"34":0,"35":0,"36":0,"37":0,"38":0,"39":0,"40":0,"41":0,"42":0,"43":0,"44":0,"45":0,"46":0,"47":0,"48":0,"49":0,"50":0,"51":0,"52":0,"53":0,"54":0,"55":0,"56":0,"57":0,"58":0,"59":0,"60":0,"61":0,"62":0,"63":0,"64":0,"65":0,"66":0,"67":0,"68":1,"69":1},"f":{"0":0,"1":0,"2":0,"3":0,"4":0,"5":0,"6":0,"7":0,"8":0,"9":0,"10":0},"b":{"0":[0,0],"1":[0],"2":[0,0],"3":[0],"4":[0],"5":[0],"6":[0],"7":[0],"8":[0,0],"9":[0,0],"10":[0,0],"11":[0],"12":[0,0],"13":[0],"14":[0],"15":[0],"16":[0,0],"17":[0,0],"18":[0,0],"19":[0,0],"20":[0,0],"21":[0,0],"22":[0,0],"23":[0,0]}}
,"/Users/mveldridge/trend-backend/src/budgets/dto/budget-analytics.dto.ts": {"path":"/Users/mveldridge/trend-backend/src/budgets/dto/budget-analytics.dto.ts","statementMap":{"0":{"start":{"line":1,"column":0},"end":{"line":1,"column":54}},"1":{"start":{"line":3,"column":0},"end":{"line":3,"column":13}},"2":{"start":{"line":5,"column":2},"end":{"line":5,"column":null}},"3":{"start":{"line":8,"column":2},"end":{"line":8,"column":null}},"4":{"start":{"line":12,"column":2},"end":{"line":12,"column":null}},"5":{"start":{"line":11,"column":28},"end":{"line":11,"column":56}},"6":{"start":{"line":16,"column":2},"end":{"line":16,"column":null}},"7":{"start":{"line":15,"column":28},"end":{"line":15,"column":56}},"8":{"start":{"line":20,"column":2},"end":{"line":20,"column":null}},"9":{"start":{"line":19,"column":28},"end":{"line":19,"column":56}},"10":{"start":{"line":23,"column":2},"end":{"line":23,"column":null}},"11":{"start":{"line":26,"column":2},"end":{"line":26,"column":null}},"12":{"start":{"line":29,"column":2},"end":{"line":29,"column":null}},"13":{"start":{"line":32,"column":2},"end":{"line":32,"column":null}},"14":{"start":{"line":35,"column":2},"end":{"line":35,"column":null}},"15":{"start":{"line":38,"column":2},"end":{"line":38,"column":null}},"16":{"start":{"line":41,"column":2},"end":{"line":41,"column":null}},"17":{"start":{"line":44,"column":2},"end":{"line":44,"column":null}},"18":{"start":{"line":47,"column":2},"end":{"line":47,"column":null}},"19":{"start":{"line":50,"column":2},"end":{"line":50,"column":null}},"20":{"start":{"line":53,"column":2},"end":{"line":59,"column":null}},"21":{"start":{"line":62,"column":2},"end":{"line":66,"column":null}}},"fnMap":{"0":{"name":"(anonymous_2)","decl":{"start":{"line":11,"column":13},"end":{"line":11,"column":14}},"loc":{"start":{"line":11,"column":28},"end":{"line":11,"column":56}}},"1":{"name":"(anonymous_3)","decl":{"start":{"line":15,"column":13},"end":{"line":15,"column":14}},"loc":{"start":{"line":15,"column":28},"end":{"line":15,"column":56}}},"2":{"name":"(anonymous_4)","decl":{"start":{"line":19,"column":13},"end":{"line":19,"column":14}},"loc":{"start":{"line":19,"column":28},"end":{"line":19,"column":56}}}},"branchMap":{},"s":{"0":1,"1":1,"2":1,"3":1,"4":1,"5":0,"6":1,"7":0,"8":1,"9":0,"10":1,"11":1,"12":1,"13":1,"14":1,"15":1,"16":1,"17":1,"18":1,"19":1,"20":1,"21":1},"f":{"0":0,"1":0,"2":0},"b":{}}
,"/Users/mveldridge/trend-backend/src/budgets/dto/budget.dto.ts": {"path":"/Users/mveldridge/trend-backend/src/budgets/dto/budget.dto.ts","statementMap":{"0":{"start":{"line":1,"column":0},"end":{"line":1,"column":63}},"1":{"start":{"line":2,"column":0},"end":{"line":2,"column":46}},"2":{"start":{"line":4,"column":0},"end":{"line":4,"column":13}},"3":{"start":{"line":6,"column":2},"end":{"line":6,"column":null}},"4":{"start":{"line":9,"column":2},"end":{"line":9,"column":null}},"5":{"start":{"line":12,"column":2},"end":{"line":12,"column":null}},"6":{"start":{"line":15,"column":2},"end":{"line":15,"column":null}},"7":{"start":{"line":19,"column":2},"end":{"line":19,"column":null}},"8":{"start":{"line":18,"column":28},"end":{"line":18,"column":56}},"9":{"start":{"line":22,"column":2},"end":{"line":22,"column":null}},"10":{"start":{"line":25,"column":2},"end":{"line":25,"column":null}},"11":{"start":{"line":28,"column":2},"end":{"line":28,"column":null}},"12":{"start":{"line":31,"column":2},"end":{"line":31,"column":null}},"13":{"start":{"line":34,"column":2},"end":{"line":34,"column":null}},"14":{"start":{"line":37,"column":2},"end":{"line":37,"column":null}},"15":{"start":{"line":40,"column":2},"end":{"line":40,"column":null}},"16":{"start":{"line":45,"column":2},"end":{"line":45,"column":null}},"17":{"start":{"line":44,"column":29},"end":{"line":44,"column":69}},"18":{"start":{"line":49,"column":2},"end":{"line":49,"column":null}},"19":{"start":{"line":48,"column":29},"end":{"line":48,"column":69}},"20":{"start":{"line":52,"column":2},"end":{"line":52,"column":null}},"21":{"start":{"line":55,"column":2},"end":{"line":55,"column":null}},"22":{"start":{"line":58,"column":2},"end":{"line":58,"column":null}},"23":{"start":{"line":61,"column":2},"end":{"line":61,"column":null}}},"fnMap":{"0":{"name":"(anonymous_2)","decl":{"start":{"line":18,"column":13},"end":{"line":18,"column":14}},"loc":{"start":{"line":18,"column":28},"end":{"line":18,"column":56}}},"1":{"name":"(anonymous_3)","decl":{"start":{"line":44,"column":13},"end":{"line":44,"column":14}},"loc":{"start":{"line":44,"column":29},"end":{"line":44,"column":69}}},"2":{"name":"(anonymous_4)","decl":{"start":{"line":48,"column":13},"end":{"line":48,"column":14}},"loc":{"start":{"line":48,"column":29},"end":{"line":48,"column":69}}}},"branchMap":{"0":{"loc":{"start":{"line":44,"column":29},"end":{"line":44,"column":69}},"type":"cond-expr","locations":[{"start":{"line":44,"column":37},"end":{"line":44,"column":65}},{"start":{"line":44,"column":68},"end":{"line":44,"column":69}}]},"1":{"loc":{"start":{"line":48,"column":29},"end":{"line":48,"column":69}},"type":"cond-expr","locations":[{"start":{"line":48,"column":37},"end":{"line":48,"column":65}},{"start":{"line":48,"column":68},"end":{"line":48,"column":69}}]}},"s":{"0":0,"1":0,"2":0,"3":0,"4":0,"5":0,"6":0,"7":0,"8":0,"9":0,"10":0,"11":0,"12":0,"13":0,"14":0,"15":0,"16":0,"17":0,"18":0,"19":0,"20":0,"21":0,"22":0,"23":0},"f":{"0":0,"1":0,"2":0},"b":{"0":[0,0],"1":[0,0]}}
,"/Users/mveldridge/trend-backend/src/budgets/dto/create-budget.dto.ts": {"path":"/Users/mveldridge/trend-backend/src/budgets/dto/create-budget.dto.ts","statementMap":{"0":{"start":{"line":1,"column":0},"end":{"line":1,"column":null}},"1":{"start":{"line":12,"column":0},"end":{"line":12,"column":46}},"2":{"start":{"line":13,"column":0},"end":{"line":13,"column":46}},"3":{"start":{"line":39,"column":2},"end":{"line":39,"column":28}},"4":{"start":{"line":50,"column":2},"end":{"line":50,"column":31}},"5":{"start":{"line":54,"column":2},"end":{"line":54,"column":46}},"6":{"start":{"line":15,"column":0},"end":{"line":15,"column":13}},"7":{"start":{"line":18,"column":2},"end":{"line":18,"column":null}},"8":{"start":{"line":23,"column":2},"end":{"line":23,"column":null}},"9":{"start":{"line":34,"column":2},"end":{"line":34,"column":null}},"10":{"start":{"line":29,"column":4},"end":{"line":31,"column":5}},"11":{"start":{"line":30,"column":6},"end":{"line":30,"column":31}},"12":{"start":{"line":32,"column":4},"end":{"line":32,"column":17}},"13":{"start":{"line":39,"column":2},"end":{"line":39,"column":null}},"14":{"start":{"line":42,"column":2},"end":{"line":42,"column":null}},"15":{"start":{"line":46,"column":2},"end":{"line":46,"column":null}},"16":{"start":{"line":50,"column":2},"end":{"line":50,"column":null}},"17":{"start":{"line":54,"column":2},"end":{"line":54,"column":null}}},"fnMap":{"0":{"name":"(anonymous_2)","decl":{"start":{"line":15,"column":0},"end":{"line":15,"column":13}},"loc":{"start":{"line":15,"column":0},"end":{"line":55,"column":1}}},"1":{"name":"(anonymous_3)","decl":{"start":{"line":28,"column":13},"end":{"line":28,"column":14}},"loc":{"start":{"line":28,"column":27},"end":{"line":33,"column":3}}}},"branchMap":{"0":{"loc":{"start":{"line":29,"column":4},"end":{"line":31,"column":5}},"type":"if","locations":[{"start":{"line":29,"column":4},"end":{"line":31,"column":5}}]}},"s":{"0":1,"1":1,"2":1,"3":0,"4":0,"5":0,"6":1,"7":1,"8":1,"9":1,"10":0,"11":0,"12":0,"13":1,"14":1,"15":1,"16":1,"17":1},"f":{"0":0,"1":0},"b":{"0":[0]}}
,"/Users/mveldridge/trend-backend/src/budgets/dto/update-budget.dto.ts": {"path":"/Users/mveldridge/trend-backend/src/budgets/dto/update-budget.dto.ts","statementMap":{"0":{"start":{"line":1,"column":0},"end":{"line":1,"column":null}},"1":{"start":{"line":12,"column":0},"end":{"line":12,"column":46}},"2":{"start":{"line":13,"column":0},"end":{"line":13,"column":46}},"3":{"start":{"line":15,"column":0},"end":{"line":15,"column":13}},"4":{"start":{"line":19,"column":2},"end":{"line":19,"column":null}},"5":{"start":{"line":24,"column":2},"end":{"line":24,"column":null}},"6":{"start":{"line":31,"column":2},"end":{"line":31,"column":null}},"7":{"start":{"line":30,"column":28},"end":{"line":30,"column":45}},"8":{"start":{"line":36,"column":2},"end":{"line":36,"column":null}},"9":{"start":{"line":40,"column":2},"end":{"line":40,"column":null}},"10":{"start":{"line":44,"column":2},"end":{"line":44,"column":null}},"11":{"start":{"line":48,"column":2},"end":{"line":48,"column":null}},"12":{"start":{"line":52,"column":2},"end":{"line":52,"column":null}}},"fnMap":{"0":{"name":"(anonymous_2)","decl":{"start":{"line":30,"column":13},"end":{"line":30,"column":14}},"loc":{"start":{"line":30,"column":28},"end":{"line":30,"column":45}}}},"branchMap":{},"s":{"0":1,"1":1,"2":1,"3":1,"4":1,"5":1,"6":1,"7":0,"8":1,"9":1,"10":1,"11":1,"12":1},"f":{"0":0},"b":{}}
,"/Users/mveldridge/trend-backend/src/budgets/repositories/budgets.repository.ts": {"path":"/Users/mveldridge/trend-backend/src/budgets/repositories/budgets.repository.ts","statementMap":{"0":{"start":{"line":1,"column":0},"end":{"line":1,"column":44}},"1":{"start":{"line":2,"column":0},"end":{"line":2,"column":54}},"2":{"start":{"line":3,"column":0},"end":{"line":3,"column":64}},"3":{"start":{"line":4,"column":0},"end":{"line":4,"column":62}},"4":{"start":{"line":9,"column":7},"end":{"line":234,"column":null}},"5":{"start":{"line":13,"column":4},"end":{"line":13,"column":18}},"6":{"start":{"line":14,"column":4},"end":{"line":14,"column":25}},"7":{"start":{"line":19,"column":4},"end":{"line":21,"column":5}},"8":{"start":{"line":20,"column":6},"end":{"line":20,"column":66}},"9":{"start":{"line":23,"column":4},"end":{"line":40,"column":7}},"10":{"start":{"line":44,"column":17},"end":{"line":44,"column":35}},"11":{"start":{"line":46,"column":29},"end":{"line":65,"column":6}},"12":{"start":{"line":67,"column":4},"end":{"line":75,"column":6}},"13":{"start":{"line":79,"column":4},"end":{"line":100,"column":7}},"14":{"start":{"line":104,"column":28},"end":{"line":104,"column":39}},"15":{"start":{"line":106,"column":4},"end":{"line":108,"column":5}},"16":{"start":{"line":107,"column":6},"end":{"line":107,"column":68}},"17":{"start":{"line":109,"column":4},"end":{"line":111,"column":5}},"18":{"start":{"line":110,"column":6},"end":{"line":110,"column":54}},"19":{"start":{"line":112,"column":4},"end":{"line":114,"column":5}},"20":{"start":{"line":113,"column":6},"end":{"line":113,"column":50}},"21":{"start":{"line":116,"column":4},"end":{"line":124,"column":7}},"22":{"start":{"line":128,"column":4},"end":{"line":130,"column":7}},"23":{"start":{"line":134,"column":19},"end":{"line":152,"column":6}},"24":{"start":{"line":154,"column":4},"end":{"line":154,"column":29}},"25":{"start":{"line":154,"column":17},"end":{"line":154,"column":29}},"26":{"start":{"line":157,"column":32},"end":{"line":158,"column":null}},"27":{"start":{"line":158,"column":13},"end":{"line":158,"column":33}},"28":{"start":{"line":160,"column":24},"end":{"line":162,"column":null}},"29":{"start":{"line":161,"column":18},"end":{"line":161,"column":55}},"30":{"start":{"line":166,"column":24},"end":{"line":166,"column":33}},"31":{"start":{"line":167,"column":4},"end":{"line":188,"column":7}},"32":{"start":{"line":168,"column":25},"end":{"line":168,"column":56}},"33":{"start":{"line":169,"column":27},"end":{"line":169,"column":62}},"34":{"start":{"line":170,"column":21},"end":{"line":170,"column":52}},"35":{"start":{"line":172,"column":6},"end":{"line":187,"column":7}},"36":{"start":{"line":173,"column":25},"end":{"line":173,"column":52}},"37":{"start":{"line":174,"column":8},"end":{"line":178,"column":11}},"38":{"start":{"line":180,"column":8},"end":{"line":186,"column":11}},"39":{"start":{"line":191,"column":30},"end":{"line":194,"column":7}},"40":{"start":{"line":191,"column":77},"end":{"line":194,"column":6}},"41":{"start":{"line":197,"column":24},"end":{"line":197,"column":33}},"42":{"start":{"line":198,"column":4},"end":{"line":202,"column":7}},"43":{"start":{"line":199,"column":22},"end":{"line":199,"column":56}},"44":{"start":{"line":200,"column":21},"end":{"line":200,"column":52}},"45":{"start":{"line":201,"column":6},"end":{"line":201,"column":73}},"46":{"start":{"line":204,"column":26},"end":{"line":224,"column":null}},"47":{"start":{"line":205,"column":26},"end":{"line":205,"column":44}},"48":{"start":{"line":209,"column":12},"end":{"line":211,"column":26}},"49":{"start":{"line":213,"column":10},"end":{"line":217,"column":13}},"50":{"start":{"line":218,"column":10},"end":{"line":218,"column":21}},"51":{"start":{"line":227,"column":4},"end":{"line":232,"column":6}},"52":{"start":{"line":9,"column":13},"end":{"line":9,"column":30}},"53":{"start":{"line":9,"column":13},"end":{"line":234,"column":null}}},"fnMap":{"0":{"name":"(anonymous_2)","decl":{"start":{"line":12,"column":2},"end":{"line":12,"column":14}},"loc":{"start":{"line":12,"column":35},"end":{"line":15,"column":3}}},"1":{"name":"(anonymous_3)","decl":{"start":{"line":17,"column":2},"end":{"line":17,"column":7}},"loc":{"start":{"line":17,"column":52},"end":{"line":41,"column":3}}},"2":{"name":"(anonymous_4)","decl":{"start":{"line":43,"column":2},"end":{"line":43,"column":7}},"loc":{"start":{"line":43,"column":73},"end":{"line":76,"column":3}}},"3":{"name":"(anonymous_5)","decl":{"start":{"line":78,"column":2},"end":{"line":78,"column":7}},"loc":{"start":{"line":78,"column":52},"end":{"line":101,"column":3}}},"4":{"name":"(anonymous_6)","decl":{"start":{"line":103,"column":2},"end":{"line":103,"column":7}},"loc":{"start":{"line":103,"column":64},"end":{"line":125,"column":3}}},"5":{"name":"(anonymous_7)","decl":{"start":{"line":127,"column":2},"end":{"line":127,"column":7}},"loc":{"start":{"line":127,"column":41},"end":{"line":131,"column":3}}},"6":{"name":"(anonymous_8)","decl":{"start":{"line":133,"column":2},"end":{"line":133,"column":7}},"loc":{"start":{"line":133,"column":53},"end":{"line":233,"column":3}}},"7":{"name":"(anonymous_9)","decl":{"start":{"line":158,"column":6},"end":{"line":158,"column":7}},"loc":{"start":{"line":158,"column":13},"end":{"line":158,"column":33}}},"8":{"name":"(anonymous_10)","decl":{"start":{"line":161,"column":6},"end":{"line":161,"column":7}},"loc":{"start":{"line":161,"column":18},"end":{"line":161,"column":55}}},"9":{"name":"(anonymous_11)","decl":{"start":{"line":167,"column":32},"end":{"line":167,"column":33}},"loc":{"start":{"line":167,"column":38},"end":{"line":188,"column":5}}},"10":{"name":"(anonymous_12)","decl":{"start":{"line":191,"column":67},"end":{"line":191,"column":68}},"loc":{"start":{"line":191,"column":77},"end":{"line":194,"column":6}}},"11":{"name":"(anonymous_13)","decl":{"start":{"line":198,"column":32},"end":{"line":198,"column":33}},"loc":{"start":{"line":198,"column":38},"end":{"line":202,"column":5}}},"12":{"name":"(anonymous_14)","decl":{"start":{"line":205,"column":12},"end":{"line":205,"column":13}},"loc":{"start":{"line":205,"column":26},"end":{"line":205,"column":44}}},"13":{"name":"(anonymous_15)","decl":{"start":{"line":207,"column":8},"end":{"line":207,"column":9}},"loc":{"start":{"line":207,"column":43},"end":{"line":219,"column":9}}}},"branchMap":{"0":{"loc":{"start":{"line":19,"column":4},"end":{"line":21,"column":5}},"type":"if","locations":[{"start":{"line":19,"column":4},"end":{"line":21,"column":5}}]},"1":{"loc":{"start":{"line":19,"column":8},"end":{"line":19,"column":52}},"type":"binary-expr","locations":[{"start":{"line":19,"column":8},"end":{"line":19,"column":25}},{"start":{"line":19,"column":29},"end":{"line":19,"column":52}}]},"2":{"loc":{"start":{"line":26,"column":21},"end":{"line":26,"column":45}},"type":"binary-expr","locations":[{"start":{"line":26,"column":21},"end":{"line":26,"column":37}},{"start":{"line":26,"column":41},"end":{"line":26,"column":45}}]},"3":{"loc":{"start":{"line":29,"column":18},"end":{"line":29,"column":40}},"type":"binary-expr","locations":[{"start":{"line":29,"column":18},"end":{"line":29,"column":31}},{"start":{"line":29,"column":35},"end":{"line":29,"column":40}}]},"4":{"loc":{"start":{"line":31,"column":17},"end":{"line":31,"column":61}},"type":"cond-expr","locations":[{"start":{"line":31,"column":32},"end":{"line":31,"column":54}},{"start":{"line":31,"column":57},"end":{"line":31,"column":61}}]},"5":{"loc":{"start":{"line":32,"column":21},"end":{"line":32,"column":77}},"type":"cond-expr","locations":[{"start":{"line":32,"column":54},"end":{"line":32,"column":70}},{"start":{"line":32,"column":73},"end":{"line":32,"column":77}}]},"6":{"loc":{"start":{"line":33,"column":17},"end":{"line":33,"column":68}},"type":"binary-expr","locations":[{"start":{"line":33,"column":17},"end":{"line":33,"column":45}},{"start":{"line":33,"column":49},"end":{"line":33,"column":68}}]},"7":{"loc":{"start":{"line":43,"column":37},"end":{"line":43,"column":53}},"type":"default-arg","locations":[{"start":{"line":43,"column":52},"end":{"line":43,"column":53}}]},"8":{"loc":{"start":{"line":43,"column":55},"end":{"line":43,"column":73}},"type":"default-arg","locations":[{"start":{"line":43,"column":71},"end":{"line":43,"column":73}}]},"9":{"loc":{"start":{"line":106,"column":4},"end":{"line":108,"column":5}},"type":"if","locations":[{"start":{"line":106,"column":4},"end":{"line":108,"column":5}}]},"10":{"loc":{"start":{"line":109,"column":4},"end":{"line":111,"column":5}},"type":"if","locations":[{"start":{"line":109,"column":4},"end":{"line":111,"column":5}}]},"11":{"loc":{"start":{"line":112,"column":4},"end":{"line":114,"column":5}},"type":"if","locations":[{"start":{"line":112,"column":4},"end":{"line":114,"column":5}}]},"12":{"loc":{"start":{"line":154,"column":4},"end":{"line":154,"column":29}},"type":"if","locations":[{"start":{"line":154,"column":4},"end":{"line":154,"column":29}}]},"13":{"loc":{"start":{"line":168,"column":25},"end":{"line":168,"column":56}},"type":"binary-expr","locations":[{"start":{"line":168,"column":25},"end":{"line":168,"column":37}},{"start":{"line":168,"column":41},"end":{"line":168,"column":56}}]},"14":{"loc":{"start":{"line":169,"column":27},"end":{"line":169,"column":62}},"type":"binary-expr","locations":[{"start":{"line":169,"column":27},"end":{"line":169,"column":43}},{"start":{"line":169,"column":47},"end":{"line":169,"column":62}}]},"15":{"loc":{"start":{"line":172,"column":6},"end":{"line":187,"column":7}},"type":"if","locations":[{"start":{"line":172,"column":6},"end":{"line":187,"column":7}},{"start":{"line":179,"column":13},"end":{"line":187,"column":7}}]},"16":{"loc":{"start":{"line":193,"column":18},"end":{"line":193,"column":72}},"type":"cond-expr","locations":[{"start":{"line":193,"column":36},"end":{"line":193,"column":68}},{"start":{"line":193,"column":71},"end":{"line":193,"column":72}}]},"17":{"loc":{"start":{"line":201,"column":32},"end":{"line":201,"column":61}},"type":"binary-expr","locations":[{"start":{"line":201,"column":32},"end":{"line":201,"column":56}},{"start":{"line":201,"column":60},"end":{"line":201,"column":61}}]},"18":{"loc":{"start":{"line":209,"column":12},"end":{"line":211,"column":26}},"type":"cond-expr","locations":[{"start":{"line":210,"column":16},"end":{"line":210,"column":64}},{"start":{"line":211,"column":16},"end":{"line":211,"column":26}}]}},"s":{"0":1,"1":1,"2":1,"3":1,"4":1,"5":0,"6":0,"7":0,"8":0,"9":0,"10":0,"11":0,"12":0,"13":0,"14":0,"15":0,"16":0,"17":0,"18":0,"19":0,"20":0,"21":0,"22":0,"23":0,"24":0,"25":0,"26":0,"27":0,"28":0,"29":0,"30":0,"31":0,"32":0,"33":0,"34":0,"35":0,"36":0,"37":0,"38":0,"39":0,"40":0,"41":0,"42":0,"43":0,"44":0,"45":0,"46":0,"47":0,"48":0,"49":0,"50":0,"51":0,"52":1,"53":1},"f":{"0":0,"1":0,"2":0,"3":0,"4":0,"5":0,"6":0,"7":0,"8":0,"9":0,"10":0,"11":0,"12":0,"13":0},"b":{"0":[0],"1":[0,0],"2":[0,0],"3":[0,0],"4":[0,0],"5":[0,0],"6":[0,0],"7":[0],"8":[0],"9":[0],"10":[0],"11":[0],"12":[0],"13":[0,0],"14":[0,0],"15":[0,0],"16":[0,0],"17":[0,0],"18":[0,0]}}
,"/Users/mveldridge/trend-backend/src/categories/categories.controller.ts": {"path":"/Users/mveldridge/trend-backend/src/categories/categories.controller.ts","statementMap":{"0":{"start":{"line":1,"column":0},"end":{"line":1,"column":null}},"1":{"start":{"line":15,"column":0},"end":{"line":15,"column":61}},"2":{"start":{"line":16,"column":0},"end":{"line":16,"column":57}},"3":{"start":{"line":17,"column":0},"end":{"line":17,"column":62}},"4":{"start":{"line":18,"column":0},"end":{"line":18,"column":62}},"5":{"start":{"line":19,"column":0},"end":{"line":19,"column":46}},"6":{"start":{"line":23,"column":7},"end":{"line":137,"column":null}},"7":{"start":{"line":24,"column":31},"end":{"line":24,"column":50}},"8":{"start":{"line":28,"column":4},"end":{"line":28,"column":77}},"9":{"start":{"line":42,"column":20},"end":{"line":50,"column":6}},"10":{"start":{"line":53,"column":19},"end":{"line":57,"column":null}},"11":{"start":{"line":61,"column":4},"end":{"line":61,"column":18}},"12":{"start":{"line":66,"column":4},"end":{"line":66,"column":56}},"13":{"start":{"line":74,"column":4},"end":{"line":74,"column":80}},"14":{"start":{"line":79,"column":4},"end":{"line":79,"column":64}},"15":{"start":{"line":84,"column":4},"end":{"line":84,"column":63}},"16":{"start":{"line":94,"column":18},"end":{"line":94,"column":61}},"17":{"start":{"line":95,"column":16},"end":{"line":95,"column":55}},"18":{"start":{"line":97,"column":4},"end":{"line":102,"column":6}},"19":{"start":{"line":111,"column":4},"end":{"line":115,"column":6}},"20":{"start":{"line":125,"column":20},"end":{"line":128,"column":6}},"21":{"start":{"line":130,"column":4},"end":{"line":130,"column":71}},"22":{"start":{"line":135,"column":4},"end":{"line":135,"column":63}},"23":{"start":{"line":23,"column":13},"end":{"line":23,"column":33}},"24":{"start":{"line":27,"column":8},"end":{"line":29,"column":null}},"25":{"start":{"line":32,"column":8},"end":{"line":62,"column":null}},"26":{"start":{"line":65,"column":8},"end":{"line":67,"column":null}},"27":{"start":{"line":70,"column":8},"end":{"line":75,"column":null}},"28":{"start":{"line":78,"column":8},"end":{"line":80,"column":null}},"29":{"start":{"line":83,"column":8},"end":{"line":85,"column":null}},"30":{"start":{"line":88,"column":8},"end":{"line":103,"column":null}},"31":{"start":{"line":106,"column":8},"end":{"line":116,"column":null}},"32":{"start":{"line":119,"column":8},"end":{"line":131,"column":null}},"33":{"start":{"line":134,"column":8},"end":{"line":136,"column":null}},"34":{"start":{"line":23,"column":13},"end":{"line":137,"column":null}}},"fnMap":{"0":{"name":"(anonymous_4)","decl":{"start":{"line":24,"column":2},"end":{"line":24,"column":31}},"loc":{"start":{"line":24,"column":67},"end":{"line":24,"column":71}}},"1":{"name":"(anonymous_5)","decl":{"start":{"line":27,"column":2},"end":{"line":27,"column":7}},"loc":{"start":{"line":27,"column":75},"end":{"line":29,"column":3}}},"2":{"name":"(anonymous_6)","decl":{"start":{"line":32,"column":2},"end":{"line":32,"column":7}},"loc":{"start":{"line":40,"column":78},"end":{"line":62,"column":3}}},"3":{"name":"(anonymous_7)","decl":{"start":{"line":65,"column":2},"end":{"line":65,"column":7}},"loc":{"start":{"line":65,"column":27},"end":{"line":67,"column":3}}},"4":{"name":"(anonymous_8)","decl":{"start":{"line":70,"column":2},"end":{"line":70,"column":7}},"loc":{"start":{"line":72,"column":78},"end":{"line":75,"column":3}}},"5":{"name":"(anonymous_9)","decl":{"start":{"line":78,"column":2},"end":{"line":78,"column":7}},"loc":{"start":{"line":78,"column":44},"end":{"line":80,"column":3}}},"6":{"name":"(anonymous_10)","decl":{"start":{"line":83,"column":2},"end":{"line":83,"column":7}},"loc":{"start":{"line":83,"column":55},"end":{"line":85,"column":3}}},"7":{"name":"(anonymous_11)","decl":{"start":{"line":88,"column":2},"end":{"line":88,"column":7}},"loc":{"start":{"line":92,"column":38},"end":{"line":103,"column":3}}},"8":{"name":"(anonymous_12)","decl":{"start":{"line":106,"column":2},"end":{"line":106,"column":7}},"loc":{"start":{"line":109,"column":48},"end":{"line":116,"column":3}}},"9":{"name":"(anonymous_13)","decl":{"start":{"line":119,"column":2},"end":{"line":119,"column":7}},"loc":{"start":{"line":123,"column":34},"end":{"line":131,"column":3}}},"10":{"name":"(anonymous_14)","decl":{"start":{"line":134,"column":2},"end":{"line":134,"column":7}},"loc":{"start":{"line":134,"column":55},"end":{"line":136,"column":3}}}},"branchMap":{"0":{"loc":{"start":{"line":39,"column":58},"end":{"line":39,"column":74}},"type":"default-arg","locations":[{"start":{"line":39,"column":73},"end":{"line":39,"column":74}}]},"1":{"loc":{"start":{"line":40,"column":60},"end":{"line":40,"column":78}},"type":"default-arg","locations":[{"start":{"line":40,"column":76},"end":{"line":40,"column":78}}]},"2":{"loc":{"start":{"line":43,"column":10},"end":{"line":43,"column":26}},"type":"binary-expr","locations":[{"start":{"line":43,"column":10},"end":{"line":43,"column":14}},{"start":{"line":43,"column":18},"end":{"line":43,"column":26}}]},"3":{"loc":{"start":{"line":44,"column":10},"end":{"line":44,"column":69}},"type":"binary-expr","locations":[{"start":{"line":44,"column":10},"end":{"line":44,"column":32}},{"start":{"line":44,"column":36},"end":{"line":44,"column":69}}]},"4":{"loc":{"start":{"line":45,"column":10},"end":{"line":45,"column":34}},"type":"binary-expr","locations":[{"start":{"line":45,"column":10},"end":{"line":45,"column":18}},{"start":{"line":45,"column":22},"end":{"line":45,"column":34}}]},"5":{"loc":{"start":{"line":46,"column":10},"end":{"line":46,"column":30}},"type":"binary-expr","locations":[{"start":{"line":46,"column":10},"end":{"line":46,"column":16}},{"start":{"line":46,"column":20},"end":{"line":46,"column":30}}]},"6":{"loc":{"start":{"line":47,"column":10},"end":{"line":49,"column":8}},"type":"binary-expr","locations":[{"start":{"line":47,"column":10},"end":{"line":47,"column":39}},{"start":{"line":47,"column":43},"end":{"line":49,"column":8}}]},"7":{"loc":{"start":{"line":72,"column":60},"end":{"line":72,"column":78}},"type":"default-arg","locations":[{"start":{"line":72,"column":76},"end":{"line":72,"column":78}}]},"8":{"loc":{"start":{"line":94,"column":18},"end":{"line":94,"column":61}},"type":"cond-expr","locations":[{"start":{"line":94,"column":30},"end":{"line":94,"column":49}},{"start":{"line":94,"column":52},"end":{"line":94,"column":61}}]},"9":{"loc":{"start":{"line":95,"column":16},"end":{"line":95,"column":55}},"type":"cond-expr","locations":[{"start":{"line":95,"column":26},"end":{"line":95,"column":43}},{"start":{"line":95,"column":46},"end":{"line":95,"column":55}}]}},"s":{"0":1,"1":1,"2":1,"3":1,"4":1,"5":1,"6":1,"7":9,"8":1,"9":2,"10":2,"11":2,"12":1,"13":1,"14":0,"15":1,"16":0,"17":0,"18":0,"19":1,"20":1,"21":1,"22":1,"23":1,"24":1,"25":1,"26":1,"27":1,"28":1,"29":1,"30":1,"31":1,"32":1,"33":1,"34":1},"f":{"0":9,"1":1,"2":2,"3":1,"4":1,"5":0,"6":1,"7":0,"8":1,"9":1,"10":1},"b":{"0":[1],"1":[1],"2":[2,1],"3":[2,0],"4":[2,0],"5":[2,0],"6":[2,0],"7":[0],"8":[0,0],"9":[0,0]}}
,"/Users/mveldridge/trend-backend/src/categories/categories.service.ts": {"path":"/Users/mveldridge/trend-backend/src/categories/categories.service.ts","statementMap":{"0":{"start":{"line":1,"column":0},"end":{"line":1,"column":null}},"1":{"start":{"line":8,"column":0},"end":{"line":8,"column":76}},"2":{"start":{"line":41,"column":7},"end":{"line":364,"column":null}},"3":{"start":{"line":42,"column":31},"end":{"line":42,"column":53}},"4":{"start":{"line":49,"column":31},"end":{"line":51,"column":null}},"5":{"start":{"line":54,"column":23},"end":{"line":55,"column":null}},"6":{"start":{"line":55,"column":15},"end":{"line":55,"column":78}},"7":{"start":{"line":58,"column":4},"end":{"line":60,"column":5}},"8":{"start":{"line":59,"column":6},"end":{"line":59,"column":76}},"9":{"start":{"line":63,"column":4},"end":{"line":71,"column":5}},"10":{"start":{"line":64,"column":29},"end":{"line":66,"column":null}},"11":{"start":{"line":68,"column":6},"end":{"line":70,"column":7}},"12":{"start":{"line":69,"column":8},"end":{"line":69,"column":65}},"13":{"start":{"line":73,"column":25},"end":{"line":83,"column":6}},"14":{"start":{"line":85,"column":21},"end":{"line":85,"column":73}},"15":{"start":{"line":86,"column":4},"end":{"line":86,"column":35}},"16":{"start":{"line":106,"column":17},"end":{"line":106,"column":35}},"17":{"start":{"line":108,"column":6},"end":{"line":111,"column":8}},"18":{"start":{"line":113,"column":4},"end":{"line":118,"column":6}},"19":{"start":{"line":114,"column":42},"end":{"line":114,"column":60}},"20":{"start":{"line":122,"column":21},"end":{"line":122,"column":73}},"21":{"start":{"line":123,"column":4},"end":{"line":125,"column":5}},"22":{"start":{"line":124,"column":6},"end":{"line":124,"column":56}},"23":{"start":{"line":126,"column":4},"end":{"line":126,"column":35}},"24":{"start":{"line":134,"column":29},"end":{"line":136,"column":null}},"25":{"start":{"line":138,"column":4},"end":{"line":140,"column":5}},"26":{"start":{"line":139,"column":6},"end":{"line":139,"column":56}},"27":{"start":{"line":142,"column":4},"end":{"line":144,"column":5}},"28":{"start":{"line":143,"column":6},"end":{"line":143,"column":71}},"29":{"start":{"line":146,"column":4},"end":{"line":164,"column":5}},"30":{"start":{"line":150,"column":33},"end":{"line":152,"column":null}},"31":{"start":{"line":155,"column":25},"end":{"line":158,"column":null}},"32":{"start":{"line":157,"column":10},"end":{"line":158,"column":23}},"33":{"start":{"line":161,"column":6},"end":{"line":163,"column":7}},"34":{"start":{"line":162,"column":8},"end":{"line":162,"column":78}},"35":{"start":{"line":166,"column":4},"end":{"line":178,"column":5}},"36":{"start":{"line":167,"column":29},"end":{"line":169,"column":null}},"37":{"start":{"line":171,"column":6},"end":{"line":173,"column":7}},"38":{"start":{"line":172,"column":8},"end":{"line":172,"column":65}},"39":{"start":{"line":175,"column":6},"end":{"line":177,"column":7}},"40":{"start":{"line":176,"column":8},"end":{"line":176,"column":75}},"41":{"start":{"line":180,"column":28},"end":{"line":183,"column":null}},"42":{"start":{"line":185,"column":4},"end":{"line":185,"column":42}},"43":{"start":{"line":193,"column":21},"end":{"line":193,"column":73}},"44":{"start":{"line":194,"column":4},"end":{"line":196,"column":5}},"45":{"start":{"line":195,"column":6},"end":{"line":195,"column":56}},"46":{"start":{"line":198,"column":4},"end":{"line":200,"column":5}},"47":{"start":{"line":199,"column":6},"end":{"line":199,"column":71}},"48":{"start":{"line":204,"column":6},"end":{"line":204,"column":74}},"49":{"start":{"line":205,"column":26},"end":{"line":205,"column":48}},"50":{"start":{"line":208,"column":4},"end":{"line":230,"column":5}},"51":{"start":{"line":209,"column":21},"end":{"line":209,"column":71}},"52":{"start":{"line":210,"column":25},"end":{"line":210,"column":77}},"53":{"start":{"line":211,"column":23},"end":{"line":213,"column":24}},"54":{"start":{"line":217,"column":9},"end":{"line":217,"column":74}},"55":{"start":{"line":217,"column":59},"end":{"line":217,"column":67}},"56":{"start":{"line":219,"column":37},"end":{"line":227,"column":8}},"57":{"start":{"line":229,"column":6},"end":{"line":229,"column":45}},"58":{"start":{"line":232,"column":4},"end":{"line":236,"column":5}},"59":{"start":{"line":233,"column":6},"end":{"line":233,"column":66}},"60":{"start":{"line":235,"column":6},"end":{"line":235,"column":70}},"61":{"start":{"line":240,"column":7},"end":{"line":240,"column":72}},"62":{"start":{"line":240,"column":57},"end":{"line":240,"column":65}},"63":{"start":{"line":242,"column":4},"end":{"line":248,"column":6}},"64":{"start":{"line":252,"column":21},"end":{"line":254,"column":null}},"65":{"start":{"line":256,"column":4},"end":{"line":258,"column":5}},"66":{"start":{"line":257,"column":6},"end":{"line":257,"column":65}},"67":{"start":{"line":260,"column":26},"end":{"line":262,"column":null}},"68":{"start":{"line":265,"column":4},"end":{"line":268,"column":6}},"69":{"start":{"line":273,"column":6},"end":{"line":273,"column":64}},"70":{"start":{"line":274,"column":4},"end":{"line":274,"column":55}},"71":{"start":{"line":274,"column":35},"end":{"line":274,"column":53}},"72":{"start":{"line":278,"column":23},"end":{"line":278,"column":76}},"73":{"start":{"line":279,"column":4},"end":{"line":279,"column":55}},"74":{"start":{"line":279,"column":35},"end":{"line":279,"column":53}},"75":{"start":{"line":288,"column":27},"end":{"line":288,"column":48}},"76":{"start":{"line":290,"column":6},"end":{"line":291,"column":71}},"77":{"start":{"line":293,"column":22},"end":{"line":296,"column":null}},"78":{"start":{"line":299,"column":4},"end":{"line":301,"column":5}},"79":{"start":{"line":300,"column":6},"end":{"line":300,"column":56}},"80":{"start":{"line":303,"column":30},"end":{"line":305,"column":9}},"81":{"start":{"line":307,"column":68},"end":{"line":307,"column":76}},"82":{"start":{"line":308,"column":4},"end":{"line":313,"column":5}},"83":{"start":{"line":309,"column":33},"end":{"line":309,"column":79}},"84":{"start":{"line":310,"column":6},"end":{"line":312,"column":70}},"85":{"start":{"line":310,"column":37},"end":{"line":310,"column":62}},"86":{"start":{
[...]
2,"column":8},"end":{"line":42,"column":76}},"type":"binary-expr","locations":[{"start":{"line":42,"column":8},"end":{"line":42,"column":27}},{"start":{"line":42,"column":31},"end":{"line":42,"column":76}}]},"5":{"loc":{"start":{"line":46,"column":6},"end":{"line":48,"column":7}},"type":"if","locations":[{"start":{"line":46,"column":6},"end":{"line":48,"column":7}}]},"6":{"loc":{"start":{"line":68,"column":4},"end":{"line":70,"column":5}},"type":"if","locations":[{"start":{"line":68,"column":4},"end":{"line":70,"column":5}}]},"7":{"loc":{"start":{"line":77,"column":14},"end":{"line":77,"column":59}},"type":"cond-expr","locations":[{"start":{"line":77,"column":28},"end":{"line":77,"column":47}},{"start":{"line":77,"column":50},"end":{"line":77,"column":59}}]},"8":{"loc":{"start":{"line":78,"column":23},"end":{"line":80,"column":19}},"type":"cond-expr","locations":[{"start":{"line":79,"column":10},"end":{"line":79,"column":44}},{"start":{"line":80,"column":10},"end":{"line":80,"column":19}}]},"9":{"loc":{"start":{"line":81,"column":19},"end":{"line":83,"column":19}},"type":"cond-expr","locations":[{"start":{"line":82,"column":10},"end":{"line":82,"column":40}},{"start":{"line":83,"column":10},"end":{"line":83,"column":19}}]},"10":{"loc":{"start":{"line":104,"column":4},"end":{"line":106,"column":5}},"type":"if","locations":[{"start":{"line":104,"column":4},"end":{"line":106,"column":5}}]},"11":{"loc":{"start":{"line":118,"column":14},"end":{"line":118,"column":73}},"type":"cond-expr","locations":[{"start":{"line":118,"column":35},"end":{"line":118,"column":61}},{"start":{"line":118,"column":64},"end":{"line":118,"column":73}}]},"12":{"loc":{"start":{"line":119,"column":23},"end":{"line":121,"column":19}},"type":"cond-expr","locations":[{"start":{"line":120,"column":10},"end":{"line":120,"column":51}},{"start":{"line":121,"column":10},"end":{"line":121,"column":19}}]},"13":{"loc":{"start":{"line":122,"column":19},"end":{"line":124,"column":19}},"type":"cond-expr","locations":[{"start":{"line":123,"column":10},"end":{"line":123,"column":47}},{"start":{"line":124,"column":10},"end":{"line":124,"column":19}}]},"14":{"loc":{"start":{"line":132,"column":4},"end":{"line":134,"column":5}},"type":"if","locations":[{"start":{"line":132,"column":4},"end":{"line":134,"column":5}}]},"15":{"loc":{"start":{"line":168,"column":6},"end":{"line":170,"column":7}},"type":"if","locations":[{"start":{"line":168,"column":6},"end":{"line":170,"column":7}}]},"16":{"loc":{"start":{"line":168,"column":10},"end":{"line":168,"column":76}},"type":"binary-expr","locations":[{"start":{"line":168,"column":10},"end":{"line":168,"column":42}},{"start":{"line":168,"column":46},"end":{"line":168,"column":76}}]},"17":{"loc":{"start":{"line":204,"column":4},"end":{"line":206,"column":5}},"type":"if","locations":[{"start":{"line":204,"column":4},"end":{"line":206,"column":5}}]},"18":{"loc":{"start":{"line":222,"column":4},"end":{"line":231,"column":5}},"type":"if","locations":[{"start":{"line":222,"column":4},"end":{"line":231,"column":5}}]},"19":{"loc":{"start":{"line":225,"column":8},"end":{"line":227,"column":9}},"type":"if","locations":[{"start":{"line":225,"column":8},"end":{"line":227,"column":9}}]},"20":{"loc":{"start":{"line":258,"column":4},"end":{"line":260,"column":5}},"type":"if","locations":[{"start":{"line":258,"column":4},"end":{"line":260,"column":5}}]},"21":{"loc":{"start":{"line":285,"column":16},"end":{"line":285,"column":56}},"type":"cond-expr","locations":[{"start":{"line":285,"column":30},"end":{"line":285,"column":49}},{"start":{"line":285,"column":52},"end":{"line":285,"column":56}}]},"22":{"loc":{"start":{"line":286,"column":23},"end":{"line":286,"column":77}},"type":"cond-expr","locations":[{"start":{"line":286,"column":44},"end":{"line":286,"column":70}},{"start":{"line":286,"column":73},"end":{"line":286,"column":77}}]},"23":{"loc":{"start":{"line":287,"column":24},"end":{"line":287,"column":80}},"type":"cond-expr","locations":[{"start":{"line":287,"column":46},"end":{"line":287,"column":73}},{"start":{"line":287,"column":76},"end":{"line":287,"column":80}}]},"24":{"loc":{"start":{"line":297,"column":23},"end":{"line":297,"column":71}},"type":"cond-expr","locations":[{"start":{"line":297,"column":41},"end":{"line":297,"column":64}},{"start":{"line":297,"column":67},"end":{"line":297,"column":71}}]},"25":{"loc":{"start":{"line":311,"column":24},"end":{"line":311,"column":74}},"type":"cond-expr","locations":[{"start":{"line":311,"column":43},"end":{"line":311,"column":67}},{"start":{"line":311,"column":70},"end":{"line":311,"column":74}}]},"26":{"loc":{"start":{"line":332,"column":4},"end":{"line":334,"column":5}},"type":"if","locations":[{"start":{"line":332,"column":4},"end":{"line":334,"column":5}}]},"27":{"loc":{"start":{"line":357,"column":14},"end":{"line":357,"column":59}},"type":"cond-expr","locations":[{"start":{"line":357,"column":28},"end":{"line":357,"column":47}},{"start":{"line":357,"column":50},"end":{"line":357,"column":59}}]},"28":{"loc":{"start":{"line":358,"column":21},"end":{"line":360,"column":19}},"type":"cond-expr","locations":[{"start":{"line":359,"column":10},"end":{"line":359,"column":36}},{"start":{"line":360,"column":10},"end":{"line":360,"column":19}}]},"29":{"loc":{"start":{"line":361,"column":22},"end":{"line":363,"column":19}},"type":"cond-expr","locations":[{"start":{"line":362,"column":10},"end":{"line":362,"column":37}},{"start":{"line":363,"column":10},"end":{"line":363,"column":19}}]}},"s":{"0":2,"1":2,"2":2,"3":2,"4":22,"5":22,"6":2,"7":2,"8":1,"9":1,"10":2,"11":2,"12":1,"13":1,"14":3,"15":3,"16":1,"17":2,"18":1,"19":1,"20":1,"21":1,"22":1,"23":2,"24":2,"25":1,"26":1,"27":0,"28":0,"29":0,"30":0,"31":0,"32":2,"33":2,"34":1,"35":1,"36":2,"37":2,"38":1,"39":2,"40":2,"41":2,"42":2,"43":1,"44":1,"45":1,"46":1,"47":2,"48":2,"49":1,"50":1,"51":0,"52":0,"53":0,"54":0,"55":0,"56":0,"57":0,"58":0,"59":1,"60":2,"61":2,"62":1,"63":1,"64":1,"65":1,"66":0,"67":0,"68":0,"69":0,"70":0,"71":0,"72":2,"73":2,"74":1,"75":1,"76":1,"77":1,"78":1,"79":1,"80":1,"81":1,"82":1,"83":1,"84":1,"85":3,"86":3,"87":2,"88":2},"f":{"0":22,"1":2,"2":2,"3":3,"4":2,"5":0,"6":2,"7":2,"8":1,"9":2,"10":2,"11":0,"12":1,"13":2,"14":0,"15":0,"16":0,"17":0,"18":0,"19":0,"20":2,"21":1,"22":3},"b":{"0":[1],"1":[1],"2":[1],"3":[1],"4":[2,1],"5":[1],"6":[1],"7":[1,0],"8":[1,0],"9":[1,0],"10":[0],"11":[0,0],"12":[0,0],"13":[0,0],"14":[1],"15":[1],"16":[2,1],"17":[1],"18":[0],"19":[0],"20":[1],"21":[1,0],"22":[1,0],"23":[1,0],"24":[0,0],"25":[0,0],"26":[1],"27":[3,0],"28":[3,0],"29":[3,0]}}
,"/Users/mveldridge/trend-backend/src/users/dto/create-rollover-entry.dto.ts": {"path":"/Users/mveldridge/trend-backend/src/users/dto/create-rollover-entry.dto.ts","statementMap":{"0":{"start":{"line":1,"column":0},"end":{"line":1,"column":46}},"1":{"start":{"line":2,"column":0},"end":{"line":2,"column":null}},"2":{"start":{"line":10,"column":0},"end":{"line":10,"column":13}},"3":{"start":{"line":12,"column":2},"end":{"line":12,"column":null}},"4":{"start":{"line":15,"column":2},"end":{"line":15,"column":null}},"5":{"start":{"line":18,"column":2},"end":{"line":18,"column":null}},"6":{"start":{"line":21,"column":2},"end":{"line":21,"column":null}},"7":{"start":{"line":25,"column":2},"end":{"line":25,"column":null}}},"fnMap":{},"branchMap":{},"s":{"0":1,"1":1,"2":1,"3":1,"4":1,"5":1,"6":1,"7":1},"f":{},"b":{}}
,"/Users/mveldridge/trend-backend/src/users/dto/create-rollover-notification.dto.ts": {"path":"/Users/mveldridge/trend-backend/src/users/dto/create-rollover-notification.dto.ts","statementMap":{"0":{"start":{"line":1,"column":0},"end":{"line":1,"column":79}},"1":{"start":{"line":9,"column":2},"end":{"line":9,"column":38}},"2":{"start":{"line":3,"column":0},"end":{"line":3,"column":13}},"3":{"start":{"line":5,"column":2},"end":{"line":5,"column":null}},"4":{"start":{"line":9,"column":2},"end":{"line":9,"column":null}},"5":{"start":{"line":13,"column":2},"end":{"line":13,"column":null}}},"fnMap":{"0":{"name":"(anonymous_2)","decl":{"start":{"line":3,"column":0},"end":{"line":3,"column":13}},"loc":{"start":{"line":3,"column":0},"end":{"line":14,"column":1}}}},"branchMap":{},"s":{"0":1,"1":0,"2":1,"3":1,"4":1,"5":1},"f":{"0":0},"b":{}}
,"/Users/mveldridge/trend-backend/src/users/dto/rollover-entry.dto.ts": {"path":"/Users/mveldridge/trend-backend/src/users/dto/rollover-entry.dto.ts","statementMap":{"0":{"start":{"line":3,"column":0},"end":{"line":3,"column":13}}},"fnMap":{},"branchMap":{},"s":{"0":0},"f":{},"b":{}}
,"/Users/mveldridge/trend-backend/src/users/dto/rollover-notification.dto.ts": {"path":"/Users/mveldridge/trend-backend/src/users/dto/rollover-notification.dto.ts","statementMap":{"0":{"start":{"line":1,"column":0},"end":{"line":1,"column":13}}},"fnMap":{},"branchMap":{},"s":{"0":0},"f":{},"b":{}}
,"/Users/mveldridge/trend-backend/src/users/dto/update-rollover.dto.ts": {"path":"/Users/mveldridge/trend-backend/src/users/dto/update-rollover.dto.ts","statementMap":{"0":{"start":{"line":1,"column":0},"end":{"line":1,"column":74}},"1":{"start":{"line":3,"column":0},"end":{"line":3,"column":13}},"2":{"start":{"line":7,"column":2},"end":{"line":7,"column":null}},"3":{"start":{"line":11,"column":2},"end":{"line":11,"column":null}}},"fnMap":{},"branchMap":{},"s":{"0":1,"1":1,"2":1,"3":1},"f":{},"b":{}}
,"/Users/mveldridge/trend-backend/src/users/dto/update-user-profile.dto.ts": {"path":"/Users/mveldridge/trend-backend/src/users/dto/update-user-profile.dto.ts","statementMap":{"0":{"start":{"line":1,"column":0},"end":{"line":1,"column":null}},"1":{"start":{"line":11,"column":0},"end":{"line":11,"column":49}},"2":{"start":{"line":13,"column":0},"end":{"line":13,"column":13}},"3":{"start":{"line":18,"column":2},"end":{"line":18,"column":null}},"4":{"start":{"line":23,"column":2},"end":{"line":23,"column":null}},"5":{"start":{"line":28,"column":2},"end":{"line":28,"column":null}},"6":{"start":{"line":33,"column":2},"end":{"line":33,"column":null}},"7":{"start":{"line":37,"column":2},"end":{"line":37,"column":null}},"8":{"start":{"line":43,"column":2},"end":{"line":43,"column":null}},"9":{"start":{"line":47,"column":2},"end":{"line":47,"column":null}},"10":{"start":{"line":51,"column":2},"end":{"line":51,"column":null}},"11":{"start":{"line":56,"column":2},"end":{"line":56,"column":null}},"12":{"start":{"line":60,"column":2},"end":{"line":60,"column":null}},"13":{"start":{"line":64,"column":2},"end":{"line":64,"column":null}},"14":{"start":{"line":69,"column":2},"end":{"line":69,"column":null}},"15":{"start":{"line":73,"column":2},"end":{"line":73,"column":null}},"16":{"start":{"line":77,"column":2},"end":{"line":77,"column":null}},"17":{"start":{"line":83,"column":2},"end":{"line":83,"column":null}},"18":{"start":{"line":87,"column":2},"end":{"line":87,"column":null}}},"fnMap":{},"branchMap":{},"s":{"0":2,"1":2,"2":2,"3":2,"4":2,"5":2,"6":2,"7":2,"8":2,"9":2,"10":2,"11":2,"12":2,"13":2,"14":2,"15":2,"16":2,"17":2,"18":2},"f":{},"b":{}}
,"/Users/mveldridge/trend-backend/src/users/dto/update-user.dto.ts": {"path":"/Users/mveldridge/trend-backend/src/users/dto/update-user.dto.ts","statementMap":{"0":{"start":{"line":1,"column":0},"end":{"line":1,"column":null}},"1":{"start":{"line":13,"column":0},"end":{"line":13,"column":49}},"2":{"start":{"line":15,"column":0},"end":{"line":15,"column":13}},"3":{"start":{"line":19,"column":2},"end":{"line":19,"column":null}},"4":{"start":{"line":24,"column":2},"end":{"line":24,"column":null}},"5":{"start":{"line":29,"column":2},"end":{"line":29,"column":null}},"6":{"start":{"line":34,"column":2},"end":{"line":34,"column":null}},"7":{"start":{"line":38,"column":2},"end":{"line":38,"column":null}},"8":{"start":{"line":42,"column":2},"end":{"line":42,"column":null}},"9":{"start":{"line":51,"column":2},"end":{"line":51,"column":null}},"10":{"start":{"line":55,"column":2},"end":{"line":55,"column":null}},"11":{"start":{"line":59,"column":2},"end":{"line":59,"column":null}},"12":{"start":{"line":64,"column":2},"end":{"line":64,"column":null}},"13":{"start":{"line":68,"column":2},"end":{"line":68,"column":null}},"14":{"start":{"line":72,"column":2},"end":{"line":72,"column":null}},"15":{"start":{"line":80,"column":2},"end":{"line":80,"column":null}},"16":{"start":{"line":84,"column":2},"end":{"line":84,"column":null}},"17":{"start":{"line":88,"column":2},"end":{"line":88,"column":null}}},"fnMap":{},"branchMap":{},"s":{"0":1,"1":1,"2":1,"3":1,"4":1,"5":1,"6":1,"7":1,"8":1,"9":1,"10":1,"11":1,"12":1,"13":1,"14":1,"15":1,"16":1,"17":1},"f":{},"b":{}}
,"/Users/mveldridge/trend-backend/src/users/dto/user.dto.ts": {"path":"/Users/mveldridge/trend-backend/src/users/dto/user.dto.ts","statementMap":{"0":{"start":{"line":4,"column":0},"end":{"line":4,"column":13}}},"fnMap":{},"branchMap":{},"s":{"0":0},"f":{},"b":{}}
,"/Users/mveldridge/trend-backend/src/users/repositories/users.repository.ts": {"path":"/Users/mveldridge/trend-backend/src/users/repositories/users.repository.ts","statementMap":{"0":{"start":{"line":1,"column":0},"end":{"line":1,"column":44}},"1":{"start":{"line":8,"column":0},"end":{"line":8,"column":64}},"2":{"start":{"line":9,"column":0},"end":{"line":9,"column":62}},"3":{"start":{"line":15,"column":7},"end":{"line":209,"column":null}},"4":{"start":{"line":17,"column":4},"end":{"line":17,"column":18}},"5":{"start":{"line":21,"column":4},"end":{"line":28,"column":5}},"6":{"start":{"line":22,"column":21},"end":{"line":24,"column":8}},"7":{"start":{"line":25,"column":6},"end":{"line":25,"column":20}},"8":{"start":{"line":27,"column":6},"end":{"line":27,"column":38}},"9":{"start":{"line":32,"column":4},"end":{"line":38,"column":5}},"10":{"start":{"line":33,"column":6},"end":{"line":35,"column":9}},"11":{"start":{"line":37,"column":6},"end":{"line":37,"column":38}},"12":{"start":{"line":42,"column":4},"end":{"line":48,"column":5}},"13":{"start":{"line":43,"column":6},"end":{"line":45,"column":9}},"14":{"start":{"line":47,"column":6},"end":{"line":47,"column":38}},"15":{"start":{"line":52,"column":4},"end":{"line":60,"column":5}},"16":{"start":{"line":53,"column":40},"end":{"line":53,"column":51}},"17":{"start":{"line":54,"column":6},"end":{"line":56,"column":9}},"18":{"start":{"line":58,"column":6},"end":{"line":58,"column":38}},"19":{"start":{"line":59,"column":6},"end":{"line":59,"column":18}},"20":{"start":{"line":64,"column":4},"end":{"line":72,"column":5}},"21":{"start":{"line":65,"column":6},"end":{"line":68,"column":9}},"22":{"start":{"line":70,"column":6},"end":{"line":70,"column":38}},"23":{"start":{"line":71,"column":6},"end":{"line":71,"column":18}},"24":{"start":{"line":77,"column":4},"end":{"line":85,"column":5}},"25":{"start":{"line":78,"column":6},"end":{"line":81,"column":9}},"26":{"start":{"line":83,"column":6},"end":{"line":83,"column":38}},"27":{"start":{"line":84,"column":6},"end":{"line":84,"column":18}},"28":{"start":{"line":89,"column":4},"end":{"line":96,"column":5}},"29":{"start":{"line":90,"column":6},"end":{"line":93,"column":9}},"30":{"start":{"line":95,"column":6},"end":{"line":95,"column":38}},"31":{"start":{"line":100,"column":4},"end":{"line":108,"column":5}},"32":{"start":{"line":101,"column":6},"end":{"line":104,"column":9}},"33":{"start":{"line":106,"column":6},"end":{"line":106,"column":38}},"34":{"start":{"line":107,"column":6},"end":{"line":107,"column":18}},"35":{"start":{"line":116,"column":4},"end":{"line":123,"column":5}},"36":{"start":{"line":117,"column":6},"end":{"line":120,"column":9}},"37":{"start":{"line":122,"column":6},"end":{"line":122,"column":38}},"38":{"start":{"line":134,"column":4},"end":{"line":140,"column":5}},"39":{"start":{"line":135,"column":6},"end":{"line":137,"column":9}},"40":{"start":{"line":139,"column":6},"end":{"line":139,"column":38}},"41":{"start":{"line":150,"column":4},"end":{"line":159,"column":5}},"42":{"start":{"line":151,"column":6},"end":{"line":156,"column":9}},"43":{"start":{"line":158,"column":6},"end":{"line":158,"column":38}},"44":{"start":{"line":168,"column":4},"end":{"line":191,"column":5}},"45":{"start":{"line":170,"column":6},"end":{"line":178,"column":9}},"46":{"start":{"line":181,"column":6},"end":{"line":188,"column":9}},"47":{"start":{"line":190,"column":6},"end":{"line":190,"column":38}},"48":{"start":{"line":195,"column":4},"end":{"line":207,"column":5}},"49":{"start":{"line":196,"column":6},"end":{"line":204,"column":9}},"50":{"start":{"line":206,"column":6},"end":{"line":206,"column":38}},"51":{"start":{"line":15,"column":13},"end":{"line":15,"column":28}},"52":{"start":{"line":15,"column":13},"end":{"line":209,"column":null}}},"fnMap":{"0":{"name":"(anonymous_2)","decl":{"start":{"line":16,"column":2},"end":{"line":16,"column":14}},"loc":{"start":{"line":16,"column":35},"end":{"line":18,"column":3}}},"1":{"name":"(anonymous_3)","decl":{"start":{"line":20,"column":2},"end":{"line":20,"column":7}},"loc":{"start":{"line":20,"column":33},"end":{"line":29,"column":3}}},"2":{"name":"(anonymous_4)","decl":{"start":{"line":31,"column":2},"end":{"line":31,"column":7}},"loc":{"start":{"line":31,"column":39},"end":{"line":39,"column":3}}},"3":{"name":"(anonymous_5)","decl":{"start":{"line":41,"column":2},"end":{"line":41,"column":7}},"loc":{"start":{"line":41,"column":27},"end":{"line":49,"column":3}}},"4":{"name":"(anonymous_6)","decl":{"start":{"line":51,"column":2},"end":{"line":51,"column":7}},"loc":{"start":{"line":51,"column":59},"end":{"line":61,"column":3}}},"5":{"name":"(anonymous_7)","decl":{"start":{"line":63,"column":2},"end":{"line":63,"column":7}},"loc":{"start":{"line":63,"column":46},"end":{"line":73,"column":3}}},"6":{"name":"(anonymous_8)","decl":{"start":{"line":76,"column":2},"end":{"line":76,"column":7}},"loc":{"start":{"line":76,"column":60},"end":{"line":86,"column":3}}},"7":{"name":"(anonymous_9)","decl":{"start":{"line":88,"column":2},"end":{"line":88,"column":7}},"loc":{"start":{"line":88,"column":34},"end":{"line":97,"column":3}}},"8":{"name":"(anonymous_10)","decl":{"start":{"line":99,"column":2},"end":{"line":99,"column":7}},"loc":{"start":{"line":99,"column":55},"end":{"line":109,"column":3}}},"9":{"name":"(anonymous_11)","decl":{"start":{"line":115,"column":2},"end":{"line":115,"column":7}},"loc":{"start":{"line":115,"column":41},"end":{"line":124,"column":3}}},"10":{"name":"(anonymous_12)","decl":{"start":{"line":126,"column":2},"end":{"line":126,"column":7}},"loc":{"start":{"line":133,"column":3},"end":{"line":141,"column":3}}},"11":{"name":"(anonymous_13)","decl":{"start":{"line":147,"column":2},"end":{"line":147,"column":7}},"loc":{"start":{"line":148,"column":18},"end":{"line":160,"column":3}}},"12":{"name":"(anonymous_14)","decl":{"start":{"line":162,"column":2},"end":{"line":162,"column":7}},"loc":{"start":{"line":167,"column":3},"end":{"line":192,"column":3}}},"13":{"name":"(anonymous_15)","decl":{"start":{"line":194,"column":2},"end":{"line":194,"column":7}},"loc":{"start":{"line":194,"column":50},"end":{"line":208,"column":3}}}},"branchMap":{"0":{"loc":{"start":{"line":185,"column":22},"end":{"line":185,"column":54}},"type":"binary-expr","locations":[{"start":{"line":185,"column":22},"end":{"line":185,"column":37}},{"start":{"line":185,"column":41},"end":{"line":185,"column":54}}]},"1":{"loc":{"start":{"line":186,"column":21},"end":{"line":186,"column":49}},"type":"binary-expr","locations":[{"start":{"line":186,"column":21},"end":{"line":186,"column":35}},{"start":{"line":186,"column":39},"end":{"line":186,"column":49}}]}},"s":{"0":5,"1":5,"2":5,"3":5,"4":0,"5":0,"6":0,"7":0,"8":0,"9":0,"10":0,"11":0,"12":0,"13":0,"14":0,"15":0,"16":0,"17":0,"18":0,"19":0,"20":0,"21":0,"22":0,"23":0,"24":0,"25":0,"26":0,"27":0,"28":0,"29":0,"30":0,"31":0,"32":0,"33":0,"34":0,"35":0,"36":0,"37":0,"38":0,"39":0,"40":0,"41":0,"42":0,"43":0,"44":0,"45":0,"46":0,"47":0,"48":0,"49":0,"50":0,"51":5,"52":5},"f":{"0":0,"1":0,"2":0,"3":0,"4":0,"5":0,"6":0,"7":0,"8":0,"9":0,"10":0,"11":0,"12":0,"13":0},"b":{"0":[0,0],"1":[0,0]}}
}
