TN:
SF:src/app.controller.ts
FN:10,(anonymous_4)
FN:16,(anonymous_5)
FN:21,(anonymous_6)
FN:30,(anonymous_7)
FN:45,(anonymous_8)
FNF:5
FNH:0
FNDA:0,(anonymous_4)
FNDA:0,(anonymous_5)
FNDA:0,(anonymous_6)
FNDA:0,(anonymous_7)
FNDA:0,(anonymous_8)
DA:1,0
DA:2,0
DA:3,0
DA:9,0
DA:11,0
DA:12,0
DA:16,0
DA:17,0
DA:21,0
DA:22,0
DA:30,0
DA:31,0
DA:41,0
DA:45,0
DA:46,0
DA:51,0
LF:16
LH:0
BRDA:37,0,0,0
BRDA:37,0,1,0
BRDA:38,1,0,0
BRDA:38,1,1,0
BRF:4
BRH:0
end_of_record
TN:
SF:src/app.service.ts
FN:5,(anonymous_1)
FNF:1
FNH:0
FNDA:0,(anonymous_1)
DA:1,0
DA:4,0
DA:6,0
LF:3
LH:0
BRF:0
BRH:0
end_of_record
TN:
SF:src/auth/auth.controller.ts
FN:17,(anonymous_4)
FN:20,(anonymous_5)
FN:25,(anonymous_6)
FN:32,(anonymous_7)
FN:38,(anonymous_8)
FN:47,(anonymous_9)
FNF:6
FNH:6
FNDA:5,(anonymous_4)
FNDA:1,(anonymous_5)
FNDA:1,(anonymous_6)
FNDA:1,(anonymous_7)
FNDA:1,(anonymous_8)
FNDA:1,(anonymous_9)
DA:1,1
DA:10,1
DA:11,1
DA:12,1
DA:13,1
DA:16,1
DA:17,5
DA:20,1
DA:21,1
DA:25,1
DA:26,1
DA:32,1
DA:33,1
DA:38,1
DA:42,1
DA:47,1
DA:51,1
LF:17
LH:17
BRF:0
BRH:0
end_of_record
TN:
SF:src/auth/auth.service.ts
FN:19,(anonymous_2)
FN:24,(anonymous_3)
FN:84,(anonymous_4)
FN:137,(anonymous_5)
FN:147,(anonymous_6)
FN:199,(anonymous_7)
FN:262,(anonymous_8)
FNF:7
FNH:7
FNDA:20,(anonymous_2)
FNDA:6,(anonymous_3)
FNDA:6,(anonymous_4)
FNDA:3,(anonymous_5)
FNDA:3,(anonymous_6)
FNDA:2,(anonymous_7)
FNDA:5,(anonymous_8)
DA:1,2
DA:7,2
DA:8,2
DA:9,2
DA:18,2
DA:20,20
DA:21,20
DA:26,6
DA:29,6
DA:30,2
DA:34,4
DA:35,3
DA:38,3
DA:39,2
DA:44,2
DA:45,2
DA:48,2
DA:54,2
DA:59,2
DA:61,2
DA:86,6
DA:88,6
DA:89,3
DA:94,3
DA:99,3
DA:100,2
DA:104,1
DA:107,1
DA:112,1
DA:114,1
DA:138,3
DA:139,3
DA:140,2
DA:143,1
DA:144,1
DA:168,3
DA:170,3
DA:171,2
DA:174,1
DA:223,2
DA:225,2
DA:226,1
DA:229,1
DA:234,1
DA:259,1
DA:267,5
DA:269,5
DA:270,1
DA:274,4
DA:279,4
DA:280,2
DA:284,2
DA:289,2
DA:290,1
DA:296,1
DA:297,1
DA:303,1
DA:305,1
LF:58
LH:58
BRDA:29,0,0,2
BRDA:34,1,0,3
BRDA:38,2,0,2
BRDA:72,3,0,0
BRDA:72,3,1,2
BRDA:73,4,0,2
BRDA:73,4,1,2
BRDA:74,5,0,2
BRDA:74,5,1,2
BRDA:75,6,0,0
BRDA:75,6,1,2
BRDA:76,7,0,2
BRDA:76,7,1,0
BRDA:77,8,0,2
BRDA:77,8,1,0
BRDA:78,9,0,2
BRDA:78,9,1,0
BRDA:79,10,0,2
BRDA:79,10,1,0
BRDA:88,11,0,3
BRDA:88,12,0,6
BRDA:88,12,1,4
BRDA:96,13,0,3
BRDA:96,13,1,0
BRDA:99,14,0,2
BRDA:125,15,0,0
BRDA:125,15,1,1
BRDA:126,16,0,1
BRDA:126,16,1,1
BRDA:127,17,0,1
BRDA:127,17,1,1
BRDA:128,18,0,0
BRDA:128,18,1,1
BRDA:129,19,0,1
BRDA:129,19,1,0
BRDA:130,20,0,1
BRDA:130,20,1,0
BRDA:131,21,0,1
BRDA:131,21,1,0
BRDA:132,22,0,1
BRDA:132,22,1,0
BRDA:139,23,0,2
BRDA:139,24,0,3
BRDA:139,24,1,2
BRDA:170,25,0,2
BRDA:170,26,0,3
BRDA:170,26,1,2
BRDA:185,27,0,0
BRDA:185,27,1,1
BRDA:186,28,0,1
BRDA:186,28,1,1
BRDA:187,29,0,1
BRDA:187,29,1,1
BRDA:188,30,0,0
BRDA:188,30,1,1
BRDA:191,31,0,1
BRDA:191,31,1,0
BRDA:192,32,0,1
BRDA:192,32,1,0
BRDA:193,33,0,1
BRDA:193,33,1,0
BRDA:194,34,0,1
BRDA:194,34,1,0
BRDA:195,35,0,1
BRDA:195,35,1,0
BRDA:225,36,0,1
BRDA:225,37,0,2
BRDA:225,37,1,1
BRDA:245,38,0,0
BRDA:245,38,1,1
BRDA:246,39,0,1
BRDA:246,39,1,1
BRDA:247,40,0,1
BRDA:247,40,1,1
BRDA:248,41,0,0
BRDA:248,41,1,1
BRDA:251,42,0,1
BRDA:251,42,1,0
BRDA:252,43,0,1
BRDA:252,43,1,0
BRDA:253,44,0,1
BRDA:253,44,1,0
BRDA:254,45,0,1
BRDA:254,45,1,0
BRDA:256,46,0,1
BRDA:256,46,1,0
BRDA:269,47,0,1
BRDA:269,48,0,5
BRDA:269,48,1,4
BRDA:276,49,0,4
BRDA:276,49,1,0
BRDA:279,50,0,2
BRDA:286,51,0,2
BRDA:286,51,1,0
BRDA:289,52,0,1
BRF:95
BRH:66
end_of_record
TN:
SF:src/auth/dto/auth-response.dto.ts
FNF:0
FNH:0
DA:3,0
LF:1
LH:0
BRF:0
BRH:0
end_of_record
TN:
SF:src/auth/dto/change-password.dto.ts
FNF:0
FNH:0
DA:1,1
DA:3,1
DA:6,1
DA:10,1
LF:4
LH:4
BRF:0
BRH:0
end_of_record
TN:
SF:src/auth/dto/login.dto.ts
FNF:0
FNH:0
DA:2,0
LF:1
LH:0
BRF:0
BRH:0
end_of_record
TN:
SF:src/auth/dto/register.dto.ts
FNF:0
FNH:0
DA:2,0
LF:1
LH:0
BRF:0
BRH:0
end_of_record
TN:
SF:src/auth/guards/jwt-auth.guard.ts
FN:10,(anonymous_1)
FN:14,(anonymous_2)
FNF:2
FNH:0
FNDA:0,(anonymous_1)
FNDA:0,(anonymous_2)
DA:1,7
DA:6,7
DA:9,7
DA:11,0
DA:15,0
DA:16,0
DA:18,0
LF:7
LH:3
BRDA:15,0,0,0
BRDA:15,1,0,0
BRDA:15,1,1,0
BRDA:16,2,0,0
BRDA:16,2,1,0
BRF:5
BRH:0
end_of_record
TN:
SF:src/auth/strategies/jwt.strategy.ts
FN:17,(anonymous_2)
FN:25,(anonymous_3)
FNF:2
FNH:0
FNDA:0,(anonymous_2)
FNDA:0,(anonymous_3)
DA:1,0
DA:2,0
DA:3,0
DA:4,0
DA:16,0
DA:17,0
DA:18,0
DA:27,0
DA:29,0
DA:30,0
DA:33,0
DA:35,0
DA:36,0
DA:40,0
LF:14
LH:0
BRDA:21,0,0,0
BRDA:21,0,1,0
BRDA:27,1,0,0
BRDA:27,1,1,0
BRDA:29,2,0,0
BRDA:35,3,0,0
BRDA:35,4,0,0
BRDA:35,4,1,0
BRF:8
BRH:0
end_of_record
TN:
SF:src/budgets/budgets.controller.ts
FN:27,(anonymous_4)
FN:31,(anonymous_5)
FN:39,(anonymous_6)
FN:56,(anonymous_7)
FN:64,(anonymous_8)
FN:74,(anonymous_9)
FN:79,(anonymous_10)
FNF:7
FNH:7
FNDA:6,(anonymous_4)
FNDA:1,(anonymous_5)
FNDA:1,(anonymous_6)
FNDA:1,(anonymous_7)
FNDA:1,(anonymous_8)
FNDA:1,(anonymous_9)
FNDA:1,(anonymous_10)
DA:1,1
DA:17,1
DA:18,1
DA:19,1
DA:20,1
DA:26,1
DA:27,6
DA:31,1
DA:35,1
DA:39,1
DA:45,1
DA:46,1
DA:48,1
DA:56,1
DA:60,1
DA:64,1
DA:69,1
DA:74,1
DA:75,1
DA:79,1
DA:83,1
LF:21
LH:21
BRF:0
BRH:0
end_of_record
TN:
SF:src/budgets/budgets.service.ts
FN:16,(anonymous_2)
FN:18,(anonymous_3)
FN:36,(anonymous_4)
FN:44,(anonymous_5)
FN:53,(anonymous_6)
FN:63,(anonymous_7)
FN:99,(anonymous_8)
FN:116,(anonymous_9)
FN:187,(anonymous_10)
FN:189,(anonymous_11)
FN:191,(anonymous_12)
FNF:11
FNH:0
FNDA:0,(anonymous_2)
FNDA:0,(anonymous_3)
FNDA:0,(anonymous_4)
FNDA:0,(anonymous_5)
FNDA:0,(anonymous_6)
FNDA:0,(anonymous_7)
FNDA:0,(anonymous_8)
FNDA:0,(anonymous_9)
FNDA:0,(anonymous_10)
FNDA:0,(anonymous_11)
FNDA:0,(anonymous_12)
DA:1,1
DA:7,1
DA:8,1
DA:12,1
DA:15,1
DA:16,0
DA:23,0
DA:24,0
DA:28,0
DA:29,0
DA:32,0
DA:33,0
DA:37,0
DA:43,0
DA:44,0
DA:47,0
DA:54,0
DA:56,0
DA:57,0
DA:60,0
DA:69,0
DA:73,0
DA:74,0
DA:78,0
DA:79,0
DA:82,0
DA:86,0
DA:87,0
DA:91,0
DA:96,0
DA:100,0
DA:102,0
DA:103,0
DA:107,0
DA:108,0
DA:113,0
DA:120,0
DA:125,0
DA:126,0
DA:130,0
DA:133,0
DA:134,0
DA:136,0
DA:139,0
DA:140,0
DA:141,0
DA:143,0
DA:146,0
DA:149,0
DA:154,0
DA:156,0
DA:157,0
DA:159,0
DA:160,0
DA:162,0
DA:182,0
DA:189,0
DA:190,0
DA:191,0
DA:195,0
DA:196,0
DA:198,0
DA:201,0
DA:202,0
DA:203,0
DA:212,0
DA:223,0
LF:67
LH:5
BRDA:24,0,0,0
BRDA:24,0,1,0
BRDA:28,1,0,0
BRDA:28,2,0,0
BRDA:28,2,1,0
BRDA:36,3,0,0
BRDA:36,4,0,0
BRDA:56,5,0,0
BRDA:73,6,0,0
BRDA:78,7,0,0
BRDA:78,8,0,0
BRDA:78,8,1,0
BRDA:79,9,0,0
BRDA:79,9,1,0
BRDA:82,10,0,0
BRDA:82,10,1,0
BRDA:86,11,0,0
BRDA:86,12,0,0
BRDA:86,12,1,0
BRDA:102,13,0,0
BRDA:107,14,0,0
BRDA:125,15,0,0
BRDA:136,16,0,0
BRDA:136,16,1,0
BRDA:141,17,0,0
BRDA:141,17,1,0
BRDA:154,18,0,0
BRDA:154,18,1,0
BRDA:156,19,0,0
BRDA:156,19,1,0
BRDA:189,20,0,0
BRDA:189,20,1,0
BRDA:198,21,0,0
BRDA:198,21,1,0
BRDA:203,22,0,0
BRDA:203,22,1,0
BRDA:217,23,0,0
BRDA:217,23,1,0
BRF:38
BRH:0
end_of_record
TN:
SF:src/budgets/dto/budget-analytics.dto.ts
FN:11,(anonymous_2)
FN:15,(anonymous_3)
FN:19,(anonymous_4)
FNF:3
FNH:0
FNDA:0,(anonymous_2)
FNDA:0,(anonymous_3)
FNDA:0,(anonymous_4)
DA:1,1
DA:3,1
DA:5,1
DA:8,1
DA:11,0
DA:12,1
DA:15,0
DA:16,1
DA:19,0
DA:20,1
DA:23,1
DA:26,1
DA:29,1
DA:32,1
DA:35,1
DA:38,1
DA:41,1
DA:44,1
DA:47,1
DA:50,1
DA:53,1
DA:62,1
LF:22
LH:19
BRF:0
BRH:0
end_of_record
TN:
SF:src/budgets/dto/budget.dto.ts
FN:18,(anonymous_2)
FN:44,(anonymous_3)
FN:48,(anonymous_4)
FNF:3
FNH:0
FNDA:0,(anonymous_2)
FNDA:0,(anonymous_3)
FNDA:0,(anonymous_4)
DA:1,0
DA:2,0
DA:4,0
DA:6,0
DA:9,0
DA:12,0
DA:15,0
DA:18,0
DA:19,0
DA:22,0
DA:25,0
DA:28,0
DA:31,0
DA:34,0
DA:37,0
DA:40,0
DA:44,0
DA:45,0
DA:48,0
DA:49,0
DA:52,0
DA:55,0
DA:58,0
DA:61,0
LF:24
LH:0
BRDA:44,0,0,0
BRDA:44,0,1,0
BRDA:48,1,0,0
BRDA:48,1,1,0
BRF:4
BRH:0
end_of_record
TN:
SF:src/budgets/dto/create-budget.dto.ts
FN:15,(anonymous_2)
FN:28,(anonymous_3)
FNF:2
FNH:0
FNDA:0,(anonymous_2)
FNDA:0,(anonymous_3)
DA:1,1
DA:12,1
DA:13,1
DA:15,1
DA:18,1
DA:23,1
DA:29,0
DA:30,0
DA:32,0
DA:34,1
DA:39,1
DA:42,1
DA:46,1
DA:50,1
DA:54,1
LF:15
LH:12
BRDA:29,0,0,0
BRF:1
BRH:0
end_of_record
TN:
SF:src/budgets/dto/update-budget.dto.ts
FN:30,(anonymous_2)
FNF:1
FNH:0
FNDA:0,(anonymous_2)
DA:1,1
DA:12,1
DA:13,1
DA:15,1
DA:19,1
DA:24,1
DA:30,0
DA:31,1
DA:36,1
DA:40,1
DA:44,1
DA:48,1
DA:52,1
LF:13
LH:12
BRF:0
BRH:0
end_of_record
TN:
SF:src/budgets/repositories/budgets.repository.ts
FN:12,(anonymous_2)
FN:17,(anonymous_3)
FN:43,(anonymous_4)
FN:78,(anonymous_5)
FN:103,(anonymous_6)
FN:127,(anonymous_7)
FN:133,(anonymous_8)
FN:158,(anonymous_9)
FN:161,(anonymous_10)
FN:167,(anonymous_11)
FN:191,(anonymous_12)
FN:198,(anonymous_13)
FN:205,(anonymous_14)
FN:207,(anonymous_15)
FNF:14
FNH:0
FNDA:0,(anonymous_2)
FNDA:0,(anonymous_3)
FNDA:0,(anonymous_4)
FNDA:0,(anonymous_5)
FNDA:0,(anonymous_6)
FNDA:0,(anonymous_7)
FNDA:0,(anonymous_8)
FNDA:0,(anonymous_9)
FNDA:0,(anonymous_10)
FNDA:0,(anonymous_11)
FNDA:0,(anonymous_12)
FNDA:0,(anonymous_13)
FNDA:0,(anonymous_14)
FNDA:0,(anonymous_15)
DA:1,1
DA:2,1
DA:3,1
DA:4,1
DA:9,1
DA:13,0
DA:14,0
DA:19,0
DA:20,0
DA:23,0
DA:44,0
DA:46,0
DA:67,0
DA:79,0
DA:104,0
DA:106,0
DA:107,0
DA:109,0
DA:110,0
DA:112,0
DA:113,0
DA:116,0
DA:128,0
DA:134,0
DA:154,0
DA:157,0
DA:158,0
DA:160,0
DA:161,0
DA:166,0
DA:167,0
DA:168,0
DA:169,0
DA:170,0
DA:172,0
DA:173,0
DA:174,0
DA:180,0
DA:191,0
DA:197,0
DA:198,0
DA:199,0
DA:200,0
DA:201,0
DA:204,0
DA:205,0
DA:209,0
DA:213,0
DA:218,0
DA:227,0
LF:50
LH:5
BRDA:19,0,0,0
BRDA:19,1,0,0
BRDA:19,1,1,0
BRDA:26,2,0,0
BRDA:26,2,1,0
BRDA:29,3,0,0
BRDA:29,3,1,0
BRDA:31,4,0,0
BRDA:31,4,1,0
BRDA:32,5,0,0
BRDA:32,5,1,0
BRDA:33,6,0,0
BRDA:33,6,1,0
BRDA:43,7,0,0
BRDA:43,8,0,0
BRDA:106,9,0,0
BRDA:109,10,0,0
BRDA:112,11,0,0
BRDA:154,12,0,0
BRDA:168,13,0,0
BRDA:168,13,1,0
BRDA:169,14,0,0
BRDA:169,14,1,0
BRDA:172,15,0,0
BRDA:172,15,1,0
BRDA:193,16,0,0
BRDA:193,16,1,0
BRDA:201,17,0,0
BRDA:201,17,1,0
BRDA:209,18,0,0
BRDA:209,18,1,0
BRF:31
BRH:0
end_of_record
TN:
SF:src/categories/categories.controller.ts
FN:24,(anonymous_4)
FN:27,(anonymous_5)
FN:32,(anonymous_6)
FN:65,(anonymous_7)
FN:70,(anonymous_8)
FN:78,(anonymous_9)
FN:83,(anonymous_10)
FN:88,(anonymous_11)
FN:106,(anonymous_12)
FN:119,(anonymous_13)
FN:134,(anonymous_14)
FNF:11
FNH:9
FNDA:9,(anonymous_4)
FNDA:1,(anonymous_5)
FNDA:2,(anonymous_6)
FNDA:1,(anonymous_7)
FNDA:1,(anonymous_8)
FNDA:0,(anonymous_9)
FNDA:1,(anonymous_10)
FNDA:0,(anonymous_11)
FNDA:1,(anonymous_12)
FNDA:1,(anonymous_13)
FNDA:1,(anonymous_14)
DA:1,1
DA:15,1
DA:16,1
DA:17,1
DA:18,1
DA:19,1
DA:23,1
DA:24,9
DA:27,1
DA:28,1
DA:32,1
DA:42,2
DA:53,2
DA:61,2
DA:65,1
DA:66,1
DA:70,1
DA:74,1
DA:78,1
DA:79,0
DA:83,1
DA:84,1
DA:88,1
DA:94,0
DA:95,0
DA:97,0
DA:106,1
DA:111,1
DA:119,1
DA:125,1
DA:130,1
DA:134,1
DA:135,1
LF:33
LH:29
BRDA:39,0,0,1
BRDA:40,1,0,1
BRDA:43,2,0,2
BRDA:43,2,1,1
BRDA:44,3,0,2
BRDA:44,3,1,0
BRDA:45,4,0,2
BRDA:45,4,1,0
BRDA:46,5,0,2
BRDA:46,5,1,0
BRDA:47,6,0,2
BRDA:47,6,1,0
BRDA:72,7,0,0
BRDA:94,8,0,0
BRDA:94,8,1,0
BRDA:95,9,0,0
BRDA:95,9,1,0
BRF:17
BRH:8
end_of_record
TN:
SF:src/categories/categories.service.ts
FN:42,(anonymous_2)
FN:44,(anonymous_3)
FN:55,(anonymous_4)
FN:89,(anonymous_5)
FN:114,(anonymous_6)
FN:121,(anonymous_7)
FN:129,(anonymous_8)
FN:156,(anonymous_9)
FN:188,(anonymous_10)
FN:217,(anonymous_11)
FN:240,(anonymous_12)
FN:251,(anonymous_13)
FN:271,(anonymous_14)
FN:274,(anonymous_15)
FN:277,(anonymous_16)
FN:279,(anonymous_17)
FN:282,(anonymous_18)
FN:332,(anonymous_19)
FN:340,(anonymous_20)
FN:343,(anonymous_21)
FN:357,(anonymous_22)
FNF:21
FNH:0
FNDA:0,(anonymous_2)
FNDA:0,(anonymous_3)
FNDA:0,(anonymous_4)
FNDA:0,(anonymous_5)
FNDA:0,(anonymous_6)
FNDA:0,(anonymous_7)
FNDA:0,(anonymous_8)
FNDA:0,(anonymous_9)
FNDA:0,(anonymous_10)
FNDA:0,(anonymous_11)
FNDA:0,(anonymous_12)
FNDA:0,(anonymous_13)
FNDA:0,(anonymous_14)
FNDA:0,(anonymous_15)
FNDA:0,(anonymous_16)
FNDA:0,(anonymous_17)
FNDA:0,(anonymous_18)
FNDA:0,(anonymous_19)
FNDA:0,(anonymous_20)
FNDA:0,(anonymous_21)
FNDA:0,(anonymous_22)
DA:1,1
DA:8,1
DA:41,1
DA:42,0
DA:49,0
DA:54,0
DA:55,0
DA:58,0
DA:59,0
DA:63,0
DA:64,0
DA:68,0
DA:69,0
DA:73,0
DA:85,0
DA:86,0
DA:106,0
DA:108,0
DA:113,0
DA:114,0
DA:122,0
DA:123,0
DA:124,0
DA:126,0
DA:134,0
DA:138,0
DA:139,0
DA:142,0
DA:143,0
DA:146,0
DA:150,0
DA:155,0
DA:157,0
DA:161,0
DA:162,0
DA:166,0
DA:167,0
DA:171,0
DA:172,0
DA:175,0
DA:176,0
DA:180,0
DA:185,0
DA:193,0
DA:194,0
DA:195,0
DA:198,0
DA:199,0
DA:204,0
DA:205,0
DA:208,0
DA:209,0
DA:210,0
DA:211,0
DA:217,0
DA:219,0
DA:229,0
DA:232,0
DA:233,0
DA:235,0
DA:240,0
DA:242,0
DA:252,0
DA:256,0
DA:257,0
DA:260,0
DA:265,0
DA:273,0
DA:274,0
DA:278,0
DA:279,0
DA:288,0
DA:290,0
DA:293,0
DA:299,0
DA:300,0
DA:303,0
DA:307,0
DA:308,0
DA:309,0
DA:310,0
DA:311,0
DA:312,0
DA:315,0
DA:336,0
DA:340,0
DA:344,0
DA:358,0
LF:88
LH:3
BRDA:58,0,0,0
BRDA:63,1,0,0
BRDA:68,2,0,0
BRDA:80,3,0,0
BRDA:80,3,1,0
BRDA:91,4,0,0
BRDA:98,5,0,0
BRDA:99,6,0,0
BRDA:123,7,0,0
BRDA:138,8,0,0
BRDA:142,9,0,0
BRDA:146,10,0,0
BRDA:147,11,0,0
BRDA:147,11,1,0
BRDA:157,12,0,0
BRDA:157,12,1,0
BRDA:161,13,0,0
BRDA:166,14,0,0
BRDA:171,15,0,0
BRDA:175,16,0,0
BRDA:191,17,0,0
BRDA:194,18,0,0
BRDA:198,19,0,0
BRDA:208,20,0,0
BRDA:208,21,0,0
BRDA:208,21,1,0
BRDA:209,22,0,0
BRDA:209,22,1,0
BRDA:210,23,0,0
BRDA:210,23,1,0
BRDA:211,24,0,0
BRDA:211,24,1,0
BRDA:217,25,0,0
BRDA:217,25,1,0
BRDA:220,26,0,0
BRDA:220,26,1,0
BRDA:232,27,0,0
BRDA:232,27,1,0
BRDA:240,28,0,0
BRDA:240,28,1,0
BRDA:243,29,0,0
BRDA:243,29,1,0
BRDA:256,30,0,0
BRDA:288,31,0,0
BRDA:288,31,1,0
BRDA:290,32,0,0
BRDA:290,32,1,0
BRDA:299,33,0,0
BRDA:303,34,0,0
BRDA:303,34,1,0
BRDA:308,35,0,0
BRDA:308,36,0,0
BRDA:308,36,1,0
BRDA:310,37,0,0
BRDA:310,37,1,0
BRDA:311,38,0,0
BRDA:311,38,1,0
BRDA:312,39,0,0
BRDA:319,40,0,0
BRDA:319,40,1,0
BRDA:320,41,0,0
BRDA:320,41,1,0
BRDA:334,42,0,0
BRDA:360,43,0,0
BRDA:360,43,1,0
BRDA:361,44,0,0
BRDA:361,44,1,0
BRF:67
BRH:0
end_of_record
TN:
SF:src/categories/dto/category-analytics.dto.ts
FNF:0
FNH:0
DA:1,0
LF:1
LH:0
BRF:0
BRH:0
end_of_record
TN:
SF:src/categories/dto/category.dto.ts
FNF:0
FNH:0
DA:3,0
LF:1
LH:0
BRF:0
BRH:0
end_of_record
TN:
SF:src/categories/dto/create-category.dto.ts
FN:11,(anonymous_2)
FNF:1
FNH:0
FNDA:0,(anonymous_2)
DA:1,1
DA:9,1
DA:11,1
DA:15,1
DA:20,1
DA:25,1
DA:30,1
DA:33,1
DA:37,1
DA:41,1
LF:10
LH:10
BRF:0
BRH:0
end_of_record
TN:
SF:src/categories/dto/update-category.dto.ts
FNF:0
FNH:0
DA:1,1
DA:2,1
DA:4,1
LF:3
LH:3
BRF:0
BRH:0
end_of_record
TN:
SF:src/categories/repositories/categories.repository.ts
FN:7,(anonymous_2)
FN:9,(anonymous_3)
FN:26,(anonymous_4)
FN:46,(anonymous_5)
FN:130,(anonymous_6)
FN:155,(anonymous_7)
FN:168,(anonymous_8)
FN:181,(anonymous_9)
FN:182,(anonymous_10)
FN:209,(anonymous_11)
FN:210,(anonymous_12)
FN:230,(anonymous_13)
FN:231,(anonymous_14)
FN:260,(anonymous_15)
FN:277,(anonymous_16)
FN:295,(anonymous_17)
FN:314,(anonymous_18)
FN:361,(anonymous_19)
FN:368,(anonymous_20)
FN:385,(anonymous_21)
FN:389,(anonymous_22)
FN:392,(anonymous_23)
FN:400,(anonymous_24)
FNF:23
FNH:0
FNDA:0,(anonymous_2)
FNDA:0,(anonymous_3)
FNDA:0,(anonymous_4)
FNDA:0,(anonymous_5)
FNDA:0,(anonymous_6)
FNDA:0,(anonymous_7)
FNDA:0,(anonymous_8)
FNDA:0,(anonymous_9)
FNDA:0,(anonymous_10)
FNDA:0,(anonymous_11)
FNDA:0,(anonymous_12)
FNDA:0,(anonymous_13)
FNDA:0,(anonymous_14)
FNDA:0,(anonymous_15)
FNDA:0,(anonymous_16)
FNDA:0,(anonymous_17)
FNDA:0,(anonymous_18)
FNDA:0,(anonymous_19)
FNDA:0,(anonymous_20)
FNDA:0,(anonymous_21)
FNDA:0,(anonymous_22)
FNDA:0,(anonymous_23)
FNDA:0,(anonymous_24)
DA:1,1
DA:3,1
DA:6,1
DA:7,0
DA:10,0
DA:11,0
DA:27,0
DA:59,0
DA:65,0
DA:66,0
DA:70,0
DA:71,0
DA:78,0
DA:79,0
DA:81,0
DA:84,0
DA:85,0
DA:90,0
DA:101,0
DA:127,0
DA:135,0
DA:156,0
DA:172,0
DA:182,0
DA:184,0
DA:196,0
DA:210,0
DA:212,0
DA:221,0
DA:231,0
DA:233,0
DA:244,0
DA:254,0
DA:257,0
DA:261,0
DA:278,0
DA:296,0
DA:319,0
DA:321,0
DA:357,0
DA:359,0
DA:360,0
DA:361,0
DA:365,0
DA:367,0
DA:369,0
DA:370,0
DA:371,0
DA:376,0
DA:385,0
DA:389,0
DA:392,0
DA:404,0
LF:53
LH:3
BRDA:48,0,0,0
BRDA:56,1,0,0
BRDA:60,2,0,0
BRDA:60,2,1,0
BRDA:61,3,0,0
BRDA:61,3,1,0
BRDA:65,4,0,0
BRDA:70,5,0,0
BRDA:78,6,0,0
BRDA:78,6,1,0
BRDA:79,7,0,0
BRDA:79,7,1,0
BRDA:357,8,0,0
BRDA:365,9,0,0
BRDA:365,9,1,0
BRDA:370,10,0,0
BRDA:370,10,1,0
BRDA:384,11,0,0
BRDA:384,11,1,0
BRDA:388,12,0,0
BRDA:388,12,1,0
BRDA:402,13,0,0
BRF:22
BRH:0
end_of_record
TN:
SF:src/common/dto/currency.dto.ts
FNF:0
FNH:0
DA:1,0
DA:3,0
DA:5,0
DA:8,0
DA:11,0
DA:14,0
DA:17,0
DA:20,0
DA:24,0
LF:9
LH:0
BRF:0
BRH:0
end_of_record
TN:
SF:src/common/services/currency.service.ts
FN:11,(anonymous_1)
FN:155,(anonymous_2)
FN:165,(anonymous_3)
FN:170,(anonymous_4)
FN:179,(anonymous_5)
FN:183,(anonymous_6)
FN:192,(anonymous_7)
FN:195,(anonymous_8)
FN:206,(anonymous_9)
FN:210,(anonymous_10)
FNF:10
FNH:0
FNDA:0,(anonymous_1)
FNDA:0,(anonymous_2)
FNDA:0,(anonymous_3)
FNDA:0,(anonymous_4)
FNDA:0,(anonymous_5)
FNDA:0,(anonymous_6)
FNDA:0,(anonymous_7)
FNDA:0,(anonymous_8)
FNDA:0,(anonymous_9)
FNDA:0,(anonymous_10)
DA:1,1
DA:11,1
DA:12,0
DA:77,0
DA:156,0
DA:157,0
DA:158,0
DA:161,0
DA:162,0
DA:166,0
DA:167,0
DA:171,0
DA:172,0
DA:173,0
DA:176,0
DA:180,0
DA:184,0
DA:186,0
DA:187,0
DA:188,0
DA:192,0
DA:196,0
DA:203,0
DA:207,0
DA:211,0
DA:212,0
DA:215,0
DA:216,0
DA:219,0
LF:29
LH:2
BRDA:157,0,0,0
BRDA:162,1,0,0
BRDA:162,1,1,0
BRDA:167,2,0,0
BRDA:167,2,1,0
BRDA:172,3,0,0
BRDA:187,4,0,0
BRDA:211,5,0,0
BRDA:215,6,0,0
BRF:9
BRH:0
end_of_record
TN:
SF:src/common/services/date.service.ts
FN:23,(anonymous_1)
FN:42,(anonymous_2)
FN:54,(anonymous_3)
FN:62,(anonymous_4)
FN:69,(anonymous_5)
FN:80,(anonymous_6)
FN:98,(anonymous_7)
FN:116,(anonymous_8)
FN:134,(anonymous_9)
FN:160,(anonymous_10)
FN:189,(anonymous_11)
FN:200,(anonymous_12)
FN:217,(anonymous_13)
FN:230,(anonymous_14)
FNF:14
FNH:0
FNDA:0,(anonymous_1)
FNDA:0,(anonymous_2)
FNDA:0,(anonymous_3)
FNDA:0,(anonymous_4)
FNDA:0,(anonymous_5)
FNDA:0,(anonymous_6)
FNDA:0,(anonymous_7)
FNDA:0,(anonymous_8)
FNDA:0,(anonymous_9)
FNDA:0,(anonymous_10)
FNDA:0,(anonymous_11)
FNDA:0,(anonymous_12)
FNDA:0,(anonymous_13)
FNDA:0,(anonymous_14)
DA:1,1
DA:2,1
DA:3,1
DA:19,1
DA:24,0
DA:25,0
DA:29,0
DA:30,0
DA:31,0
DA:35,0
DA:36,0
DA:43,0
DA:44,0
DA:48,0
DA:55,0
DA:56,0
DA:63,0
DA:70,0
DA:71,0
DA:73,0
DA:74,0
DA:81,0
DA:82,0
DA:83,0
DA:86,0
DA:87,0
DA:89,0
DA:99,0
DA:100,0
DA:101,0
DA:104,0
DA:105,0
DA:107,0
DA:117,0
DA:118,0
DA:119,0
DA:122,0
DA:123,0
DA:125,0
DA:139,0
DA:140,0
DA:142,0
DA:143,0
DA:147,0
DA:148,0
DA:150,0
DA:161,0
DA:162,0
DA:163,0
DA:167,0
DA:168,0
DA:171,0
DA:172,0
DA:175,0
DA:176,0
DA:180,0
DA:181,0
DA:182,0
DA:190,0
DA:191,0
DA:193,0
DA:204,0
DA:205,0
DA:206,0
DA:208,0
DA:218,0
DA:220,0
DA:221,0
DA:223,0
DA:231,0
DA:232,0
DA:234,0
LF:72
LH:4
BRDA:24,0,0,0
BRDA:30,1,0,0
BRDA:43,2,0,0
BRDA:54,3,0,0
BRDA:82,4,0,0
BRDA:100,5,0,0
BRDA:118,6,0,0
BRDA:142,7,0,0
BRDA:142,8,0,0
BRDA:142,8,1,0
BRDA:162,9,0,0
BRDA:175,10,0,0
BRDA:181,11,0,0
BRDA:231,12,0,0
BRDA:231,13,0,0
BRDA:231,13,1,0
BRF:16
BRH:0
end_of_record
TN:
SF:src/database/base.repository.ts
FN:23,(anonymous_2)
FN:26,(anonymous_3)
FN:40,(anonymous_4)
FN:60,(anonymous_5)
FN:73,(anonymous_6)
FN:74,(anonymous_7)
FNF:6
FNH:0
FNDA:0,(anonymous_2)
FNDA:0,(anonymous_3)
FNDA:0,(anonymous_4)
FNDA:0,(anonymous_5)
FNDA:0,(anonymous_6)
FNDA:0,(anonymous_7)
DA:1,6
DA:2,6
DA:22,6
DA:23,0
DA:27,0
DA:28,0
DA:29,0
DA:31,0
DA:46,0
DA:48,0
DA:61,0
DA:62,0
DA:65,0
DA:66,0
DA:69,0
DA:74,0
DA:76,0
DA:77,0
DA:78,0
DA:80,0
LF:20
LH:3
BRDA:27,0,0,0
BRDA:27,0,1,0
BRDA:28,1,0,0
BRDA:28,1,1,0
BRDA:61,2,0,0
BRDA:65,3,0,0
BRF:6
BRH:0
end_of_record
TN:
SF:src/database/prisma.service.ts
FN:16,(anonymous_2)
FN:22,(anonymous_3)
FN:32,(anonymous_4)
FN:38,(anonymous_5)
FN:48,(anonymous_6)
FNF:5
FNH:0
FNDA:0,(anonymous_2)
FNDA:0,(anonymous_3)
FNDA:0,(anonymous_4)
FNDA:0,(anonymous_5)
FNDA:0,(anonymous_6)
DA:1,9
DA:7,9
DA:10,9
DA:14,0
DA:17,0
DA:23,0
DA:24,0
DA:25,0
DA:27,0
DA:28,0
DA:33,0
DA:34,0
DA:39,0
DA:40,0
DA:41,0
DA:43,0
DA:49,0
DA:50,0
DA:53,0
DA:57,0
DA:58,0
DA:59,0
DA:60,0
LF:23
LH:3
BRDA:49,0,0,0
BRDA:58,1,0,0
BRF:2
BRH:0
end_of_record
TN:
SF:src/goals/goals.controller.ts
FN:34,(anonymous_4)
FN:37,(anonymous_5)
FN:51,(anonymous_6)
FN:60,(anonymous_7)
FN:69,(anonymous_8)
FN:77,(anonymous_9)
FN:86,(anonymous_10)
FN:97,(anonymous_11)
FN:106,(anonymous_12)
FN:117,(anonymous_13)
FN:131,(anonymous_14)
FN:149,(anonymous_15)
FNF:12
FNH:11
FNDA:9,(anonymous_4)
FNDA:9,(anonymous_5)
FNDA:1,(anonymous_6)
FNDA:1,(anonymous_7)
FNDA:1,(anonymous_8)
FNDA:1,(anonymous_9)
FNDA:1,(anonymous_10)
FNDA:1,(anonymous_11)
FNDA:1,(anonymous_12)
FNDA:1,(anonymous_13)
FNDA:1,(anonymous_14)
FNDA:0,(anonymous_15)
DA:1,1
DA:16,1
DA:17,1
DA:18,1
DA:19,1
DA:20,1
DA:21,1
DA:22,1
DA:33,1
DA:34,9
DA:39,9
DA:41,9
DA:42,0
DA:45,9
DA:51,1
DA:55,1
DA:56,1
DA:60,1
DA:64,1
DA:65,1
DA:69,1
DA:72,1
DA:73,1
DA:77,1
DA:81,1
DA:82,1
DA:86,1
DA:91,1
DA:92,1
DA:97,1
DA:101,1
DA:102,1
DA:106,1
DA:110,1
DA:111,1
DA:117,1
DA:122,1
DA:123,1
DA:131,1
DA:137,1
DA:138,1
DA:149,1
DA:153,0
DA:154,0
LF:44
LH:41
BRDA:39,0,0,9
BRDA:39,0,1,0
BRDA:39,0,2,0
BRDA:41,1,0,0
BRF:4
BRH:1
end_of_record
TN:
SF:src/goals/goals.service.ts
FN:36,(anonymous_2)
FN:39,(anonymous_3)
FN:75,(anonymous_4)
FN:93,(anonymous_5)
FN:110,(anonymous_6)
FN:125,(anonymous_7)
FN:193,(anonymous_8)
FN:204,(anonymous_9)
FN:292,(anonymous_10)
FN:312,(anonymous_11)
FN:324,(anonymous_12)
FN:398,(anonymous_13)
FN:413,(anonymous_14)
FN:453,(anonymous_15)
FN:469,(anonymous_16)
FN:501,(anonymous_17)
FN:521,(anonymous_18)
FN:585,(anonymous_19)
FN:599,(anonymous_20)
FN:603,(anonymous_21)
FN:614,(anonymous_22)
FN:615,(anonymous_23)
FN:625,(anonymous_24)
FN:629,(anonymous_25)
FN:644,(anonymous_26)
FN:661,(anonymous_27)
FN:664,(anonymous_28)
FN:668,(anonymous_29)
FN:674,(anonymous_30)
FN:681,(anonymous_31)
FN:688,(anonymous_32)
FN:691,(anonymous_33)
FN:710,(anonymous_34)
FN:746,(anonymous_35)
FN:755,(anonymous_36)
FN:772,(anonymous_37)
FN:807,(anonymous_38)
FN:809,(anonymous_39)
FN:812,(anonymous_40)
FN:822,(anonymous_41)
FN:831,(anonymous_42)
FNF:41
FNH:0
FNDA:0,(anonymous_2)
FNDA:0,(anonymous_3)
FNDA:0,(anonymous_4)
FNDA:0,(anonymous_5)
FNDA:0,(anonymous_6)
FNDA:0,(anonymous_7)
FNDA:0,(anonymous_8)
FNDA:0,(anonymous_9)
FNDA:0,(anonymous_10)
FNDA:0,(anonymous_11)
FNDA:0,(anonymous_12)
FNDA:0,(anonymous_13)
FNDA:0,(anonymous_14)
FNDA:0,(anonymous_15)
FNDA:0,(anonymous_16)
FNDA:0,(anonymous_17)
FNDA:0,(anonymous_18)
FNDA:0,(anonymous_19)
FNDA:0,(anonymous_20)
FNDA:0,(anonymous_21)
FNDA:0,(anonymous_22)
FNDA:0,(anonymous_23)
FNDA:0,(anonymous_24)
FNDA:0,(anonymous_25)
FNDA:0,(anonymous_26)
FNDA:0,(anonymous_27)
FNDA:0,(anonymous_28)
FNDA:0,(anonymous_29)
FNDA:0,(anonymous_30)
FNDA:0,(anonymous_31)
FNDA:0,(anonymous_32)
FNDA:0,(anonymous_33)
FNDA:0,(anonymous_34)
FNDA:0,(anonymous_35)
FNDA:0,(anonymous_36)
FNDA:0,(anonymous_37)
FNDA:0,(anonymous_38)
FNDA:0,(anonymous_39)
FNDA:0,(anonymous_40)
FNDA:0,(anonymous_41)
FNDA:0,(anonymous_42)
DA:1,1
DA:6,1
DA:7,1
DA:32,1
DA:35,1
DA:36,0
DA:45,0
DA:47,0
DA:52,0
DA:55,0
DA:66,0
DA:67,0
DA:72,0
DA:79,0
DA:80,0
DA:82,0
DA:93,0
DA:94,0
DA:96,0
DA:98,0
DA:111,0
DA:113,0
DA:114,0
DA:117,0
DA:122,0
DA:130,0
DA:135,0
DA:136,0
DA:140,0
DA:148,0
DA:149,0
DA:152,0
DA:153,0
DA:156,0
DA:158,0
DA:163,0
DA:164,0
DA:165,0
DA:166,0
DA:167,0
DA:169,0
DA:174,0
DA:175,0
DA:179,0
DA:180,0
DA:184,0
DA:190,0
DA:194,0
DA:196,0
DA:197,0
DA:200,0
DA:209,0
DA:211,0
DA:212,0
DA:215,0
DA:216,0
DA:222,0
DA:241,0
DA:247,0
DA:249,0
DA:251,0
DA:253,0
DA:254,0
DA:258,0
DA:260,0
DA:263,0
DA:264,0
DA:266,0
DA:269,0
DA:271,0
DA:275,0
DA:281,0
DA:298,0
DA:300,0
DA:301,0
DA:305,0
DA:312,0
DA:328,0
DA:330,0
DA:331,0
DA:335,0
DA:337,0
DA:338,0
DA:339,0
DA:342,0
DA:347,0
DA:350,0
DA:361,0
DA:368,0
DA:373,0
DA:379,0
DA:401,0
DA:402,0
DA:406,0
DA:408,0
DA:409,0
DA:412,0
DA:413,0
DA:415,0
DA:416,0
DA:420,0
DA:421,0
DA:428,0
DA:429,0
DA:432,0
DA:433,0
DA:445,0
DA:454,0
DA:470,0
DA:472,0
DA:473,0
DA:474,0
DA:475,0
DA:476,0
DA:477,0
DA:479,0
DA:480,0
DA:481,0
DA:482,0
DA:483,0
DA:484,0
DA:487,0
DA:488,0
DA:494,0
DA:495,0
DA:498,0
DA:505,0
DA:507,0
DA:509,0
DA:511,0
DA:513,0
DA:515,0
DA:517,0
DA:522,0
DA:523,0
DA:524,0
DA:525,0
DA:527,0
DA:531,0
DA:535,0
DA:536,0
DA:538,0
DA:542,0
DA:546,0
DA:587,0
DA:589,0
DA:593,0
DA:600,0
DA:601,0
DA:603,0
DA:604,0
DA:605,0
DA:607,0
DA:613,0
DA:614,0
DA:616,0
DA:617,0
DA:626,0
DA:628,0
DA:629,0
DA:632,0
DA:633,0
DA:635,0
DA:637,0
DA:641,0
DA:649,0
DA:651,0
DA:652,0
DA:656,0
DA:657,0
DA:658,0
DA:662,0
DA:663,0
DA:664,0
DA:668,0
DA:669,0
DA:670,0
DA:671,0
DA:674,0
DA:686,0
DA:688,0
DA:689,0
DA:690,0
DA:691,0
DA:694,0
DA:714,0
DA:715,0
DA:716,0
DA:720,0
DA:750,0
DA:755,0
DA:756,0
DA:757,0
DA:758,0
DA:763,0
DA:764,0
DA:765,0
DA:769,0
DA:770,0
DA:772,0
DA:773,0
DA:776,0
DA:777,0
DA:778,0
DA:780,0
DA:804,0
DA:808,0
DA:809,0
DA:811,0
DA:812,0
DA:815,0
DA:827,0
DA:830,0
DA:831,0
DA:834,0
DA:835,0
DA:840,0
DA:843,0
DA:844,0
DA:849,0
DA:850,0
DA:855,0
DA:856,0
DA:862,0
DA:877,0
DA:883,0
DA:885,0
DA:886,0
DA:887,0
DA:888,0
DA:892,0
DA:893,0
DA:896,0
DA:902,0
DA:913,0
LF:235
LH:5
BRDA:45,0,0,0
BRDA:45,0,1,0
BRDA:47,1,0,0
BRDA:48,2,0,0
BRDA:48,2,1,0
BRDA:58,3,0,0
BRDA:58,3,1,0
BRDA:87,4,0,0
BRDA:87,4,1,0
BRDA:87,5,0,0
BRDA:87,5,1,0
BRDA:88,6,0,0
BRDA:88,6,1,0
BRDA:103,7,0,0
BRDA:103,7,1,0
BRDA:104,8,0,0
BRDA:104,8,1,0
BRDA:105,9,0,0
BRDA:105,9,1,0
BRDA:113,10,0,0
BRDA:135,11,0,0
BRDA:142,12,0,0
BRDA:142,12,1,0
BRDA:148,13,0,0
BRDA:148,13,1,0
BRDA:148,14,0,0
BRDA:148,14,1,0
BRDA:152,15,0,0
BRDA:152,15,1,0
BRDA:158,16,0,0
BRDA:158,16,1,0
BRDA:159,17,0,0
BRDA:159,17,1,0
BRDA:164,18,0,0
BRDA:164,19,0,0
BRDA:164,19,1,0
BRDA:169,20,0,0
BRDA:170,21,0,0
BRDA:170,21,1,0
BRDA:175,22,0,0
BRDA:176,23,0,0
BRDA:176,23,1,0
BRDA:196,24,0,0
BRDA:211,25,0,0
BRDA:215,26,0,0
BRDA:224,27,0,0
BRDA:224,27,1,0
BRDA:233,28,0,0
BRDA:233,28,1,0
BRDA:247,29,0,0
BRDA:247,29,1,0
BRDA:253,30,0,0
BRDA:258,31,0,0
BRDA:258,31,1,0
BRDA:263,32,0,0
BRDA:278,33,0,0
BRDA:278,33,1,0
BRDA:300,34,0,0
BRDA:308,35,0,0
BRDA:308,35,1,0
BRDA:309,36,0,0
BRDA:309,36,1,0
BRDA:330,37,0,0
BRDA:350,38,0,0
BRDA:350,38,1,0
BRDA:389,39,0,0
BRDA:389,39,1,0
BRDA:415,40,0,0
BRDA:438,41,0,0
BRDA:438,41,1,0
BRDA:472,42,0,0
BRDA:473,43,0,0
BRDA:474,44,0,0
BRDA:475,45,0,0
BRDA:476,46,0,0
BRDA:479,47,0,0
BRDA:479,48,0,0
BRDA:479,48,1,0
BRDA:481,49,0,0
BRDA:483,50,0,0
BRDA:487,51,0,0
BRDA:494,52,0,0
BRDA:505,53,0,0
BRDA:505,53,1,0
BRDA:507,54,0,0
BRDA:507,54,1,0
BRDA:507,54,2,0
BRDA:507,54,3,0
BRDA:507,54,4,0
BRDA:527,55,0,0
BRDA:527,55,1,0
BRDA:531,56,0,0
BRDA:531,56,1,0
BRDA:531,57,0,0
BRDA:531,57,1,0
BRDA:536,58,0,0
BRDA:536,58,1,0
BRDA:538,59,0,0
BRDA:538,59,1,0
BRDA:542,60,0,0
BRDA:542,60,1,0
BRDA:574,61,0,0
BRDA:574,61,1,0
BRDA:589,62,0,0
BRDA:589,62,1,0
BRDA:609,63,0,0
BRDA:609,63,1,0
BRDA:626,64,0,0
BRDA:635,65,0,0
BRDA:635,66,0,0
BRDA:635,66,1,0
BRDA:649,67,0,0
BRDA:671,68,0,0
BRDA:671,68,1,0
BRDA:677,69,0,0
BRDA:677,69,1,0
BRDA:699,70,0,0
BRDA:699,70,1,0
BRDA:716,71,0,0
BRDA:716,71,1,0
BRDA:756,72,0,0
BRDA:756,73,0,0
BRDA:756,73,1,0
BRDA:758,74,0,0
BRDA:758,74,1,0
BRDA:776,75,0,0
BRDA:776,76,0,0
BRDA:776,76,1,0
BRDA:834,77,0,0
BRDA:849,78,0,0
BRDA:855,79,0,0
BRDA:866,80,0,0
BRDA:866,80,1,0
BRDA:866,80,2,0
BRDA:883,81,0,0
BRDA:883,81,1,0
BRDA:887,82,0,0
BRDA:899,83,0,0
BRDA:899,83,1,0
BRF:139
BRH:0
end_of_record
TN:
SF:src/goals/dto/create-goal-contribution.dto.ts
FN:15,(anonymous_2)
FN:17,(anonymous_3)
FNF:2
FNH:0
FNDA:0,(anonymous_2)
FNDA:0,(anonymous_3)
DA:1,1
DA:12,1
DA:13,1
DA:15,1
DA:17,0
DA:19,1
DA:24,1
DA:28,1
DA:33,1
DA:37,1
DA:41,1
LF:11
LH:10
BRF:0
BRH:0
end_of_record
TN:
SF:src/goals/dto/create-goal.dto.ts
FN:17,(anonymous_2)
FN:30,(anonymous_3)
FN:60,(anonymous_4)
FN:65,(anonymous_5)
FN:71,(anonymous_6)
FNF:5
FNH:0
FNDA:0,(anonymous_2)
FNDA:0,(anonymous_3)
FNDA:0,(anonymous_4)
FNDA:0,(anonymous_5)
FNDA:0,(anonymous_6)
DA:1,1
DA:14,1
DA:15,1
DA:17,1
DA:22,1
DA:27,1
DA:30,0
DA:32,1
DA:37,1
DA:41,1
DA:44,1
DA:48,1
DA:52,1
DA:56,1
DA:60,0
DA:61,1
DA:65,0
DA:67,1
DA:71,0
DA:73,1
LF:20
LH:16
BRDA:60,0,0,0
BRDA:60,0,1,0
BRF:2
BRH:0
end_of_record
TN:
SF:src/goals/dto/goal-filters.dto.ts
FN:14,(anonymous_2)
FN:29,(anonymous_3)
FN:34,(anonymous_4)
FN:51,(anonymous_5)
FN:64,(anonymous_6)
FN:70,(anonymous_7)
FNF:6
FNH:0
FNDA:0,(anonymous_2)
FNDA:0,(anonymous_3)
FNDA:0,(anonymous_4)
FNDA:0,(anonymous_5)
FNDA:0,(anonymous_6)
FNDA:0,(anonymous_7)
DA:1,1
DA:11,1
DA:12,1
DA:14,1
DA:17,1
DA:21,1
DA:25,1
DA:29,0
DA:30,1
DA:34,0
DA:35,1
DA:39,1
DA:43,1
DA:47,1
DA:51,0
DA:52,1
DA:56,1
DA:60,1
DA:64,0
DA:66,1
DA:70,0
DA:73,1
LF:22
LH:17
BRDA:29,0,0,0
BRDA:29,0,1,0
BRDA:34,1,0,0
BRDA:34,1,1,0
BRDA:51,2,0,0
BRDA:51,2,1,0
BRF:6
BRH:0
end_of_record
TN:
SF:src/goals/dto/goal-response.dto.ts
FNF:0
FNH:0
DA:3,0
DA:43,0
DA:53,0
DA:62,0
DA:73,0
LF:5
LH:0
BRF:0
BRH:0
end_of_record
TN:
SF:src/goals/dto/goal-suggestions.dto.ts
FNF:0
FNH:0
DA:3,0
DA:33,0
DA:45,0
DA:56,0
LF:4
LH:0
BRF:0
BRH:0
end_of_record
TN:
SF:src/goals/dto/rollover-contribution.dto.ts
FN:31,(anonymous_2)
FNF:1
FNH:0
FNDA:0,(anonymous_2)
DA:1,1
DA:9,1
DA:11,1
DA:13,1
DA:17,1
DA:21,1
DA:24,1
DA:27,1
DA:31,0
DA:32,1
DA:36,1
LF:11
LH:10
BRF:0
BRH:0
end_of_record
TN:
SF:src/goals/dto/update-goal.dto.ts
FN:29,(anonymous_2)
FN:35,(anonymous_3)
FN:62,(anonymous_4)
FN:67,(anonymous_5)
FN:73,(anonymous_6)
FN:78,(anonymous_7)
FNF:6
FNH:0
FNDA:0,(anonymous_2)
FNDA:0,(anonymous_3)
FNDA:0,(anonymous_4)
FNDA:0,(anonymous_5)
FNDA:0,(anonymous_6)
FNDA:0,(anonymous_7)
DA:1,1
DA:12,1
DA:13,1
DA:15,1
DA:20,1
DA:25,1
DA:29,0
DA:31,1
DA:35,0
DA:37,1
DA:42,1
DA:46,1
DA:50,1
DA:54,1
DA:58,1
DA:62,0
DA:63,1
DA:67,0
DA:69,1
DA:73,0
DA:74,1
DA:78,0
DA:79,1
DA:83,1
LF:24
LH:18
BRDA:62,0,0,0
BRDA:62,0,1,0
BRDA:73,1,0,0
BRDA:73,1,1,0
BRDA:78,2,0,0
BRDA:78,2,1,0
BRF:6
BRH:0
end_of_record
TN:
SF:src/goals/repositories/goals.repository.ts
FN:6,(anonymous_2)
FN:9,(anonymous_3)
FN:15,(anonymous_4)
FN:21,(anonymous_5)
FN:31,(anonymous_6)
FN:41,(anonymous_7)
FN:59,(anonymous_8)
FN:63,(anonymous_9)
FN:70,(anonymous_10)
FN:82,(anonymous_11)
FN:88,(anonymous_12)
FN:99,(anonymous_13)
FN:114,(anonymous_14)
FN:127,(anonymous_15)
FN:135,(anonymous_16)
FN:157,(anonymous_17)
FN:176,(anonymous_18)
FN:200,(anonymous_19)
FN:222,(anonymous_20)
FN:223,(anonymous_21)
FN:225,(anonymous_22)
FN:229,(anonymous_23)
FN:243,(anonymous_24)
FN:278,(anonymous_25)
FN:315,(anonymous_26)
FN:331,(anonymous_27)
FNF:26
FNH:0
FNDA:0,(anonymous_2)
FNDA:0,(anonymous_3)
FNDA:0,(anonymous_4)
FNDA:0,(anonymous_5)
FNDA:0,(anonymous_6)
FNDA:0,(anonymous_7)
FNDA:0,(anonymous_8)
FNDA:0,(anonymous_9)
FNDA:0,(anonymous_10)
FNDA:0,(anonymous_11)
FNDA:0,(anonymous_12)
FNDA:0,(anonymous_13)
FNDA:0,(anonymous_14)
FNDA:0,(anonymous_15)
FNDA:0,(anonymous_16)
FNDA:0,(anonymous_17)
FNDA:0,(anonymous_18)
FNDA:0,(anonymous_19)
FNDA:0,(anonymous_20)
FNDA:0,(anonymous_21)
FNDA:0,(anonymous_22)
FNDA:0,(anonymous_23)
FNDA:0,(anonymous_24)
FNDA:0,(anonymous_25)
FNDA:0,(anonymous_26)
FNDA:0,(anonymous_27)
DA:1,1
DA:2,1
DA:5,1
DA:6,0
DA:10,0
DA:16,0
DA:25,0
DA:35,0
DA:50,0
DA:60,0
DA:64,0
DA:75,0
DA:83,0
DA:90,0
DA:91,0
DA:94,0
DA:101,0
DA:102,0
DA:106,0
DA:118,0
DA:130,0
DA:143,0
DA:145,0
DA:146,0
DA:147,0
DA:148,0
DA:151,0
DA:162,0
DA:164,0
DA:165,0
DA:166,0
DA:167,0
DA:170,0
DA:182,0
DA:187,0
DA:188,0
DA:189,0
DA:190,0
DA:193,0
DA:208,0
DA:209,0
DA:212,0
DA:221,0
DA:222,0
DA:223,0
DA:224,0
DA:225,0
DA:228,0
DA:229,0
DA:233,0
DA:248,0
DA:249,0
DA:253,0
DA:254,0
DA:256,0
DA:257,0
DA:271,0
DA:273,0
DA:281,0
DA:282,0
DA:285,0
DA:286,0
DA:289,0
DA:290,0
DA:293,0
DA:295,0
DA:308,0
DA:310,0
DA:316,0
DA:333,0
DA:334,0
DA:337,0
LF:72
LH:3
BRDA:90,0,0,0
BRDA:101,1,0,0
BRDA:145,2,0,0
BRDA:145,3,0,0
BRDA:145,3,1,0
BRDA:147,4,0,0
BRDA:148,5,0,0
BRDA:153,6,0,0
BRDA:153,6,1,0
BRDA:164,7,0,0
BRDA:164,8,0,0
BRDA:164,8,1,0
BRDA:166,9,0,0
BRDA:167,10,0,0
BRDA:187,11,0,0
BRDA:187,12,0,0
BRDA:187,12,1,0
BRDA:189,13,0,0
BRDA:190,14,0,0
BRDA:208,15,0,0
BRDA:245,16,0,0
BRDA:248,17,0,0
BRDA:281,18,0,0
BRDA:285,19,0,0
BRDA:289,20,0,0
BRDA:333,21,0,0
BRF:26
BRH:0
end_of_record
TN:
SF:src/health/health.controller.ts
FN:6,(anonymous_2)
FN:9,(anonymous_3)
FN:14,(anonymous_4)
FNF:3
FNH:3
FNDA:2,(anonymous_2)
FNDA:1,(anonymous_3)
FNDA:1,(anonymous_4)
DA:1,1
DA:2,1
DA:5,1
DA:6,2
DA:9,1
DA:10,1
DA:14,1
DA:15,1
LF:8
LH:8
BRF:0
BRH:0
end_of_record
TN:
SF:src/health/health.service.ts
FN:21,(anonymous_2)
FN:23,(anonymous_3)
FNF:2
FNH:0
FNDA:0,(anonymous_2)
FNDA:0,(anonymous_3)
DA:1,1
DA:2,1
DA:20,1
DA:21,0
DA:24,0
DA:27,0
DA:28,0
DA:31,0
DA:33,0
DA:35,0
LF:10
LH:3
BRDA:36,0,0,0
BRDA:36,0,1,0
BRDA:40,1,0,0
BRDA:40,1,1,0
BRF:4
BRH:0
end_of_record
TN:
SF:src/poker/poker.controller.ts
FN:33,(anonymous_4)
FN:35,(anonymous_5)
FN:48,(anonymous_6)
FN:57,(anonymous_7)
FN:63,(anonymous_8)
FN:72,(anonymous_9)
FN:83,(anonymous_10)
FN:94,(anonymous_11)
FN:108,(anonymous_12)
FN:117,(anonymous_13)
FN:132,(anonymous_14)
FN:142,(anonymous_15)
FN:148,(anonymous_16)
FNF:13
FNH:11
FNDA:9,(anonymous_4)
FNDA:9,(anonymous_5)
FNDA:1,(anonymous_6)
FNDA:1,(anonymous_7)
FNDA:1,(anonymous_8)
FNDA:1,(anonymous_9)
FNDA:1,(anonymous_10)
FNDA:1,(anonymous_11)
FNDA:1,(anonymous_12)
FNDA:0,(anonymous_13)
FNDA:0,(anonymous_14)
FNDA:1,(anonymous_15)
FNDA:1,(anonymous_16)
DA:1,1
DA:15,1
DA:16,1
DA:17,1
DA:18,1
DA:19,1
DA:20,1
DA:32,1
DA:33,9
DA:36,9
DA:38,9
DA:39,0
DA:42,9
DA:48,1
DA:52,1
DA:53,1
DA:57,1
DA:58,1
DA:59,1
DA:63,1
DA:67,1
DA:68,1
DA:72,1
DA:77,1
DA:78,1
DA:83,1
DA:87,1
DA:88,1
DA:94,1
DA:99,1
DA:100,1
DA:108,1
DA:112,1
DA:113,1
DA:117,1
DA:122,0
DA:123,0
DA:132,1
DA:136,0
DA:137,0
DA:142,1
DA:143,1
DA:144,1
DA:148,1
DA:152,1
DA:153,1
LF:46
LH:41
BRDA:36,0,0,9
BRDA:36,0,1,0
BRDA:36,0,2,0
BRDA:38,1,0,0
BRF:4
BRH:1
end_of_record
TN:
SF:src/poker/poker.service.ts
FN:23,(anonymous_2)
FN:26,(anonymous_3)
FN:56,(anonymous_4)
FN:59,(anonymous_5)
FN:64,(anonymous_6)
FN:82,(anonymous_7)
FN:129,(anonymous_8)
FN:145,(anonymous_9)
FN:177,(anonymous_10)
FN:203,(anonymous_11)
FN:217,(anonymous_12)
FN:234,(anonymous_13)
FN:238,(anonymous_14)
FN:291,(anonymous_15)
FN:349,(anonymous_16)
FN:352,(anonymous_17)
FN:356,(anonymous_18)
FN:360,(anonymous_19)
FN:370,(anonymous_20)
FN:397,(anonymous_21)
FN:401,(anonymous_22)
FNF:21
FNH:0
FNDA:0,(anonymous_2)
FNDA:0,(anonymous_3)
FNDA:0,(anonymous_4)
FNDA:0,(anonymous_5)
FNDA:0,(anonymous_6)
FNDA:0,(anonymous_7)
FNDA:0,(anonymous_8)
FNDA:0,(anonymous_9)
FNDA:0,(anonymous_10)
FNDA:0,(anonymous_11)
FNDA:0,(anonymous_12)
FNDA:0,(anonymous_13)
FNDA:0,(anonymous_14)
FNDA:0,(anonymous_15)
FNDA:0,(anonymous_16)
FNDA:0,(anonymous_17)
FNDA:0,(anonymous_18)
FNDA:0,(anonymous_19)
FNDA:0,(anonymous_20)
FNDA:0,(anonymous_21)
FNDA:0,(anonymous_22)
DA:1,1
DA:7,1
DA:22,1
DA:23,0
DA:31,0
DA:32,0
DA:33,0
DA:35,0
DA:36,0
DA:40,0
DA:52,0
DA:53,0
DA:58,0
DA:59,0
DA:60,0
DA:69,0
DA:71,0
DA:72,0
DA:75,0
DA:76,0
DA:79,0
DA:88,0
DA:90,0
DA:91,0
DA:94,0
DA:95,0
DA:99,0
DA:100,0
DA:103,0
DA:107,0
DA:108,0
DA:112,0
DA:122,0
DA:126,0
DA:131,0
DA:133,0
DA:134,0
DA:137,0
DA:138,0
DA:141,0
DA:152,0
DA:154,0
DA:155,0
DA:158,0
DA:159,0
DA:162,0
DA:173,0
DA:174,0
DA:182,0
DA:184,0
DA:185,0
DA:188,0
DA:189,0
DA:192,0
DA:199,0
DA:200,0
DA:204,0
DA:206,0
DA:207,0
DA:210,0
DA:211,0
DA:214,0
DA:222,0
DA:224,0
DA:225,0
DA:228,0
DA:229,0
DA:233,0
DA:234,0
DA:239,0
DA:241,0
DA:242,0
DA:260,0
DA:261,0
DA:262,0
DA:263,0
DA:265,0
DA:296,0
DA:298,0
DA:299,0
DA:302,0
DA:303,0
DA:306,0
DA:308,0
DA:309,0
DA:312,0
DA:313,0
DA:314,0
DA:315,0
DA:316,0
DA:318,0
DA:350,0
DA:351,0
DA:352,0
DA:355,0
DA:356,0
DA:359,0
DA:360,0
DA:364,0
DA:367,0
DA:368,0
DA:369,0
DA:371,0
DA:375,0
DA:397,0
DA:402,0
LF:106
LH:3
BRDA:31,0,0,0
BRDA:35,1,0,0
BRDA:43,2,0,0
BRDA:43,2,1,0
BRDA:71,3,0,0
BRDA:75,4,0,0
BRDA:90,5,0,0
BRDA:94,6,0,0
BRDA:99,7,0,0
BRDA:99,8,0,0
BRDA:99,8,1,0
BRDA:101,9,0,0
BRDA:101,9,1,0
BRDA:103,10,0,0
BRDA:103,10,1,0
BRDA:107,11,0,0
BRDA:107,12,0,0
BRDA:107,12,1,0
BRDA:114,13,0,0
BRDA:114,13,1,0
BRDA:117,14,0,0
BRDA:117,14,1,0
BRDA:133,15,0,0
BRDA:137,16,0,0
BRDA:154,17,0,0
BRDA:158,18,0,0
BRDA:184,19,0,0
BRDA:188,20,0,0
BRDA:194,21,0,0
BRDA:194,21,1,0
BRDA:206,22,0,0
BRDA:210,23,0,0
BRDA:224,24,0,0
BRDA:228,25,0,0
BRDA:241,26,0,0
BRDA:260,27,0,0
BRDA:260,27,1,0
BRDA:261,28,0,0
BRDA:261,28,1,0
BRDA:262,29,0,0
BRDA:262,29,1,0
BRDA:263,30,0,0
BRDA:263,30,1,0
BRDA:266,31,0,0
BRDA:266,31,1,0
BRDA:269,32,0,0
BRDA:269,32,1,0
BRDA:271,33,0,0
BRDA:271,33,1,0
BRDA:277,34,0,0
BRDA:277,34,1,0
BRDA:279,35,0,0
BRDA:279,35,1,0
BRDA:283,36,0,0
BRDA:283,36,1,0
BRDA:284,37,0,0
BRDA:284,37,1,0
BRDA:285,38,0,0
BRDA:285,38,1,0
BRDA:298,39,0,0
BRDA:302,40,0,0
BRDA:308,41,0,0
BRDA:312,42,0,0
BRDA:312,42,1,0
BRDA:313,43,0,0
BRDA:313,43,1,0
BRDA:314,44,0,0
BRDA:314,44,1,0
BRDA:315,45,0,0
BRDA:315,45,1,0
BRDA:316,46,0,0
BRDA:316,46,1,0
BRDA:324,47,0,0
BRDA:324,47,1,0
BRDA:325,48,0,0
BRDA:325,48,1,0
BRDA:326,49,0,0
BRDA:326,49,1,0
BRDA:327,50,0,0
BRDA:327,50,1,0
BRDA:331,51,0,0
BRDA:331,51,1,0
BRDA:333,52,0,0
BRDA:333,52,1,0
BRDA:338,53,0,0
BRDA:338,53,1,0
BRDA:339,54,0,0
BRDA:339,54,1,0
BRDA:340,55,0,0
BRDA:340,55,1,0
BRDA:341,56,0,0
BRDA:341,56,1,0
BRDA:350,57,0,0
BRDA:350,57,1,0
BRDA:356,58,0,0
BRDA:356,58,1,0
BRDA:372,59,0,0
BRDA:372,59,1,0
BRDA:396,60,0,0
BRDA:396,60,1,0
BRDA:416,61,0,0
BRDA:416,61,1,0
BRF:102
BRH:0
end_of_record
TN:
SF:src/poker/dto/create-poker-tournament-event.dto.ts
FN:17,(anonymous_2)
FN:31,(anonymous_3)
FN:38,(anonymous_4)
FN:52,(anonymous_5)
FN:59,(anonymous_6)
FN:70,(anonymous_7)
FN:77,(anonymous_8)
FN:84,(anonymous_9)
FNF:8
FNH:0
FNDA:0,(anonymous_2)
FNDA:0,(anonymous_3)
FNDA:0,(anonymous_4)
FNDA:0,(anonymous_5)
FNDA:0,(anonymous_6)
FNDA:0,(anonymous_7)
FNDA:0,(anonymous_8)
FNDA:0,(anonymous_9)
DA:1,1
DA:14,1
DA:15,1
DA:17,1
DA:21,1
DA:26,1
DA:31,0
DA:32,1
DA:38,0
DA:39,1
DA:42,1
DA:46,1
DA:52,0
DA:53,1
DA:59,0
DA:60,1
DA:64,1
DA:70,0
DA:71,1
DA:77,0
DA:78,1
DA:84,0
DA:85,1
DA:89,1
LF:24
LH:17
BRF:0
BRH:0
end_of_record
TN:
SF:src/poker/dto/create-poker-tournament.dto.ts
FN:13,(anonymous_2)
FN:40,(anonymous_3)
FN:47,(anonymous_4)
FN:54,(anonymous_5)
FNF:4
FNH:0
FNDA:0,(anonymous_2)
FNDA:0,(anonymous_3)
FNDA:0,(anonymous_4)
FNDA:0,(anonymous_5)
DA:1,1
DA:11,1
DA:13,1
DA:17,1
DA:22,1
DA:27,1
DA:30,1
DA:34,1
DA:40,0
DA:41,1
DA:47,0
DA:48,1
DA:54,0
DA:55,1
DA:59,1
LF:15
LH:12
BRF:0
BRH:0
end_of_record
TN:
SF:src/poker/dto/poker-analytics.dto.ts
FNF:0
FNH:0
DA:1,0
DA:18,0
LF:2
LH:0
BRF:0
BRH:0
end_of_record
TN:
SF:src/poker/dto/poker-tournament.dto.ts
FN:1,(anonymous_0)
FNF:1
FNH:1
FNDA:1,(anonymous_0)
DA:1,1
DA:2,1
DA:3,1
DA:4,1
DA:5,1
DA:6,1
DA:7,1
DA:8,1
DA:11,1
DA:40,1
LF:10
LH:10
BRDA:1,0,0,1
BRDA:1,0,1,1
BRF:2
BRH:2
end_of_record
TN:
SF:src/poker/dto/update-poker-tournament-event.dto.ts
FNF:0
FNH:0
DA:1,1
DA:2,1
DA:4,1
LF:3
LH:3
BRF:0
BRH:0
end_of_record
TN:
SF:src/poker/dto/update-poker-tournament.dto.ts
FNF:0
FNH:0
DA:1,1
DA:2,1
DA:4,1
LF:3
LH:3
BRF:0
BRH:0
end_of_record
TN:
SF:src/poker/repositories/poker.repository.ts
FN:7,(anonymous_2)
FN:10,(anonymous_3)
FN:18,(anonymous_4)
FN:24,(anonymous_5)
FN:35,(anonymous_6)
FN:45,(anonymous_7)
FN:55,(anonymous_8)
FN:62,(anonymous_9)
FN:70,(anonymous_10)
FN:79,(anonymous_11)
FN:88,(anonymous_12)
FN:98,(anonymous_13)
FN:108,(anonymous_14)
FN:115,(anonymous_15)
FN:143,(anonymous_16)
FNF:15
FNH:0
FNDA:0,(anonymous_2)
FNDA:0,(anonymous_3)
FNDA:0,(anonymous_4)
FNDA:0,(anonymous_5)
FNDA:0,(anonymous_6)
FNDA:0,(anonymous_7)
FNDA:0,(anonymous_8)
FNDA:0,(anonymous_9)
FNDA:0,(anonymous_10)
FNDA:0,(anonymous_11)
FNDA:0,(anonymous_12)
FNDA:0,(anonymous_13)
FNDA:0,(anonymous_14)
FNDA:0,(anonymous_15)
FNDA:0,(anonymous_16)
DA:1,1
DA:3,1
DA:6,1
DA:7,0
DA:13,0
DA:19,0
DA:25,0
DA:36,0
DA:49,0
DA:56,0
DA:65,0
DA:71,0
DA:82,0
DA:89,0
DA:102,0
DA:109,0
DA:116,0
DA:140,0
DA:144,0
DA:162,0
LF:20
LH:3
BRDA:140,0,0,0
BRDA:140,0,1,0
BRDA:162,1,0,0
BRDA:162,1,1,0
BRF:4
BRH:0
end_of_record
TN:
SF:src/transactions/transactions.controller.ts
FN:24,(anonymous_4)
FN:28,(anonymous_5)
FN:36,(anonymous_6)
FN:41,(anonymous_7)
FN:46,(anonymous_8)
FN:57,(anonymous_9)
FN:65,(anonymous_10)
FN:73,(anonymous_11)
FN:81,(anonymous_12)
FN:97,(anonymous_13)
FN:110,(anonymous_14)
FN:115,(anonymous_15)
FN:129,(anonymous_16)
FN:134,(anonymous_17)
FN:148,(anonymous_18)
FN:162,(anonymous_19)
FNF:16
FNH:14
FNDA:13,(anonymous_4)
FNDA:1,(anonymous_5)
FNDA:1,(anonymous_6)
FNDA:1,(anonymous_7)
FNDA:1,(anonymous_8)
FNDA:1,(anonymous_9)
FNDA:1,(anonymous_10)
FNDA:1,(anonymous_11)
FNDA:1,(anonymous_12)
FNDA:1,(anonymous_13)
FNDA:1,(anonymous_14)
FNDA:1,(anonymous_15)
FNDA:1,(anonymous_16)
FNDA:0,(anonymous_17)
FNDA:0,(anonymous_18)
FNDA:1,(anonymous_19)
DA:1,1
DA:15,1
DA:16,1
DA:17,1
DA:18,1
DA:19,1
DA:23,1
DA:24,13
DA:28,1
DA:32,1
DA:36,1
DA:37,1
DA:41,1
DA:42,1
DA:46,1
DA:50,1
DA:57,1
DA:61,1
DA:65,1
DA:69,1
DA:73,1
DA:77,1
DA:81,1
DA:82,1
DA:87,1
DA:97,1
DA:98,1
DA:105,1
DA:106,1
DA:110,1
DA:111,1
DA:115,1
DA:120,1
DA:129,1
DA:130,1
DA:134,1
DA:139,0
DA:144,0
DA:148,1
DA:153,0
DA:158,0
DA:162,1
DA:167,1
DA:176,1
LF:44
LH:40
BRDA:170,0,0,1
BRDA:170,0,1,0
BRDA:171,1,0,1
BRDA:171,1,1,1
BRDA:172,2,0,1
BRDA:172,2,1,1
BRDA:173,3,0,1
BRDA:173,3,1,1
BRF:8
BRH:7
end_of_record
TN:
SF:src/transactions/transactions.service.ts
FN:124,(anonymous_2)
FN:131,(anonymous_3)
FN:168,(anonymous_4)
FN:191,(anonymous_5)
FN:199,(anonymous_6)
FN:207,(anonymous_7)
FN:256,(anonymous_8)
FN:264,(anonymous_9)
FN:281,(anonymous_10)
FN:306,(anonymous_11)
FN:317,(anonymous_12)
FN:326,(anonymous_13)
FN:369,(anonymous_14)
FN:413,(anonymous_15)
FN:438,(anonymous_16)
FN:439,(anonymous_17)
FN:441,(anonymous_18)
FN:445,(anonymous_19)
FN:451,(anonymous_20)
FN:452,(anonymous_21)
FN:458,(anonymous_22)
FN:459,(anonymous_23)
FN:466,(anonymous_24)
FN:468,(anonymous_25)
FN:478,(anonymous_26)
FN:506,(anonymous_27)
FN:518,(anonymous_28)
FN:530,(anonymous_29)
FN:531,(anonymous_30)
FN:543,(anonymous_31)
FN:544,(anonymous_32)
FN:556,(anonymous_33)
FN:565,(anonymous_34)
FN:627,(anonymous_35)
FN:651,(anonymous_36)
FN:657,(anonymous_37)
FN:721,(anonymous_38)
FN:732,(anonymous_39)
FN:770,(anonymous_40)
FN:780,(anonymous_41)
FN:787,(anonymous_42)
FN:789,(anonymous_43)
FN:799,(anonymous_44)
FN:805,(anonymous_45)
FN:809,(anonymous_46)
FN:817,(anonymous_47)
FN:819,(anonymous_48)
FN:834,(anonymous_49)
FN:844,(anonymous_50)
FN:851,(anonymous_51)
FN:859,(anonymous_52)
FN:866,(anonymous_53)
FN:872,(anonymous_54)
FN:877,(anonymous_55)
FN:882,(anonymous_56)
FN:901,(anonymous_57)
FN:938,(anonymous_58)
FN:960,(anonymous_59)
FN:974,(anonymous_60)
FN:1014,(anonymous_61)
FN:1047,(anonymous_62)
FN:1062,(anonymous_63)
FN:1064,(anonymous_64)
FN:1068,(anonymous_65)
FN:1102,(anonymous_66)
FN:1122,(anonymous_67)
FN:1137,(anonymous_68)
FN:1163,(anonymous_69)
FN:1182,(anonymous_70)
FN:1190,(anonymous_71)
FN:1213,(anonymous_72)
FN:1280,(anonymous_73)
FN:1286,(anonymous_74)
FN:1297,(anonymous_75)
FN:1311,(anonymous_76)
FN:1314,(anonymous_77)
FN:1400,(anonymous_78)
FN:1426,(anonymous_79)
FN:1433,(anonymous_80)
FN:1444,(anonymous_81)
FN:1457,(anonymous_82)
FN:1496,(anonymous_83)
FN:1523,(anonymous_84)
FN:1529,(anonymous_85)
FN:1536,(anonymous_86)
FN:1557,(anonymous_87)
FN:1590,(anonymous_88)
FN:1604,(anonymous_89)
FN:1658,(anonymous_90)
FN:1676,(anonymous_91)
FN:1687,(anonymous_92)
FN:1743,(anonymous_93)
FN:1752,(anonymous_94)
FN:1812,(anonymous_95)
FN:1817,(anonymous_96)
FN:1838,(anonymous_97)
FN:1845,(anonymous_98)
FN:1849,(anonymous_99)
FN:1854,(anonymous_100)
FN:1858,(anonymous_101)
FN:1861,(anonymous_102)
FN:1874,(anonymous_103)
FN:1892,(anonymous_104)
FN:1917,(anonymous_105)
FN:1921,(anonymous_106)
FN:1940,(anonymous_107)
FN:1944,(anonymous_108)
FN:1970,(anonymous_109)
FN:1972,(anonymous_110)
FN:1978,(anonymous_111)
FN:1987,(anonymous_112)
FN:1990,(anonymous_113)
FN:2013,(anonymous_114)
FN:2023,(anonymous_115)
FN:2053,(anonymous_116)
FN:2063,(anonymous_117)
FN:2103,(anonymous_118)
FN:2145,(anonymous_119)
FN:2151,(anonymous_120)
FN:2152,(anonymous_121)
FN:2155,(anonymous_122)
FN:2156,(anonymous_123)
FN:2177,(anonymous_124)
FN:2183,(anonymous_125)
FN:2184,(anonymous_126)
FN:2187,(anonymous_127)
FN:2188,(anonymous_128)
FN:2217,(anonymous_129)
FN:2218,(anonymous_130)
FN:2226,(anonymous_131)
FN:2227,(anonymous_132)
FN:2230,(anonymous_133)
FN:2231,(anonymous_134)
FN:2243,(anonymous_135)
FN:2246,(anonymous_136)
FN:2252,(anonymous_137)
FN:2253,(anonymous_138)
FN:2256,(anonymous_139)
FN:2257,(anonymous_140)
FN:2264,(anonymous_141)
FN:2286,(anonymous_142)
FN:2303,(anonymous_143)
FN:2305,(anonymous_144)
FN:2333,(anonymous_145)
FN:2335,(anonymous_146)
FN:2341,(anonymous_147)
FN:2405,(anonymous_148)
FN:2413,(anonymous_149)
FN:2482,(anonymous_150)
FN:2490,(anonymous_151)
FN:2498,(anonymous_152)
FN:2503,(anonymous_153)
FN:2512,(anonymous_154)
FN:2549,(anonymous_155)
FN:2557,(anonymous_156)
FN:2561,(anonymous_157)
FN:2564,(anonymous_158)
FN:2568,(anonymous_159)
FN:2572,(anonymous_160)
FN:2603,(anonymous_161)
FN:2681,(anonymous_162)
FN:2729,(anonymous_163)
FN:2778,(anonymous_164)
FNF:163
FNH:0
FNDA:0,(anonymous_2)
FNDA:0,(anonymous_3)
FNDA:0,(anonymous_4)
FNDA:0,(anonymous_5)
FNDA:0,(anonymous_6)
FNDA:0,(anonymous_7)
FNDA:0,(anonymous_8)
FNDA:0,(anonymous_9)
FNDA:0,(anonymous_10)
FNDA:0,(anonymous_11)
FNDA:0,(anonymous_12)
FNDA:0,(anonymous_13)
FNDA:0,(anonymous_14)
FNDA:0,(anonymous_15)
FNDA:0,(anonymous_16)
FNDA:0,(anonymous_17)
FNDA:0,(anonymous_18)
FNDA:0,(anonymous_19)
FNDA:0,(anonymous_20)
FNDA:0,(anonymous_21)
FNDA:0,(anonymous_22)
FNDA:0,(anonymous_23)
FNDA:0,(anonymous_24)
FNDA:0,(anonymous_25)
FNDA:0,(anonymous_26)
FNDA:0,(anonymous_27)
FNDA:0,(anonymous_28)
FNDA:0,(anonymous_29)
FNDA:0,(anonymous_30)
FNDA:0,(anonymous_31)
FNDA:0,(anonymous_32)
FNDA:0,(anonymous_33)
FNDA:0,(anonymous_34)
FNDA:0,(anonymous_35)
FNDA:0,(anonymous_36)
FNDA:0,(anonymous_37)
FNDA:0,(anonymous_38)
FNDA:0,(anonymous_39)
FNDA:0,(anonymous_40)
FNDA:0,(anonymous_41)
FNDA:0,(anonymous_42)
FNDA:0,(anonymous_43)
FNDA:0,(anonymous_44)
FNDA:0,(anonymous_45)
FNDA:0,(anonymous_46)
FNDA:0,(anonymous_47)
FNDA:0,(anonymous_48)
FNDA:0,(anonymous_49)
FNDA:0,(anonymous_50)
FNDA:0,(anonymous_51)
FNDA:0,(anonymous_52)
FNDA:0,(anonymous_53)
FNDA:0,(anonymous_54)
FNDA:0,(anonymous_55)
FNDA:0,(anonymous_56)
FNDA:0,(anonymous_57)
FNDA:0,(anonymous_58)
FNDA:0,(anonymous_59)
FNDA:0,(anonymous_60)
FNDA:0,(anonymous_61)
FNDA:0,(anonymous_62)
FNDA:0,(anonymous_63)
FNDA:0,(anonymous_64)
FNDA:0,(anonymous_65)
FNDA:0,(anonymous_66)
FNDA:0,(anonymous_67)
FNDA:0,(anonymous_68)
FNDA:0,(anonymous_69)
FNDA:0,(anonymous_70)
FNDA:0,(anonymous_71)
FNDA:0,(anonymous_72)
FNDA:0,(anonymous_73)
FNDA:0,(anonymous_74)
FNDA:0,(anonymous_75)
FNDA:0,(anonymous_76)
FNDA:0,(anonymous_77)
FNDA:0,(anonymous_78)
FNDA:0,(anonymous_79)
FNDA:0,(anonymous_80)
FNDA:0,(anonymous_81)
FNDA:0,(anonymous_82)
FNDA:0,(anonymous_83)
FNDA:0,(anonymous_84)
FNDA:0,(anonymous_85)
FNDA:0,(anonymous_86)
FNDA:0,(anonymous_87)
FNDA:0,(anonymous_88)
FNDA:0,(anonymous_89)
FNDA:0,(anonymous_90)
FNDA:0,(anonymous_91)
FNDA:0,(anonymous_92)
FNDA:0,(anonymous_93)
FNDA:0,(anonymous_94)
FNDA:0,(anonymous_95)
FNDA:0,(anonymous_96)
FNDA:0,(anonymous_97)
FNDA:0,(anonymous_98)
FNDA:0,(anonymous_99)
FNDA:0,(anonymous_100)
FNDA:0,(anonymous_101)
FNDA:0,(anonymous_102)
FNDA:0,(anonymous_103)
FNDA:0,(anonymous_104)
FNDA:0,(anonymous_105)
FNDA:0,(anonymous_106)
FNDA:0,(anonymous_107)
FNDA:0,(anonymous_108)
FNDA:0,(anonymous_109)
FNDA:0,(anonymous_110)
FNDA:0,(anonymous_111)
FNDA:0,(anonymous_112)
FNDA:0,(anonymous_113)
FNDA:0,(anonymous_114)
FNDA:0,(anonymous_115)
FNDA:0,(anonymous_116)
FNDA:0,(anonymous_117)
FNDA:0,(anonymous_118)
FNDA:0,(anonymous_119)
FNDA:0,(anonymous_120)
FNDA:0,(anonymous_121)
FNDA:0,(anonymous_122)
FNDA:0,(anonymous_123)
FNDA:0,(anonymous_124)
FNDA:0,(anonymous_125)
FNDA:0,(anonymous_126)
FNDA:0,(anonymous_127)
FNDA:0,(anonymous_128)
FNDA:0,(anonymous_129)
FNDA:0,(anonymous_130)
FNDA:0,(anonymous_131)
FNDA:0,(anonymous_132)
FNDA:0,(anonymous_133)
FNDA:0,(anonymous_134)
FNDA:0,(anonymous_135)
FNDA:0,(anonymous_136)
FNDA:0,(anonymous_137)
FNDA:0,(anonymous_138)
FNDA:0,(anonymous_139)
FNDA:0,(anonymous_140)
FNDA:0,(anonymous_141)
FNDA:0,(anonymous_142)
FNDA:0,(anonymous_143)
FNDA:0,(anonymous_144)
FNDA:0,(anonymous_145)
FNDA:0,(anonymous_146)
FNDA:0,(anonymous_147)
FNDA:0,(anonymous_148)
FNDA:0,(anonymous_149)
FNDA:0,(anonymous_150)
FNDA:0,(anonymous_151)
FNDA:0,(anonymous_152)
FNDA:0,(anonymous_153)
FNDA:0,(anonymous_154)
FNDA:0,(anonymous_155)
FNDA:0,(anonymous_156)
FNDA:0,(anonymous_157)
FNDA:0,(anonymous_158)
FNDA:0,(anonymous_159)
FNDA:0,(anonymous_160)
FNDA:0,(anonymous_161)
FNDA:0,(anonymous_162)
FNDA:0,(anonymous_163)
FNDA:0,(anonymous_164)
DA:1,1
DA:6,1
DA:7,1
DA:13,1
DA:30,1
DA:31,1
DA:32,1
DA:123,1
DA:125,0
DA:126,0
DA:127,0
DA:128,0
DA:136,0
DA:137,0
DA:138,0
DA:141,0
DA:143,0
DA:144,0
DA:147,0
DA:148,0
DA:149,0
DA:153,0
DA:157,0
DA:165,0
DA:178,0
DA:184,0
DA:185,0
DA:187,0
DA:188,0
DA:190,0
DA:191,0
DA:200,0
DA:201,0
DA:202,0
DA:204,0
DA:212,0
DA:216,0
DA:217,0
DA:220,0
DA:224,0
DA:225,0
DA:226,0
DA:227,0
DA:228,0
DA:232,0
DA:233,0
DA:234,0
DA:237,0
DA:239,0
DA:240,0
DA:243,0
DA:244,0
DA:247,0
DA:253,0
DA:257,0
DA:258,0
DA:259,0
DA:261,0
DA:268,0
DA:269,0
DA:277,0
DA:286,0
DA:287,0
DA:290,0
DA:291,0
DA:292,0
DA:293,0
DA:294,0
DA:296,0
DA:306,0
DA:307,0
DA:310,0
DA:316,0
DA:317,0
DA:321,0
DA:326,0
DA:338,0
DA:344,0
DA:351,0
DA:356,0
DA:373,0
DA:374,0
DA:375,0
DA:376,0
DA:377,0
DA:383,0
DA:384,0
DA:385,0
DA:388,0
DA:389,0
DA:393,0
DA:394,0
DA:395,0
DA:399,0
DA:400,0
DA:403,0
DA:413,0
DA:414,0
DA:418,0
DA:419,0
DA:437,0
DA:438,0
DA:439,0
DA:440,0
DA:441,0
DA:445,0
DA:446,0
DA:447,0
DA:450,0
DA:451,0
DA:453,0
DA:454,0
DA:457,0
DA:458,0
DA:460,0
DA:461,0
DA:464,0
DA:466,0
DA:469,0
DA:470,0
DA:475,0
DA:478,0
DA:479,0
DA:480,0
DA:492,0
DA:505,0
DA:507,0
DA:508,0
DA:515,0
DA:519,0
DA:520,0
DA:524,0
DA:529,0
DA:530,0
DA:532,0
DA:533,0
DA:534,0
DA:535,0
DA:537,0
DA:542,0
DA:543,0
DA:545,0
DA:546,0
DA:547,0
DA:548,0
DA:550,0
DA:555,0
DA:557,0
DA:558,0
DA:562,0
DA:566,0
DA:567,0
DA:571,0
DA:576,0
DA:602,0
DA:603,0
DA:607,0
DA:631,0
DA:632,0
DA:633,0
DA:635,0
DA:636,0
DA:637,0
DA:640,0
DA:651,0
DA:652,0
DA:657,0
DA:671,0
DA:673,0
DA:675,0
DA:676,0
DA:677,0
DA:684,0
DA:692,0
DA:693,0
DA:694,0
DA:704,0
DA:724,0
DA:725,0
DA:726,0
DA:727,0
DA:729,0
DA:730,0
DA:732,0
DA:733,0
DA:734,0
DA:735,0
DA:737,0
DA:738,0
DA:739,0
DA:740,0
DA:742,0
DA:743,0
DA:744,0
DA:748,0
DA:750,0
DA:752,0
DA:754,0
DA:773,0
DA:776,0
DA:777,0
DA:780,0
DA:781,0
DA:782,0
DA:783,0
DA:784,0
DA:787,0
DA:789,0
DA:802,0
DA:805,0
DA:806,0
DA:809,0
DA:810,0
DA:811,0
DA:812,0
DA:813,0
DA:814,0
DA:817,0
DA:819,0
DA:820,0
DA:821,0
DA:837,0
DA:840,0
DA:841,0
DA:844,0
DA:845,0
DA:846,0
DA:847,0
DA:848,0
DA:851,0
DA:866,0
DA:867,0
DA:869,0
DA:872,0
DA:873,0
DA:877,0
DA:878,0
DA:882,0
DA:883,0
DA:888,0
DA:889,0
DA:891,0
DA:892,0
DA:893,0
DA:894,0
DA:896,0
DA:900,0
DA:901,0
DA:903,0
DA:907,0
DA:909,0
DA:944,0
DA:947,0
DA:948,0
DA:959,0
DA:960,0
DA:962,0
DA:963,0
DA:974,0
DA:975,0
DA:977,0
DA:978,0
DA:989,0
DA:990,0
DA:1001,0
DA:1002,0
DA:1011,0
DA:1020,0
DA:1021,0
DA:1022,0
DA:1027,0
DA:1028,0
DA:1029,0
DA:1030,0
DA:1033,0
DA:1047,0
DA:1060,0
DA:1061,0
DA:1062,0
DA:1063,0
DA:1064,0
DA:1068,0
DA:1069,0
DA:1073,0
DA:1075,0
DA:1077,0
DA:1080,0
DA:1085,0
DA:1106,0
DA:1107,0
DA:1108,0
DA:1112,0
DA:1113,0
DA:1114,0
DA:1115,0
DA:1117,0
DA:1127,0
DA:1129,0
DA:1131,0
DA:1132,0
DA:1134,0
DA:1135,0
DA:1137,0
DA:1138,0
DA:1141,0
DA:1142,0
DA:1145,0
DA:1146,0
DA:1148,0
DA:1150,0
DA:1153,0
DA:1154,0
DA:1155,0
DA:1156,0
DA:1157,0
DA:1159,0
DA:1160,0
DA:1161,0
DA:1163,0
DA:1164,0
DA:1165,0
DA:1168,0
DA:1173,0
DA:1175,0
DA:1180,0
DA:1182,0
DA:1183,0
DA:1184,0
DA:1191,0
DA:1194,0
DA:1213,0
DA:1214,0
DA:1215,0
DA:1217,0
DA:1218,0
DA:1221,0
DA:1226,0
DA:1238,0
DA:1239,0
DA:1241,0
DA:1242,0
DA:1243,0
DA:1254,0
DA:1258,0
DA:1261,0
DA:1279,0
DA:1282,0
DA:1285,0
DA:1287,0
DA:1297,0
DA:1299,0
DA:1311,0
DA:1315,0
DA:1316,0
DA:1318,0
DA:1319,0
DA:1324,0
DA:1326,0
DA:1332,0
DA:1334,0
DA:1339,0
DA:1341,0
DA:1342,0
DA:1346,0
DA:1347,0
DA:1353,0
DA:1355,0
DA:1360,0
DA:1362,0
DA:1363,0
DA:1367,0
DA:1368,0
DA:1373,0
DA:1375,0
DA:1380,0
DA:1384,0
DA:1385,0
DA:1390,0
DA:1392,0
DA:1393,0
DA:1397,0
DA:1405,0
DA:1408,0
DA:1409,0
DA:1410,0
DA:1411,0
DA:1412,0
DA:1413,0
DA:1415,0
DA:1416,0
DA:1419,0
DA:1425,0
DA:1426,0
DA:1429,0
DA:1433,0
DA:1436,0
DA:1440,0
DA:1444,0
DA:1449,0
DA:1463,0
DA:1465,0
DA:1466,0
DA:1467,0
DA:1468,0
DA:1480,0
DA:1481,0
DA:1482,0
DA:1483,0
DA:1495,0
DA:1496,0
DA:1499,0
DA:1500,0
DA:1509,0
DA:1510,0
DA:1511,0
DA:1520,0
DA:1527,0
DA:1528,0
DA:1529,0
DA:1533,0
DA:1535,0
DA:1537,0
DA:1544,0
DA:1550,0
DA:1557,0
DA:1558,0
DA:1559,0
DA:1561,0
DA:1562,0
DA:1563,0
DA:1564,0
DA:1565,0
DA:1566,0
DA:1568,0
DA:1572,0
DA:1591,0
DA:1592,0
DA:1596,0
DA:1597,0
DA:1606,0
DA:1607,0
DA:1608,0
DA:1611,0
DA:1672,0
DA:1673,0
DA:1674,0
DA:1676,0
DA:1677,0
DA:1678,0
DA:1686,0
DA:1687,0
DA:1690,0
DA:1692,0
DA:1693,0
DA:1695,0
DA:1696,0
DA:1697,0
DA:1699,0
DA:1701,0
DA:1702,0
DA:1704,0
DA:1705,0
DA:1707,0
DA:1708,0
DA:1710,0
DA:1714,0
DA:1715,0
DA:1716,0
DA:1717,0
DA:1720,0
DA:1725,0
DA:1727,0
DA:1728,0
DA:1729,0
DA:1731,0
DA:1736,0
DA:1742,0
DA:1744,0
DA:1745,0
DA:1752,0
DA:1754,0
DA:1755,0
DA:1757,0
DA:1758,0
DA:1765,0
DA:1768,0
DA:1770,0
DA:1771,0
DA:1773,0
DA:1774,0
DA:1775,0
DA:1776,0
DA:1777,0
DA:1778,0
DA:1780,0
DA:1783,0
DA:1784,0
DA:1785,0
DA:1788,0
DA:1791,0
DA:1795,0
DA:1799,0
DA:1813,0
DA:1814,0
DA:1815,0
DA:1817,0
DA:1818,0
DA:1819,0
DA:1828,0
DA:1830,0
DA:1838,0
DA:1839,0
DA:1840,0
DA:1845,0
DA:1848,0
DA:1849,0
DA:1853,0
DA:1854,0
DA:1858,0
DA:1861,0
DA:1864,0
DA:1871,0
DA:1882,0
DA:1883,0
DA:1886,0
DA:1887,0
DA:1888,0
DA:1892,0
DA:1893,0
DA:1897,0
DA:1898,0
DA:1899,0
DA:1900,0
DA:1902,0
DA:1908,0
DA:1910,0
DA:1911,0
DA:1912,0
DA:1913,0
DA:1914,0
DA:1916,0
DA:1918,0
DA:1919,0
DA:1921,0
DA:1923,0
DA:1928,0
DA:1929,0
DA:1930,0
DA:1931,0
DA:1932,0
DA:1933,0
DA:1935,0
DA:1936,0
DA:1939,0
DA:1941,0
DA:1942,0
DA:1944,0
DA:1946,0
DA:1951,0
DA:1954,0
DA:1955,0
DA:1956,0
DA:1957,0
DA:1958,0
DA:1960,0
DA:1961,0
DA:1962,0
DA:1964,0
DA:1965,0
DA:1966,0
DA:1970,0
DA:1971,0
DA:1973,0
DA:1976,0
DA:1978,0
DA:1980,0
DA:1987,0
DA:2004,0
DA:2005,0
DA:2006,0
DA:2008,0
DA:2009,0
DA:2010,0
DA:2011,0
DA:2013,0
DA:2014,0
DA:2015,0
DA:2022,0
DA:2023,0
DA:2026,0
DA:2027,0
DA:2032,0
DA:2033,0
DA:2035,0
DA:2036,0
DA:2037,0
DA:2038,0
DA:2039,0
DA:2040,0
DA:2042,0
DA:2045,0
DA:2046,0
DA:2047,0
DA:2050,0
DA:2051,0
DA:2053,0
DA:2054,0
DA:2055,0
DA:2062,0
DA:2063,0
DA:2067,0
DA:2068,0
DA:2070,0
DA:2071,0
DA:2072,0
DA:2073,0
DA:2074,0
DA:2075,0
DA:2077,0
DA:2080,0
DA:2084,0
DA:2085,0
DA:2086,0
DA:2088,0
DA:2090,0
DA:2114,0
DA:2115,0
DA:2118,0
DA:2119,0
DA:2120,0
DA:2125,0
DA:2126,0
DA:2127,0
DA:2128,0
DA:2130,0
DA:2139,0
DA:2141,0
DA:2142,0
DA:2143,0
DA:2145,0
DA:2146,0
DA:2147,0
DA:2150,0
DA:2151,0
DA:2152,0
DA:2154,0
DA:2155,0
DA:2156,0
DA:2158,0
DA:2166,0
DA:2167,0
DA:2168,0
DA:2169,0
DA:2170,0
DA:2171,0
DA:2173,0
DA:2174,0
DA:2177,0
DA:2178,0
DA:2179,0
DA:2182,0
DA:2183,0
DA:2184,0
DA:2186,0
DA:2187,0
DA:2188,0
DA:2190,0
DA:2198,0
DA:2201,0
DA:2202,0
DA:2203,0
DA:2204,0
DA:2205,0
DA:2207,0
DA:2208,0
DA:2209,0
DA:2211,0
DA:2212,0
DA:2213,0
DA:2217,0
DA:2218,0
DA:2219,0
DA:2222,0
DA:2225,0
DA:2226,0
DA:2227,0
DA:2229,0
DA:2230,0
DA:2231,0
DA:2233,0
DA:2243,0
DA:2251,0
DA:2252,0
DA:2253,0
DA:2255,0
DA:2256,0
DA:2257,0
DA:2259,0
DA:2261,0
DA:2263,0
DA:2264,0
DA:2265,0
DA:2267,0
DA:2268,0
DA:2269,0
DA:2270,0
DA:2279,0
DA:2280,0
DA:2281,0
DA:2285,0
DA:2286,0
DA:2292,0
DA:2297,0
DA:2303,0
DA:2304,0
DA:2305,0
DA:2308,0
DA:2314,0
DA:2315,0
DA:2320,0
DA:2333,0
DA:2335,0
DA:2345,0
DA:2346,0
DA:2347,0
DA:2348,0
DA:2351,0
DA:2352,0
DA:2353,0
DA:2360,0
DA:2361,0
DA:2362,0
DA:2364,0
DA:2365,0
DA:2368,0
DA:2369,0
DA:2370,0
DA:2373,0
DA:2374,0
DA:2378,0
DA:2379,0
DA:2383,0
DA:2395,0
DA:2404,0
DA:2406,0
DA:2407,0
DA:2412,0
DA:2414,0
DA:2415,0
DA:2421,0
DA:2422,0
DA:2423,0
DA:2424,0
DA:2426,0
DA:2427,0
DA:2429,0
DA:2430,0
DA:2432,0
DA:2433,0
DA:2439,0
DA:2442,0
DA:2446,0
DA:2453,0
DA:2454,0
DA:2456,0
DA:2457,0
DA:2460,0
DA:2462,0
DA:2465,0
DA:2467,0
DA:2470,0
DA:2472,0
DA:2477,0
DA:2479,0
DA:2482,0
DA:2483,0
DA:2484,0
DA:2490,0
DA:2491,0
DA:2492,0
DA:2497,0
DA:2498,0
DA:2499,0
DA:2500,0
DA:2503,0
DA:2504,0
DA:2505,0
DA:2509,0
DA:2512,0
DA:2513,0
DA:2514,0
DA:2515,0
DA:2517,0
DA:2518,0
DA:2519,0
DA:2520,0
DA:2522,0
DA:2535,0
DA:2536,0
DA:2548,0
DA:2549,0
DA:2557,0
DA:2560,0
DA:2561,0
DA:2563,0
DA:2564,0
DA:2567,0
DA:2568,0
DA:2571,0
DA:2572,0
DA:2577,0
DA:2578,0
DA:2581,0
DA:2601,0
DA:2603,0
DA:2613,0
DA:2616,0
DA:2624,0
DA:2650,0
DA:2654,0
DA:2657,0
DA:2682,0
DA:2683,0
DA:2686,0
DA:2687,0
DA:2688,0
DA:2695,0
DA:2697,0
DA:2700,0
DA:2701,0
DA:2703,0
DA:2706,0
DA:2707,0
DA:2709,0
DA:2714,0
DA:2715,0
DA:2717,0
DA:2720,0
DA:2736,0
DA:2737,0
DA:2740,0
DA:2751,0
DA:2752,0
DA:2756,0
DA:2757,0
DA:2758,0
DA:2762,0
DA:2765,0
DA:2770,0
DA:2779,0
DA:2792,0
DA:2793,0
DA:2794,0
DA:2797,0
LF:854
LH:8
BRDA:137,0,0,0
BRDA:148,1,0,0
BRDA:201,2,0,0
BRDA:216,3,0,0
BRDA:220,4,0,0
BRDA:220,4,1,0
BRDA:221,5,0,0
BRDA:221,5,1,0
BRDA:225,6,0,0
BRDA:225,6,1,0
BRDA:227,7,0,0
BRDA:233,8,0,0
BRDA:239,9,0,0
BRDA:258,10,0,0
BRDA:266,11,0,0
BRDA:283,12,0,0
BRDA:291,13,0,0
BRDA:291,13,1,0
BRDA:292,14,0,0
BRDA:292,14,1,0
BRDA:293,15,0,0
BRDA:293,15,1,0
BRDA:307,16,0,0
BRDA:307,16,1,0
BRDA:332,17,0,0
BRDA:332,17,1,0
BRDA:333,18,0,0
BRDA:333,18,1,0
BRDA:371,19,0,0
BRDA:383,20,0,0
BRDA:383,20,1,0
BRDA:383,21,0,0
BRDA:383,21,1,0
BRDA:388,22,0,0
BRDA:394,23,0,0
BRDA:414,24,0,0
BRDA:414,24,1,0
BRDA:414,24,2,0
BRDA:418,25,0,0
BRDA:441,26,0,0
BRDA:441,26,1,0
BRDA:441,26,2,0
BRDA:447,27,0,0
BRDA:447,27,1,0
BRDA:454,28,0,0
BRDA:454,28,1,0
BRDA:461,29,0,0
BRDA:461,29,1,0
BRDA:466,30,0,0
BRDA:466,30,1,0
BRDA:466,30,2,0
BRDA:470,31,0,0
BRDA:470,31,1,0
BRDA:475,32,0,0
BRDA:475,32,1,0
BRDA:482,33,0,0
BRDA:482,33,1,0
BRDA:483,34,0,0
BRDA:483,34,1,0
BRDA:485,35,0,0
BRDA:485,35,1,0
BRDA:486,36,0,0
BRDA:486,36,1,0
BRDA:487,37,0,0
BRDA:487,37,1,0
BRDA:489,38,0,0
BRDA:489,38,1,0
BRDA:493,39,0,0
BRDA:493,39,1,0
BRDA:509,40,0,0
BRDA:509,40,1,0
BRDA:509,40,2,0
BRDA:509,40,3,0
BRDA:533,41,0,0
BRDA:533,41,1,0
BRDA:534,42,0,0
BRDA:534,42,1,0
BRDA:546,43,0,0
BRDA:546,43,1,0
BRDA:547,44,0,0
BRDA:547,44,1,0
BRDA:559,45,0,0
BRDA:559,45,1,0
BRDA:559,45,2,0
BRDA:602,46,0,0
BRDA:629,47,0,0
BRDA:635,48,0,0
BRDA:635,48,1,0
BRDA:636,49,0,0
BRDA:636,49,1,0
BRDA:652,50,0,0
BRDA:652,50,1,0
BRDA:662,51,0,0
BRDA:662,51,1,0
BRDA:737,52,0,0
BRDA:737,52,1,0
BRDA:750,53,0,0
BRDA:750,53,1,0
BRDA:752,54,0,0
BRDA:752,54,1,0
BRDA:759,55,0,0
BRDA:759,55,1,0
BRDA:765,56,0,0
BRDA:765,56,1,0
BRDA:794,57,0,0
BRDA:794,57,1,0
BRDA:795,58,0,0
BRDA:795,58,1,0
BRDA:828,59,0,0
BRDA:828,59,1,0
BRDA:829,60,0,0
BRDA:829,60,1,0
BRDA:855,61,0,0
BRDA:855,61,1,0
BRDA:869,62,0,0
BRDA:869,62,1,0
BRDA:873,63,0,0
BRDA:873,63,1,0
BRDA:878,64,0,0
BRDA:878,64,1,0
BRDA:883,65,0,0
BRDA:883,65,1,0
BRDA:891,66,0,0
BRDA:891,66,1,0
BRDA:893,67,0,0
BRDA:893,67,1,0
BRDA:903,68,0,0
BRDA:903,68,1,0
BRDA:907,69,0,0
BRDA:907,69,1,0
BRDA:947,70,0,0
BRDA:962,71,0,0
BRDA:962,72,0,0
BRDA:962,72,1,0
BRDA:975,73,0,0
BRDA:975,73,1,0
BRDA:977,74,0,0
BRDA:989,75,0,0
BRDA:1001,76,0,0
BRDA:1052,77,0,0
BRDA:1052,77,1,0
BRDA:1069,78,0,0
BRDA:1069,78,1,0
BRDA:1075,79,0,0
BRDA:1077,80,0,0
BRDA:1077,80,1,0
BRDA:1112,81,0,0
BRDA:1112,81,1,0
BRDA:1114,82,0,0
BRDA:1114,82,1,0
BRDA:1129,83,0,0
BRDA:1129,83,1,0
BRDA:1145,84,0,0
BRDA:1145,84,1,0
BRDA:1148,85,0,0
BRDA:1148,85,1,0
BRDA:1154,86,0,0
BRDA:1154,86,1,0
BRDA:1165,87,0,0
BRDA:1165,87,1,0
BRDA:1184,88,0,0
BRDA:1184,88,1,0
BRDA:1215,89,0,0
BRDA:1218,90,0,0
BRDA:1221,91,0,0
BRDA:1221,91,1,0
BRDA:1221,91,2,0
BRDA:1221,91,3,0
BRDA:1254,92,0,0
BRDA:1254,92,1,0
BRDA:1282,93,0,0
BRDA:1282,93,1,0
BRDA:1293,94,0,0
BRDA:1293,94,1,0
BRDA:1315,95,0,0
BRDA:1315,95,1,0
BRDA:1318,96,0,0
BRDA:1318,97,0,0
BRDA:1318,97,1,0
BRDA:1319,98,0,0
BRDA:1320,99,0,0
BRDA:1320,99,1,0
BRDA:1320,99,2,0
BRDA:1326,100,0,0
BRDA:1327,101,0,0
BRDA:1327,101,1,0
BRDA:1327,101,2,0
BRDA:1327,101,3,0
BRDA:1334,102,0,0
BRDA:1335,103,0,0
BRDA:1335,103,1,0
BRDA:1335,103,2,0
BRDA:1341,104,0,0
BRDA:1341,105,0,0
BRDA:1341,105,1,0
BRDA:1346,106,0,0
BRDA:1346,107,0,0
BRDA:1346,107,1,0
BRDA:1347,108,0,0
BRDA:1348,109,0,0
BRDA:1348,109,1,0
BRDA:1348,109,2,0
BRDA:1348,109,3,0
BRDA:1355,110,0,0
BRDA:1356,111,0,0
BRDA:1356,111,1,0
BRDA:1356,111,2,0
BRDA:1362,112,0,0
BRDA:1367,113,0,0
BRDA:1367,114,0,0
BRDA:1367,114,1,0
BRDA:1368,115,0,0
BRDA:1369,116,0,0
BRDA:1369,116,1,0
BRDA:1369,116,2,0
BRDA:1375,117,0,0
BRDA:1376,118,0,0
BRDA:1376,118,1,0
BRDA:1376,118,2,0
BRDA:1384,119,0,0
BRDA:1385,120,0,0
BRDA:1386,121,0,0
BRDA:1386,121,1,0
BRDA:1386,121,2,0
BRDA:1392,122,0,0
BRDA:1392,123,0,0
BRDA:1392,123,1,0
BRDA:1408,124,0,0
BRDA:1408,124,1,0
BRDA:1411,125,0,0
BRDA:1411,125,1,0
BRDA:1436,126,0,0
BRDA:1436,126,1,0
BRDA:1465,127,0,0
BRDA:1467,128,0,0
BRDA:1480,129,0,0
BRDA:1480,130,0,0
BRDA:1480,130,1,0
BRDA:1482,131,0,0
BRDA:1484,132,0,0
BRDA:1484,132,1,0
BRDA:1485,133,0,0
BRDA:1485,133,1,0
BRDA:1485,134,0,0
BRDA:1485,134,1,0
BRDA:1486,135,0,0
BRDA:1486,135,1,0
BRDA:1488,136,0,0
BRDA:1488,136,1,0
BRDA:1499,137,0,0
BRDA:1499,138,0,0
BRDA:1499,138,1,0
BRDA:1510,139,0,0
BRDA:1510,140,0,0
BRDA:1510,140,1,0
BRDA:1533,141,0,0
BRDA:1533,141,1,0
BRDA:1537,142,0,0
BRDA:1537,142,1,0
BRDA:1541,143,0,0
BRDA:1541,143,1,0
BRDA:1544,144,0,0
BRDA:1544,144,1,0
BRDA:1561,145,0,0
BRDA:1561,145,1,0
BRDA:1561,146,0,0
BRDA:1561,146,1,0
BRDA:1563,147,0,0
BRDA:1563,147,1,0
BRDA:1563,148,0,0
BRDA:1563,148,1,0
BRDA:1565,149,0,0
BRDA:1565,149,1,0
BRDA:1565,150,0,0
BRDA:1565,150,1,0
BRDA:1579,151,0,0
BRDA:1579,151,1,0
BRDA:1591,152,0,0
BRDA:1596,153,0,0
BRDA:1606,154,0,0
BRDA:1621,155,0,0
BRDA:1621,155,1,0
BRDA:1624,156,0,0
BRDA:1624,156,1,0
BRDA:1627,157,0,0
BRDA:1627,157,1,0
BRDA:1628,158,0,0
BRDA:1628,158,1,0
BRDA:1629,159,0,0
BRDA:1629,159,1,0
BRDA:1632,160,0,0
BRDA:1632,160,1,0
BRDA:1638,161,0,0
BRDA:1638,161,1,0
BRDA:1647,162,0,0
BRDA:1647,162,1,0
BRDA:1679,163,0,0
BRDA:1679,163,1,0
BRDA:1679,163,2,0
BRDA:1679,163,3,0
BRDA:1679,163,4,0
BRDA:1695,164,0,0
BRDA:1695,165,0,0
BRDA:1695,165,1,0
BRDA:1699,166,0,0
BRDA:1699,166,1,0
BRDA:1699,166,2,0
BRDA:1699,166,3,0
BRDA:1715,167,0,0
BRDA:1715,167,1,0
BRDA:1746,168,0,0
BRDA:1746,168,1,0
BRDA:1746,168,2,0
BRDA:1746,168,3,0
BRDA:1746,168,4,0
BRDA:1770,169,0,0
BRDA:1770,169,1,0
BRDA:1773,170,0,0
BRDA:1773,170,1,0
BRDA:1775,171,0,0
BRDA:1775,171,1,0
BRDA:1777,172,0,0
BRDA:1777,172,1,0
BRDA:1783,173,0,0
BRDA:1791,174,0,0
BRDA:1791,174,1,0
BRDA:1795,175,0,0
BRDA:1795,175,1,0
BRDA:1820,176,0,0
BRDA:1820,176,1,0
BRDA:1820,176,2,0
BRDA:1820,176,3,0
BRDA:1820,176,4,0
BRDA:1839,177,0,0
BRDA:1882,178,0,0
BRDA:1882,179,0,0
BRDA:1882,179,1,0
BRDA:1893,180,0,0
BRDA:1893,180,1,0
BRDA:1893,180,2,0
BRDA:1897,181,0,0
BRDA:1897,181,1,0
BRDA:1899,182,0,0
BRDA:1899,182,1,0
BRDA:1910,183,0,0
BRDA:1910,183,1,0
BRDA:1919,184,0,0
BRDA:1919,184,1,0
BRDA:1928,185,0,0
BRDA:1928,185,1,0
BRDA:1935,186,0,0
BRDA:1942,187,0,0
BRDA:1942,187,1,0
BRDA:1961,188,0,0
BRDA:1961,188,1,0
BRDA:1962,189,0,0
BRDA:1962,189,1,0
BRDA:2016,190,0,0
BRDA:2016,190,1,0
BRDA:2016,190,2,0
BRDA:2026,191,0,0
BRDA:2026,191,1,0
BRDA:2032,192,0,0
BRDA:2032,192,1,0
BRDA:2035,193,0,0
BRDA:2035,193,1,0
BRDA:2037,194,0,0
BRDA:2037,194,1,0
BRDA:2039,195,0,0
BRDA:2039,195,1,0
BRDA:2045,196,0,0
BRDA:2045,197,0,0
BRDA:2045,197,1,0
BRDA:2056,198,0,0
BRDA:2056,198,1,0
BRDA:2056,198,2,0
BRDA:2067,199,0,0
BRDA:2067,199,1,0
BRDA:2070,200,0,0
BRDA:2070,200,1,0
BRDA:2072,201,0,0
BRDA:2072,201,1,0
BRDA:2074,202,0,0
BRDA:2074,202,1,0
BRDA:2085,203,0,0
BRDA:2085,203,1,0
BRDA:2088,204,0,0
BRDA:2088,204,1,0
BRDA:2114,205,0,0
BRDA:2114,206,0,0
BRDA:2114,206,1,0
BRDA:2125,207,0,0
BRDA:2125,207,1,0
BRDA:2127,208,0,0
BRDA:2127,208,1,0
BRDA:2141,209,0,0
BRDA:2141,209,1,0
BRDA:2166,210,0,0
BRDA:2166,210,1,0
BRDA:2173,211,0,0
BRDA:2179,212,0,0
BRDA:2179,212,1,0
BRDA:2208,213,0,0
BRDA:2208,213,1,0
BRDA:2209,214,0,0
BRDA:2209,214,1,0
BRDA:2248,215,0,0
BRDA:2261,216,0,0
BRDA:2261,216,1,0
BRDA:2265,217,0,0
BRDA:2265,217,1,0
BRDA:2267,218,0,0
BRDA:2269,219,0,0
BRDA:2288,220,0,0
BRDA:2288,220,1,0
BRDA:2310,221,0,0
BRDA:2310,221,1,0
BRDA:2343,222,0,0
BRDA:2352,223,0,0
BRDA:2360,224,0,0
BRDA:2360,224,1,0
BRDA:2360,225,0,0
BRDA:2360,225,1,0
BRDA:2364,226,0,0
BRDA:2369,227,0,0
BRDA:2407,228,0,0
BRDA:2407,228,1,0
BRDA:2415,229,0,0
BRDA:2415,229,1,0
BRDA:2422,230,0,0
BRDA:2422,231,0,0
BRDA:2422,231,1,0
BRDA:2424,232,0,0
BRDA:2424,232,1,0
BRDA:2424,232,2,0
BRDA:2446,233,0,0
BRDA:2446,233,1,0
BRDA:2456,234,0,0
BRDA:2456,235,0,0
BRDA:2456,235,1,0
BRDA:2460,236,0,0
BRDA:2460,236,1,0
BRDA:2460,236,2,0
BRDA:2460,236,3,0
BRDA:2485,237,0,0
BRDA:2485,237,1,0
BRDA:2492,238,0,0
BRDA:2492,238,1,0
BRDA:2505,239,0,0
BRDA:2505,239,1,0
BRDA:2513,240,0,0
BRDA:2513,240,1,0
BRDA:2514,241,0,0
BRDA:2514,241,1,0
BRDA:2515,242,0,0
BRDA:2515,242,1,0
BRDA:2517,243,0,0
BRDA:2517,243,1,0
BRDA:2535,244,0,0
BRDA:2552,245,0,0
BRDA:2552,245,1,0
BRDA:2561,246,0,0
BRDA:2561,246,1,0
BRDA:2564,247,0,0
BRDA:2564,247,1,0
BRDA:2577,248,0,0
BRDA:2585,249,0,0
BRDA:2585,249,1,0
BRDA:2593,250,0,0
BRDA:2593,250,1,0
BRDA:2605,251,0,0
BRDA:2605,251,1,0
BRDA:2606,252,0,0
BRDA:2606,252,1,0
BRDA:2607,253,0,0
BRDA:2607,253,1,0
BRDA:2609,254,0,0
BRDA:2609,254,1,0
BRDA:2638,255,0,0
BRDA:2638,255,1,0
BRDA:2638,256,0,0
BRDA:2638,256,1,0
BRDA:2640,257,0,0
BRDA:2640,257,1,0
BRDA:2642,258,0,0
BRDA:2642,258,1,0
BRDA:2650,259,0,0
BRDA:2651,260,0,0
BRDA:2651,260,1,0
BRDA:2682,261,0,0
BRDA:2682,262,0,0
BRDA:2682,262,1,0
BRDA:2695,263,0,0
BRDA:2695,263,1,0
BRDA:2695,263,2,0
BRDA:2695,263,3,0
BRDA:2734,264,0,0
BRDA:2745,265,0,0
BRDA:2745,265,1,0
BRDA:2746,266,0,0
BRDA:2746,266,1,0
BRDA:2751,267,0,0
BRDA:2757,268,0,0
BRDA:2757,268,1,0
BRDA:2758,269,0,0
BRDA:2762,270,0,0
BRDA:2762,270,1,0
BRDA:2767,271,0,0
BRDA:2767,271,1,0
BRF:509
BRH:0
end_of_record
TN:
SF:src/transactions/dto/create-transaction.dto.ts
FN:22,(anonymous_2)
FNF:1
FNH:0
FNDA:0,(anonymous_2)
DA:1,1
DA:11,1
DA:12,1
DA:14,1
DA:17,1
DA:22,0
DA:23,1
DA:27,1
DA:30,1
DA:34,1
DA:37,1
DA:41,1
DA:45,1
DA:49,1
DA:53,1
DA:57,1
LF:16
LH:15
BRF:0
BRH:0
end_of_record
TN:
SF:src/transactions/dto/day-time-patterns.dto.ts
FN:165,formatHour
FN:173,isWeekend
FN:178,getTimePeriod
FNF:3
FNH:0
FNDA:0,formatHour
FNDA:0,isWeekend
FNDA:0,getTimePeriod
DA:142,1
DA:154,1
DA:165,1
DA:166,0
DA:167,0
DA:168,0
DA:169,0
DA:173,1
DA:174,0
DA:178,1
DA:179,0
DA:180,0
DA:181,0
DA:182,0
LF:14
LH:5
BRDA:166,0,0,0
BRDA:167,1,0,0
BRDA:168,2,0,0
BRDA:174,3,0,0
BRDA:174,3,1,0
BRDA:179,4,0,0
BRDA:179,5,0,0
BRDA:179,5,1,0
BRDA:180,6,0,0
BRDA:180,7,0,0
BRDA:180,7,1,0
BRDA:181,8,0,0
BRDA:181,9,0,0
BRDA:181,9,1,0
BRF:14
BRH:0
end_of_record
TN:
SF:src/transactions/dto/disrectionary-breakdown.dto.ts
FNF:0
FNH:0
DA:1,0
LF:1
LH:0
BRF:0
BRH:0
end_of_record
TN:
SF:src/transactions/dto/transaction-analytics.dto.ts
FNF:0
FNH:0
DA:1,0
LF:1
LH:0
BRF:0
BRH:0
end_of_record
TN:
SF:src/transactions/dto/transaction-filter.dto.ts
FN:13,(anonymous_2)
FN:54,(anonymous_3)
FN:60,(anonymous_4)
FNF:3
FNH:0
FNDA:0,(anonymous_2)
FNDA:0,(anonymous_3)
FNDA:0,(anonymous_4)
DA:1,1
DA:10,1
DA:11,1
DA:13,1
DA:16,1
DA:20,1
DA:24,1
DA:28,1
DA:32,1
DA:36,1
DA:40,1
DA:44,1
DA:48,1
DA:54,0
DA:55,1
DA:60,0
DA:61,1
DA:65,1
DA:69,1
LF:19
LH:17
BRF:0
BRH:0
end_of_record
TN:
SF:src/transactions/dto/transaction.dto.ts
FNF:0
FNH:0
DA:3,0
LF:1
LH:0
BRF:0
BRH:0
end_of_record
TN:
SF:src/transactions/dto/update-transaction.dto.ts
FNF:0
FNH:0
DA:1,1
DA:2,1
DA:4,1
LF:3
LH:3
BRF:0
BRH:0
end_of_record
TN:
SF:src/transactions/repositories/transactions.repository.ts
FN:10,(anonymous_2)
FN:12,(anonymous_3)
FN:45,(anonymous_4)
FN:107,(anonymous_5)
FN:124,(anonymous_6)
FN:164,(anonymous_7)
FN:173,(anonymous_8)
FNF:7
FNH:0
FNDA:0,(anonymous_2)
FNDA:0,(anonymous_3)
FNDA:0,(anonymous_4)
FNDA:0,(anonymous_5)
FNDA:0,(anonymous_6)
FNDA:0,(anonymous_7)
FNDA:0,(anonymous_8)
DA:1,1
DA:2,1
DA:3,1
DA:9,1
DA:10,0
DA:16,0
DA:49,0
DA:54,0
DA:55,0
DA:56,0
DA:58,0
DA:59,0
DA:61,0
DA:62,0
DA:65,0
DA:66,0
DA:69,0
DA:70,0
DA:73,0
DA:74,0
DA:77,0
DA:78,0
DA:82,0
DA:83,0
DA:86,0
DA:108,0
DA:129,0
DA:131,0
DA:132,0
DA:135,0
DA:136,0
DA:138,0
DA:139,0
DA:142,0
DA:161,0
DA:165,0
DA:177,0
DA:182,0
DA:183,0
DA:184,0
DA:186,0
DA:187,0
DA:189,0
DA:190,0
DA:193,0
DA:194,0
DA:197,0
DA:198,0
DA:201,0
DA:202,0
DA:206,0
DA:207,0
DA:210,0
LF:53
LH:4
BRDA:23,0,0,0
BRDA:23,0,1,0
BRDA:55,1,0,0
BRDA:58,2,0,0
BRDA:61,3,0,0
BRDA:65,4,0,0
BRDA:69,5,0,0
BRDA:73,6,0,0
BRDA:77,7,0,0
BRDA:82,8,0,0
BRDA:131,9,0,0
BRDA:135,10,0,0
BRDA:138,11,0,0
BRDA:139,12,0,0
BRDA:139,12,1,0
BRDA:175,13,0,0
BRDA:183,14,0,0
BRDA:186,15,0,0
BRDA:189,16,0,0
BRDA:193,17,0,0
BRDA:197,18,0,0
BRDA:201,19,0,0
BRDA:206,20,0,0
BRF:23
BRH:0
end_of_record
TN:
SF:src/users/users.controller.ts
FN:29,(anonymous_4)
FN:32,(anonymous_5)
FN:42,(anonymous_6)
FN:55,(anonymous_7)
FN:71,(anonymous_8)
FN:104,(anonymous_9)
FN:118,(anonymous_10)
FN:145,(anonymous_11)
FN:151,(anonymous_12)
FN:167,(anonymous_13)
FN:175,(anonymous_14)
FN:188,(anonymous_15)
FN:198,(anonymous_16)
FN:205,(anonymous_17)
FN:215,(anonymous_18)
FN:225,(anonymous_19)
FNF:16
FNH:13
FNDA:15,(anonymous_4)
FNDA:2,(anonymous_5)
FNDA:1,(anonymous_6)
FNDA:2,(anonymous_7)
FNDA:1,(anonymous_8)
FNDA:1,(anonymous_9)
FNDA:0,(anonymous_10)
FNDA:1,(anonymous_11)
FNDA:1,(anonymous_12)
FNDA:2,(anonymous_13)
FNDA:0,(anonymous_14)
FNDA:1,(anonymous_15)
FNDA:1,(anonymous_16)
FNDA:1,(anonymous_17)
FNDA:0,(anonymous_18)
FNDA:1,(anonymous_19)
DA:1,1
DA:15,1
DA:16,1
DA:17,1
DA:18,1
DA:20,1
DA:22,1
DA:24,1
DA:28,1
DA:29,15
DA:32,1
DA:33,2
DA:34,2
DA:35,2
DA:36,1
DA:38,1
DA:42,1
DA:46,1
DA:47,1
DA:55,1
DA:56,2
DA:57,2
DA:58,2
DA:59,1
DA:62,1
DA:71,1
DA:75,1
DA:78,1
DA:79,1
DA:85,1
DA:95,0
DA:104,1
DA:105,1
DA:106,1
DA:107,1
DA:108,0
DA:111,1
DA:118,1
DA:122,0
DA:125,0
DA:126,0
DA:132,0
DA:140,0
DA:145,1
DA:146,1
DA:147,1
DA:151,1
DA:155,1
DA:156,1
DA:167,1
DA:170,2
DA:171,2
DA:175,1
DA:179,0
DA:180,0
DA:188,1
DA:189,1
DA:190,1
DA:198,1
DA:199,1
DA:200,1
DA:205,1
DA:206,1
DA:207,1
DA:215,1
DA:219,0
DA:220,0
DA:225,1
DA:226,1
DA:227,1
LF:70
LH:59
BRDA:35,0,0,1
BRDA:58,1,0,1
BRDA:107,2,0,0
BRF:3
BRH:2
end_of_record
TN:
SF:src/users/users.service.ts
FN:14,(anonymous_2)
FN:19,(anonymous_3)
FN:27,(anonymous_4)
FN:35,(anonymous_5)
FN:56,(anonymous_6)
FN:89,(anonymous_7)
FN:130,(anonymous_8)
FN:143,(anonymous_9)
FN:146,(anonymous_10)
FN:157,(anonymous_11)
FN:199,(anonymous_12)
FN:216,(anonymous_13)
FN:248,(anonymous_14)
FN:256,(anonymous_15)
FN:289,(anonymous_16)
FN:293,(anonymous_17)
FN:298,(anonymous_18)
FN:303,(anonymous_19)
FN:308,(anonymous_20)
FN:313,(anonymous_21)
FN:330,(anonymous_22)
FN:337,(anonymous_23)
FN:353,(anonymous_24)
FNF:23
FNH:15
FNDA:22,(anonymous_2)
FNDA:2,(anonymous_3)
FNDA:2,(anonymous_4)
FNDA:3,(anonymous_5)
FNDA:2,(anonymous_6)
FNDA:0,(anonymous_7)
FNDA:2,(anonymous_8)
FNDA:2,(anonymous_9)
FNDA:1,(anonymous_10)
FNDA:2,(anonymous_11)
FNDA:2,(anonymous_12)
FNDA:0,(anonymous_13)
FNDA:1,(anonymous_14)
FNDA:2,(anonymous_15)
FNDA:0,(anonymous_16)
FNDA:0,(anonymous_17)
FNDA:0,(anonymous_18)
FNDA:0,(anonymous_19)
FNDA:0,(anonymous_20)
FNDA:0,(anonymous_21)
FNDA:2,(anonymous_22)
FNDA:1,(anonymous_23)
FNDA:3,(anonymous_24)
DA:1,2
DA:2,2
DA:10,2
DA:13,2
DA:15,22
DA:16,22
DA:20,2
DA:21,2
DA:22,1
DA:24,1
DA:28,2
DA:29,2
DA:30,1
DA:32,1
DA:36,3
DA:37,3
DA:38,1
DA:42,2
DA:43,1
DA:46,1
DA:47,1
DA:51,1
DA:52,1
DA:67,2
DA:68,2
DA:69,1
DA:72,1
DA:103,0
DA:104,0
DA:105,0
DA:108,0
DA:113,0
DA:131,2
DA:132,2
DA:133,1
DA:136,1
DA:145,2
DA:146,2
DA:164,2
DA:165,2
DA:166,2
DA:168,2
DA:169,1
DA:172,1
DA:175,1
DA:184,1
DA:203,2
DA:204,2
DA:205,1
DA:208,1
DA:222,0
DA:223,0
DA:224,0
DA:225,0
DA:226,0
DA:229,0
DA:233,0
DA:240,0
DA:249,1
DA:257,2
DA:258,2
DA:259,1
DA:263,1
DA:278,1
DA:280,1
DA:289,0
DA:293,0
DA:298,0
DA:303,0
DA:308,0
DA:313,0
DA:331,2
DA:332,2
DA:333,1
DA:337,1
DA:339,1
DA:340,1
DA:341,1
DA:342,1
DA:343,1
DA:344,1
DA:345,1
DA:346,1
DA:349,1
DA:354,3
DA:355,3
LF:86
LH:67
BRDA:21,0,0,1
BRDA:29,1,0,1
BRDA:37,2,0,1
BRDA:42,3,0,1
BRDA:42,4,0,2
BRDA:42,4,1,1
BRDA:46,5,0,1
BRDA:68,6,0,1
BRDA:77,7,0,1
BRDA:77,7,1,0
BRDA:78,8,0,1
BRDA:78,8,1,0
BRDA:81,9,0,1
BRDA:81,9,1,0
BRDA:104,10,0,0
BRDA:118,11,0,0
BRDA:118,11,1,0
BRDA:119,12,0,0
BRDA:119,12,1,0
BRDA:122,13,0,0
BRDA:122,13,1,0
BRDA:132,14,0,1
BRDA:168,15,0,1
BRDA:168,16,0,2
BRDA:168,16,1,1
BRDA:204,17,0,1
BRDA:222,18,0,0
BRDA:225,19,0,0
BRDA:258,20,0,1
BRDA:285,21,0,1
BRDA:285,21,1,0
BRDA:286,22,0,1
BRDA:286,22,1,0
BRDA:287,23,0,1
BRDA:287,23,1,0
BRDA:297,24,0,0
BRDA:297,24,1,0
BRDA:311,25,0,0
BRDA:311,25,1,0
BRDA:332,26,0,1
BRDA:357,27,0,3
BRDA:357,27,1,0
BRDA:358,28,0,3
BRDA:358,28,1,0
BRDA:361,29,0,3
BRDA:361,29,1,0
BRF:46
BRH:24
end_of_record
TN:
SF:src/users/dto/create-rollover-entry.dto.ts
FNF:0
FNH:0
DA:1,1
DA:2,1
DA:10,1
DA:12,1
DA:15,1
DA:18,1
DA:21,1
DA:25,1
LF:8
LH:8
BRF:0
BRH:0
end_of_record
TN:
SF:src/users/dto/create-rollover-notification.dto.ts
FN:3,(anonymous_2)
FNF:1
FNH:0
FNDA:0,(anonymous_2)
DA:1,1
DA:3,1
DA:5,1
DA:9,1
DA:13,1
LF:5
LH:5
BRF:0
BRH:0
end_of_record
TN:
SF:src/users/dto/rollover-entry.dto.ts
FNF:0
FNH:0
DA:3,0
LF:1
LH:0
BRF:0
BRH:0
end_of_record
TN:
SF:src/users/dto/rollover-notification.dto.ts
FNF:0
FNH:0
DA:1,0
LF:1
LH:0
BRF:0
BRH:0
end_of_record
TN:
SF:src/users/dto/update-rollover.dto.ts
FNF:0
FNH:0
DA:1,1
DA:3,1
DA:7,1
DA:11,1
LF:4
LH:4
BRF:0
BRH:0
end_of_record
TN:
SF:src/users/dto/update-user-profile.dto.ts
FNF:0
FNH:0
DA:1,2
DA:11,2
DA:13,2
DA:18,2
DA:23,2
DA:28,2
DA:33,2
DA:37,2
DA:43,2
DA:47,2
DA:51,2
DA:56,2
DA:60,2
DA:64,2
DA:69,2
DA:73,2
DA:77,2
DA:83,2
DA:87,2
LF:19
LH:19
BRF:0
BRH:0
end_of_record
TN:
SF:src/users/dto/update-user.dto.ts
FNF:0
FNH:0
DA:1,1
DA:13,1
DA:15,1
DA:19,1
DA:24,1
DA:29,1
DA:34,1
DA:38,1
DA:42,1
DA:51,1
DA:55,1
DA:59,1
DA:64,1
DA:68,1
DA:72,1
DA:80,1
DA:84,1
DA:88,1
LF:18
LH:18
BRF:0
BRH:0
end_of_record
TN:
SF:src/users/dto/user.dto.ts
FNF:0
FNH:0
DA:4,0
LF:1
LH:0
BRF:0
BRH:0
end_of_record
TN:
SF:src/users/repositories/users.repository.ts
FN:16,(anonymous_2)
FN:20,(anonymous_3)
FN:31,(anonymous_4)
FN:41,(anonymous_5)
FN:51,(anonymous_6)
FN:63,(anonymous_7)
FN:76,(anonymous_8)
FN:88,(anonymous_9)
FN:99,(anonymous_10)
FN:115,(anonymous_11)
FN:126,(anonymous_12)
FN:147,(anonymous_13)
FN:162,(anonymous_14)
FN:194,(anonymous_15)
FNF:14
FNH:0
FNDA:0,(anonymous_2)
FNDA:0,(anonymous_3)
FNDA:0,(anonymous_4)
FNDA:0,(anonymous_5)
FNDA:0,(anonymous_6)
FNDA:0,(anonymous_7)
FNDA:0,(anonymous_8)
FNDA:0,(anonymous_9)
FNDA:0,(anonymous_10)
FNDA:0,(anonymous_11)
FNDA:0,(anonymous_12)
FNDA:0,(anonymous_13)
FNDA:0,(anonymous_14)
FNDA:0,(anonymous_15)
DA:1,5
DA:8,5
DA:9,5
DA:15,5
DA:17,0
DA:21,0
DA:22,0
DA:25,0
DA:27,0
DA:32,0
DA:33,0
DA:37,0
DA:42,0
DA:43,0
DA:47,0
DA:52,0
DA:53,0
DA:54,0
DA:58,0
DA:59,0
DA:64,0
DA:65,0
DA:70,0
DA:71,0
DA:77,0
DA:78,0
DA:83,0
DA:84,0
DA:89,0
DA:90,0
DA:95,0
DA:100,0
DA:101,0
DA:106,0
DA:107,0
DA:116,0
DA:117,0
DA:122,0
DA:134,0
DA:135,0
DA:139,0
DA:150,0
DA:151,0
DA:158,0
DA:168,0
DA:170,0
DA:181,0
DA:190,0
DA:195,0
DA:196,0
DA:206,0
LF:51
LH:4
BRDA:185,0,0,0
BRDA:185,0,1,0
BRDA:186,1,0,0
BRDA:186,1,1,0
BRF:4
BRH:0
end_of_record
